#
# There is insufficient memory for the Java Runtime Environment to continue.
# Native memory allocation (malloc) failed to allocate 1095616 bytes for Chunk::new
# Possible reasons:
#   The system is out of physical RAM or swap space
#   In 32 bit mode, the process size limit was hit
# Possible solutions:
#   Reduce memory load on the system
#   Increase physical memory or swap space
#   Check if swap backing store is full
#   Use 64 bit Java on a 64 bit OS
#   Decrease Java heap size (-Xmx/-Xms)
#   Decrease number of Java threads
#   Decrease Java thread stack sizes (-Xss)
#   Set larger code cache with -XX:ReservedCodeCacheSize=
# This output file may be truncated or incomplete.
#
#  Out of Memory Error (allocation.cpp:390), pid=3848, tid=12100
#
# JRE version: Java(TM) SE Runtime Environment (8.0_51-b16) (build 1.8.0_51-b16)
# Java VM: Java HotSpot(TM) 64-Bit Server VM (25.51-b03 mixed mode windows-amd64 compressed oops)
# Failed to write core dump. Minidumps are not enabled by default on client versions of Windows
#

---------------  T H R E A D  ---------------

Current thread (0x000000001891c800):  JavaThread "C2 CompilerThread0" daemon [_thread_in_native, id=12100, stack(0x00000000190d0000,0x00000000191d0000)]

Stack: [0x00000000190d0000,0x00000000191d0000]
Native frames: (J=compiled Java code, j=interpreted, Vv=VM code, C=native code)
V  [jvm.dll+0x32b4ca]
V  [jvm.dll+0x2797e3]
V  [jvm.dll+0x27a479]
V  [jvm.dll+0x271765]
V  [jvm.dll+0xcba02]
V  [jvm.dll+0xcbecc]
V  [jvm.dll+0x476f72]
V  [jvm.dll+0x4b95ff]
V  [jvm.dll+0x46c011]
V  [jvm.dll+0x46cd4e]
V  [jvm.dll+0x4501a2]
V  [jvm.dll+0xa43a2]
V  [jvm.dll+0xa4cdf]
V  [jvm.dll+0x2418a4]
V  [jvm.dll+0x29846a]
C  [msvcr100.dll+0x21d9f]
C  [msvcr100.dll+0x21e3b]
C  [kernel32.dll+0x159cd]
C  [ntdll.dll+0x2a561]


Current CompileTask:
C2:   9739 4871   !   4       org.apache.xerces.impl.xs.traversers.XSAttributeChecker::checkAttributes (947 bytes)


---------------  P R O C E S S  ---------------

Java Threads: ( => current thread )
  0x00000000189b0800 JavaThread "Service Thread" daemon [_thread_blocked, id=12004, stack(0x0000000019410000,0x0000000019510000)]
  0x000000001893b800 JavaThread "C1 CompilerThread2" daemon [_thread_blocked, id=12188, stack(0x0000000019520000,0x0000000019620000)]
  0x0000000018930800 JavaThread "C2 CompilerThread1" daemon [_thread_in_native, id=6016, stack(0x00000000192f0000,0x00000000193f0000)]
=>0x000000001891c800 JavaThread "C2 CompilerThread0" daemon [_thread_in_native, id=12100, stack(0x00000000190d0000,0x00000000191d0000)]
  0x000000001891a800 JavaThread "Attach Listener" daemon [_thread_blocked, id=8104, stack(0x0000000018db0000,0x0000000018eb0000)]
  0x000000001742e800 JavaThread "Signal Dispatcher" daemon [_thread_blocked, id=12220, stack(0x0000000018ef0000,0x0000000018ff0000)]
  0x00000000173d2000 JavaThread "Finalizer" daemon [_thread_blocked, id=10208, stack(0x0000000018810000,0x0000000018910000)]
  0x00000000173cb000 JavaThread "Reference Handler" daemon [_thread_blocked, id=9128, stack(0x0000000018650000,0x0000000018750000)]
  0x000000000238f800 JavaThread "main" [_thread_in_native, id=10748, stack(0x0000000002500000,0x0000000002600000)]

Other Threads:
  0x00000000173c5800 VMThread [stack: 0x00000000184a0000,0x00000000185a0000] [id=11280]
  0x00000000189bb800 WatcherThread [stack: 0x0000000019750000,0x0000000019850000] [id=10372]

VM state:not at safepoint (normal execution)

VM Mutex/Monitor currently owned by a thread: None

Heap:
 PSYoungGen      total 265216K, used 117358K [0x00000000d6c00000, 0x00000000e7d00000, 0x0000000100000000)
  eden space 252416K, 46% used [0x00000000d6c00000,0x00000000dde9bb38,0x00000000e6280000)
  from space 12800K, 0% used [0x00000000e6280000,0x00000000e6280000,0x00000000e6f00000)
  to   space 11264K, 0% used [0x00000000e6f00000,0x00000000e6f00000,0x00000000e7a00000)
 ParOldGen       total 74240K, used 22654K [0x0000000084400000, 0x0000000088c80000, 0x00000000d6c00000)
  object space 74240K, 30% used [0x0000000084400000,0x0000000085a1fa40,0x0000000088c80000)
 Metaspace       used 29950K, capacity 30580K, committed 30848K, reserved 1075200K
  class space    used 3846K, capacity 4153K, committed 4224K, reserved 1048576K

Card table byte_map: [0x0000000011c90000,0x0000000012070000] byte_map_base: 0x000000001186e000

Marking Bits: (ParMarkBitMap*) 0x00000000551c4040
 Begin Bits: [0x0000000012870000, 0x0000000014760000)
 End Bits:   [0x0000000014760000, 0x0000000016650000)

Polling page: 0x0000000000340000

CodeCache: size=245760Kb used=15895Kb max_used=15895Kb free=229864Kb
 bounds [0x00000000028d0000, 0x0000000003860000, 0x00000000118d0000]
 total_blobs=5097 nmethods=4681 adapters=328
 compilation: enabled

Compilation events (10 events):
Event: 9.674 Thread 0x000000001893b800 4887       1       org.jbpm.process.core.context.variable.Variable::getType (5 bytes)
Event: 9.675 Thread 0x000000001893b800 nmethod 4887 0x0000000003845950 code [0x0000000003845aa0, 0x0000000003845bb0]
Event: 9.676 Thread 0x000000001893b800 4891       2       org.apache.xerces.impl.XMLErrorReporter::putMessageFormatter (11 bytes)
Event: 9.676 Thread 0x000000001893b800 nmethod 4891 0x00000000038513d0 code [0x0000000003851540, 0x00000000038516c8]
Event: 9.676 Thread 0x000000001893b800 4892       1       org.apache.xerces.impl.dtd.XMLDTDValidator::setFeature (1 bytes)
Event: 9.676 Thread 0x000000001893b800 nmethod 4892 0x0000000003851110 code [0x0000000003851260, 0x0000000003851370]
Event: 9.682 Thread 0x0000000018930800 nmethod 4882 0x0000000003859d10 code [0x0000000003859ee0, 0x000000000385b008]
Event: 9.682 Thread 0x0000000018930800 4883       4       org.apache.xerces.impl.XMLNamespaceBinder::handleStartElement (827 bytes)
Event: 9.692 Thread 0x000000001893b800 4893       2       java.lang.Throwable::<init> (29 bytes)
Event: 9.693 Thread 0x000000001893b800 nmethod 4893 0x0000000003850d50 code [0x0000000003850ec0, 0x0000000003851088]

GC Heap History (10 events):
Event: 3.416 GC heap before
{Heap before GC invocations=4 (full 0):
 PSYoungGen      total 68608K, used 68590K [0x00000000d6c00000, 0x00000000df200000, 0x0000000100000000)
  eden space 63488K, 100% used [0x00000000d6c00000,0x00000000daa00000,0x00000000daa00000)
  from space 5120K, 99% used [0x00000000daa00000,0x00000000daefb948,0x00000000daf00000)
  to   space 5120K, 0% used [0x00000000ded00000,0x00000000ded00000,0x00000000df200000)
 ParOldGen       total 84992K, used 3183K [0x0000000084400000, 0x0000000089700000, 0x00000000d6c00000)
  object space 84992K, 3% used [0x0000000084400000,0x000000008471bfd0,0x0000000089700000)
 Metaspace       used 16613K, capacity 16750K, committed 17152K, reserved 1064960K
  class space    used 2133K, capacity 2180K, committed 2304K, reserved 1048576K
Event: 3.446 GC heap after
Heap after GC invocations=4 (full 0):
 PSYoungGen      total 132096K, used 5099K [0x00000000d6c00000, 0x00000000df200000, 0x0000000100000000)
  eden space 126976K, 0% used [0x00000000d6c00000,0x00000000d6c00000,0x00000000de800000)
  from space 5120K, 99% used [0x00000000ded00000,0x00000000df1fae58,0x00000000df200000)
  to   space 5120K, 0% used [0x00000000de800000,0x00000000de800000,0x00000000ded00000)
 ParOldGen       total 84992K, used 5777K [0x0000000084400000, 0x0000000089700000, 0x00000000d6c00000)
  object space 84992K, 6% used [0x0000000084400000,0x00000000849a4688,0x0000000089700000)
 Metaspace       used 16613K, capacity 16750K, committed 17152K, reserved 1064960K
  class space    used 2133K, capacity 2180K, committed 2304K, reserved 1048576K
}
Event: 4.392 GC heap before
{Heap before GC invocations=5 (full 0):
 PSYoungGen      total 132096K, used 132075K [0x00000000d6c00000, 0x00000000df200000, 0x0000000100000000)
  eden space 126976K, 100% used [0x00000000d6c00000,0x00000000de800000,0x00000000de800000)
  from space 5120K, 99% used [0x00000000ded00000,0x00000000df1fae58,0x00000000df200000)
  to   space 5120K, 0% used [0x00000000de800000,0x00000000de800000,0x00000000ded00000)
 ParOldGen       total 84992K, used 5777K [0x0000000084400000, 0x0000000089700000, 0x00000000d6c00000)
  object space 84992K, 6% used [0x0000000084400000,0x00000000849a4688,0x0000000089700000)
 Metaspace       used 16856K, capacity 17018K, committed 17408K, reserved 1064960K
  class space    used 2136K, capacity 2182K, committed 2304K, reserved 1048576K
Event: 4.426 GC heap after
Heap after GC invocations=5 (full 0):
 PSYoungGen      total 132096K, used 5115K [0x00000000d6c00000, 0x00000000e7a00000, 0x0000000100000000)
  eden space 126976K, 0% used [0x00000000d6c00000,0x00000000d6c00000,0x00000000de800000)
  from space 5120K, 99% used [0x00000000de800000,0x00000000decfee68,0x00000000ded00000)
  to   space 11264K, 0% used [0x00000000e6f00000,0x00000000e6f00000,0x00000000e7a00000)
 ParOldGen       total 84992K, used 11097K [0x0000000084400000, 0x0000000089700000, 0x00000000d6c00000)
  object space 84992K, 13% used [0x0000000084400000,0x0000000084ed64d8,0x0000000089700000)
 Metaspace       used 16856K, capacity 17018K, committed 17408K, reserved 1064960K
  class space    used 2136K, capacity 2182K, committed 2304K, reserved 1048576K
}
Event: 5.660 GC heap before
{Heap before GC invocations=6 (full 0):
 PSYoungGen      total 132096K, used 132091K [0x00000000d6c00000, 0x00000000e7a00000, 0x0000000100000000)
  eden space 126976K, 100% used [0x00000000d6c00000,0x00000000de800000,0x00000000de800000)
  from space 5120K, 99% used [0x00000000de800000,0x00000000decfee68,0x00000000ded00000)
  to   space 11264K, 0% used [0x00000000e6f00000,0x00000000e6f00000,0x00000000e7a00000)
 ParOldGen       total 84992K, used 11097K [0x0000000084400000, 0x0000000089700000, 0x00000000d6c00000)
  object space 84992K, 13% used [0x0000000084400000,0x0000000084ed64d8,0x0000000089700000)
 Metaspace       used 17217K, capacity 17414K, committed 17664K, reserved 1064960K
  class space    used 2137K, capacity 2184K, committed 2304K, reserved 1048576K
Event: 5.707 GC heap after
Heap after GC invocations=6 (full 0):
 PSYoungGen      total 263680K, used 10395K [0x00000000d6c00000, 0x00000000e7d00000, 0x0000000100000000)
  eden space 252416K, 0% used [0x00000000d6c00000,0x00000000d6c00000,0x00000000e6280000)
  from space 11264K, 92% used [0x00000000e6f00000,0x00000000e7926e48,0x00000000e7a00000)
  to   space 12800K, 0% used [0x00000000e6280000,0x00000000e6280000,0x00000000e6f00000)
 ParOldGen       total 84992K, used 11097K [0x0000000084400000, 0x0000000089700000, 0x00000000d6c00000)
  object space 84992K, 13% used [0x0000000084400000,0x0000000084ed64d8,0x0000000089700000)
 Metaspace       used 17217K, capacity 17414K, committed 17664K, reserved 1064960K
  class space    used 2137K, capacity 2184K, committed 2304K, reserved 1048576K
}
Event: 6.800 GC heap before
{Heap before GC invocations=7 (full 0):
 PSYoungGen      total 263680K, used 91067K [0x00000000d6c00000, 0x00000000e7d00000, 0x0000000100000000)
  eden space 252416K, 31% used [0x00000000d6c00000,0x00000000dbac7f00,0x00000000e6280000)
  from space 11264K, 92% used [0x00000000e6f00000,0x00000000e7926e48,0x00000000e7a00000)
  to   space 12800K, 0% used [0x00000000e6280000,0x00000000e6280000,0x00000000e6f00000)
 ParOldGen       total 84992K, used 11097K [0x0000000084400000, 0x0000000089700000, 0x00000000d6c00000)
  object space 84992K, 13% used [0x0000000084400000,0x0000000084ed64d8,0x0000000089700000)
 Metaspace       used 20919K, capacity 21108K, committed 21248K, reserved 1067008K
  class space    used 2678K, capacity 2730K, committed 2816K, reserved 1048576K
Event: 6.827 GC heap after
Heap after GC invocations=7 (full 0):
 PSYoungGen      total 265216K, used 12783K [0x00000000d6c00000, 0x00000000e7d00000, 0x0000000100000000)
  eden space 252416K, 0% used [0x00000000d6c00000,0x00000000d6c00000,0x00000000e6280000)
  from space 12800K, 99% used [0x00000000e6280000,0x00000000e6efbde0,0x00000000e6f00000)
  to   space 11264K, 0% used [0x00000000e6f00000,0x00000000e6f00000,0x00000000e7a00000)
 ParOldGen       total 84992K, used 14860K [0x0000000084400000, 0x0000000089700000, 0x00000000d6c00000)
  object space 84992K, 17% used [0x0000000084400000,0x00000000852833b0,0x0000000089700000)
 Metaspace       used 20919K, capacity 21108K, committed 21248K, reserved 1067008K
  class space    used 2678K, capacity 2730K, committed 2816K, reserved 1048576K
}
Event: 6.827 GC heap before
{Heap before GC invocations=8 (full 1):
 PSYoungGen      total 265216K, used 12783K [0x00000000d6c00000, 0x00000000e7d00000, 0x0000000100000000)
  eden space 252416K, 0% used [0x00000000d6c00000,0x00000000d6c00000,0x00000000e6280000)
  from space 12800K, 99% used [0x00000000e6280000,0x00000000e6efbde0,0x00000000e6f00000)
  to   space 11264K, 0% used [0x00000000e6f00000,0x00000000e6f00000,0x00000000e7a00000)
 ParOldGen       total 84992K, used 14860K [0x0000000084400000, 0x0000000089700000, 0x00000000d6c00000)
  object space 84992K, 17% used [0x0000000084400000,0x00000000852833b0,0x0000000089700000)
 Metaspace       used 20919K, capacity 21108K, committed 21248K, reserved 1067008K
  class space    used 2678K, capacity 2730K, committed 2816K, reserved 1048576K
Event: 6.959 GC heap after
Heap after GC invocations=8 (full 1):
 PSYoungGen      total 265216K, used 0K [0x00000000d6c00000, 0x00000000e7d00000, 0x0000000100000000)
  eden space 252416K, 0% used [0x00000000d6c00000,0x00000000d6c00000,0x00000000e6280000)
  from space 12800K, 0% used [0x00000000e6280000,0x00000000e6280000,0x00000000e6f00000)
  to   space 11264K, 0% used [0x00000000e6f00000,0x00000000e6f00000,0x00000000e7a00000)
 ParOldGen       total 74240K, used 22654K [0x0000000084400000, 0x0000000088c80000, 0x00000000d6c00000)
  object space 74240K, 30% used [0x0000000084400000,0x0000000085a1fa40,0x0000000088c80000)
 Metaspace       used 20919K, capacity 21108K, committed 21248K, reserved 1067008K
  class space    used 2678K, capacity 2730K, committed 2816K, reserved 1048576K
}

Deoptimization events (10 events):
Event: 7.960 Thread 0x000000000238f800 Uncommon trap: reason=class_check action=maybe_recompile pc=0x0000000002f74fa4 method=java.util.Hashtable.put(Ljava/lang/Object;Ljava/lang/Object;)Ljava/lang/Object; @ 18
Event: 7.977 Thread 0x000000000238f800 Uncommon trap: reason=class_check action=maybe_recompile pc=0x0000000002f74fa4 method=java.util.Hashtable.put(Ljava/lang/Object;Ljava/lang/Object;)Ljava/lang/Object; @ 18
Event: 7.982 Thread 0x000000000238f800 Uncommon trap: reason=class_check action=maybe_recompile pc=0x0000000002f74fa4 method=java.util.Hashtable.put(Ljava/lang/Object;Ljava/lang/Object;)Ljava/lang/Object; @ 18
Event: 7.982 Thread 0x000000000238f800 Uncommon trap: reason=class_check action=maybe_recompile pc=0x0000000002f74fa4 method=java.util.Hashtable.put(Ljava/lang/Object;Ljava/lang/Object;)Ljava/lang/Object; @ 18
Event: 8.052 Thread 0x000000000238f800 Uncommon trap: reason=unstable_if action=reinterpret pc=0x0000000002f8f080 method=java.util.Hashtable$Enumerator.nextElement()Ljava/lang/Object; @ 87
Event: 8.209 Thread 0x000000000238f800 Uncommon trap: reason=unstable_if action=reinterpret pc=0x0000000002fe2938 method=java.util.regex.Pattern.range(Ljava/util/regex/Pattern$BitClass;)Ljava/util/regex/Pattern$CharProperty; @ 19
Event: 8.211 Thread 0x000000000238f800 Uncommon trap: reason=unstable_if action=reinterpret pc=0x000000000302acbc method=java.util.regex.Pattern.range(Ljava/util/regex/Pattern$BitClass;)Ljava/util/regex/Pattern$CharProperty; @ 19
Event: 8.211 Thread 0x000000000238f800 Uncommon trap: reason=bimorphic action=maybe_recompile pc=0x0000000003236dd8 method=java.util.regex.Pattern$CharProperty.study(Ljava/util/regex/Pattern$TreeInfo;)Z @ 25
Event: 8.336 Thread 0x000000000238f800 Uncommon trap: reason=bimorphic action=maybe_recompile pc=0x0000000003236dd8 method=java.util.regex.Pattern$CharProperty.study(Ljava/util/regex/Pattern$TreeInfo;)Z @ 25
Event: 9.138 Thread 0x000000000238f800 Uncommon trap: reason=unstable_if action=reinterpret pc=0x00000000035059bc method=java.util.WeakHashMap.remove(Ljava/lang/Object;)Ljava/lang/Object; @ 94

Internal exceptions (10 events):
Event: 9.648 Thread 0x000000000238f800 Exception <a 'java/io/FileNotFoundException'> (0x00000000dd8c04f8) thrown at [C:\re\workspace\8-2-build-windows-amd64-cygwin\jdk8u51\3951\hotspot\src\share\vm\prims\jni.cpp, line 709]
Event: 9.650 Thread 0x000000000238f800 Exception <a 'java/io/FileNotFoundException'> (0x00000000dd8cc960) thrown at [C:\re\workspace\8-2-build-windows-amd64-cygwin\jdk8u51\3951\hotspot\src\share\vm\prims\jni.cpp, line 709]
Event: 9.652 Thread 0x000000000238f800 Exception <a 'java/io/FileNotFoundException'> (0x00000000dd8dc690) thrown at [C:\re\workspace\8-2-build-windows-amd64-cygwin\jdk8u51\3951\hotspot\src\share\vm\prims\jni.cpp, line 709]
Event: 9.655 Thread 0x000000000238f800 Exception <a 'java/io/FileNotFoundException'> (0x00000000dd91a098) thrown at [C:\re\workspace\8-2-build-windows-amd64-cygwin\jdk8u51\3951\hotspot\src\share\vm\prims\jni.cpp, line 709]
Event: 9.678 Thread 0x000000000238f800 Exception <a 'java/io/FileNotFoundException'> (0x00000000dda2ed88) thrown at [C:\re\workspace\8-2-build-windows-amd64-cygwin\jdk8u51\3951\hotspot\src\share\vm\prims\jni.cpp, line 709]
Event: 9.680 Thread 0x000000000238f800 Exception <a 'java/io/FileNotFoundException'> (0x00000000dda45d78) thrown at [C:\re\workspace\8-2-build-windows-amd64-cygwin\jdk8u51\3951\hotspot\src\share\vm\prims\jni.cpp, line 709]
Event: 9.682 Thread 0x000000000238f800 Exception <a 'java/io/FileNotFoundException'> (0x00000000dda56e00) thrown at [C:\re\workspace\8-2-build-windows-amd64-cygwin\jdk8u51\3951\hotspot\src\share\vm\prims\jni.cpp, line 709]
Event: 9.684 Thread 0x000000000238f800 Exception <a 'java/io/FileNotFoundException'> (0x00000000dda63268) thrown at [C:\re\workspace\8-2-build-windows-amd64-cygwin\jdk8u51\3951\hotspot\src\share\vm\prims\jni.cpp, line 709]
Event: 9.686 Thread 0x000000000238f800 Exception <a 'java/io/FileNotFoundException'> (0x00000000dda72f98) thrown at [C:\re\workspace\8-2-build-windows-amd64-cygwin\jdk8u51\3951\hotspot\src\share\vm\prims\jni.cpp, line 709]
Event: 9.690 Thread 0x000000000238f800 Exception <a 'java/io/FileNotFoundException'> (0x00000000ddab14f0) thrown at [C:\re\workspace\8-2-build-windows-amd64-cygwin\jdk8u51\3951\hotspot\src\share\vm\prims\jni.cpp, line 709]

Events (10 events):
Event: 9.113 loading class org/kie/internal/builder/conf/EvaluatorOption done
Event: 9.114 loading class org/kie/internal/builder/ResultSeverity
Event: 9.114 loading class org/kie/internal/builder/ResultSeverity done
Event: 9.138 Thread 0x000000000238f800 Uncommon trap: trap_request=0xffffff65 fr.pc=0x00000000035059bc
Event: 9.138 Executing VM operation: RevokeBias
Event: 9.138 Executing VM operation: RevokeBias done
Event: 9.138 Thread 0x000000000238f800 DEOPT PACKING pc=0x00000000035059bc sp=0x00000000025fdc40
Event: 9.138 Thread 0x000000000238f800 DEOPT UNPACKING pc=0x000000000291582a sp=0x00000000025fdb68 mode 2
Event: 9.375 Thread 0x000000000238f800 DEOPT PACKING pc=0x0000000003661760 sp=0x00000000025fd9b0
Event: 9.375 Thread 0x000000000238f800 DEOPT UNPACKING pc=0x000000000291787f sp=0x00000000025fd868 mode 0


Dynamic libraries:
0x000000013f4d0000 - 0x000000013f507000 	C:\Program Files\Java\jre1.8.0_51\bin\javaw.exe
0x00000000779c0000 - 0x0000000077b6a000 	C:\WINDOWS\SYSTEM32\ntdll.dll
0x00000000778a0000 - 0x00000000779bf000 	C:\WINDOWS\system32\kernel32.dll
0x000007fefd970000 - 0x000007fefd9da000 	C:\WINDOWS\system32\KERNELBASE.dll
0x000007feffb70000 - 0x000007feffc4b000 	C:\WINDOWS\system32\ADVAPI32.dll
0x000007fefed40000 - 0x000007fefeddf000 	C:\WINDOWS\system32\msvcrt.dll
0x000007fefeef0000 - 0x000007fefef0f000 	C:\WINDOWS\SYSTEM32\sechost.dll
0x000007fefeb10000 - 0x000007fefec3d000 	C:\WINDOWS\system32\RPCRT4.dll
0x00000000777a0000 - 0x000000007789a000 	C:\WINDOWS\system32\USER32.dll
0x000007fefecc0000 - 0x000007fefed27000 	C:\WINDOWS\system32\GDI32.dll
0x000007fefec90000 - 0x000007fefec9e000 	C:\WINDOWS\system32\LPK.dll
0x000007feff320000 - 0x000007feff3ea000 	C:\WINDOWS\system32\USP10.dll
0x000007fefbac0000 - 0x000007fefbcb4000 	C:\WINDOWS\WinSxS\amd64_microsoft.windows.common-controls_6595b64144ccf1df_6.0.7601.18837_none_fa3b1e3d17594757\COMCTL32.dll
0x000007feff2a0000 - 0x000007feff311000 	C:\WINDOWS\system32\SHLWAPI.dll
0x000007fefdad0000 - 0x000007fefdafe000 	C:\WINDOWS\system32\IMM32.DLL
0x000007fefede0000 - 0x000007fefeee9000 	C:\WINDOWS\system32\MSCTF.dll
0x0000000074fe0000 - 0x0000000075019000 	C:\PROGRA~2\Sophos\SOPHOS~1\SOPHOS~2.DLL
0x0000000077b90000 - 0x0000000077b97000 	C:\WINDOWS\system32\PSAPI.DLL
0x0000000056060000 - 0x0000000056132000 	C:\Program Files\Java\jre1.8.0_51\bin\msvcr100.dll
0x00000000549c0000 - 0x0000000055243000 	C:\Program Files\Java\jre1.8.0_51\bin\server\jvm.dll
0x000007fef8c20000 - 0x000007fef8c29000 	C:\WINDOWS\system32\WSOCK32.dll
0x000007fefec40000 - 0x000007fefec8d000 	C:\WINDOWS\system32\WS2_32.dll
0x000007fefed30000 - 0x000007fefed38000 	C:\WINDOWS\system32\NSI.dll
0x000007fefb3c0000 - 0x000007fefb3fb000 	C:\WINDOWS\system32\WINMM.dll
0x000007fefc7e0000 - 0x000007fefc7ec000 	C:\WINDOWS\system32\VERSION.dll
0x0000000073330000 - 0x000000007333f000 	C:\Program Files\Java\jre1.8.0_51\bin\verify.dll
0x000000006e350000 - 0x000000006e379000 	C:\Program Files\Java\jre1.8.0_51\bin\java.dll
0x0000000073310000 - 0x0000000073326000 	C:\Program Files\Java\jre1.8.0_51\bin\zip.dll
0x000007fefdb00000 - 0x000007fefe88a000 	C:\WINDOWS\system32\SHELL32.dll
0x000007feff0a0000 - 0x000007feff29c000 	C:\WINDOWS\system32\ole32.dll
0x000007fefd6c0000 - 0x000007fefd6cf000 	C:\WINDOWS\system32\profapi.dll
0x000007fefd4f0000 - 0x000007fefd547000 	C:\WINDOWS\system32\apphelp.dll
0x0000000070080000 - 0x000000007009a000 	C:\Program Files\Java\jre1.8.0_51\bin\net.dll
0x000007fefc7f0000 - 0x000007fefc820000 	C:\ProgramData\Sophos\Web Intelligence\swi_ifslsp_64.dll
0x000007fefce30000 - 0x000007fefce85000 	C:\WINDOWS\system32\mswsock.dll
0x000007fefcec0000 - 0x000007fefcec7000 	C:\WINDOWS\System32\wship6.dll
0x000000006e2e0000 - 0x000000006e2f1000 	C:\Program Files\Java\jre1.8.0_51\bin\nio.dll
0x000007feec620000 - 0x000007feec745000 	C:\WINDOWS\system32\dbghelp.dll

VM Arguments:
jvm_args: -Dfile.encoding=UTF-8 
java_command: cobweb.test.Local_GeoServerProcessTest
java_class_path (initial): C:\jbpm-installer\workspace\workflow-at\jbpm-WPS-client\target\classes;C:\jbpm-installer\eclipse\plugins\org.junit_4.11.0.v201303080030\junit.jar;C:\jbpm-installer\eclipse\plugins\org.hamcrest.core_1.3.0.v201303031735.jar;C:\jbpm-installer\workspace\geonetwork-manager\target\classes;C:\jbpm-installer\workspace\geonetwork-manager\target\test-classes;C:\Users\ezzjfr\.m2\repository\commons-io\commons-io\2.4\commons-io-2.4.jar;C:\Users\ezzjfr\.m2\repository\commons-httpclient\commons-httpclient\3.1\commons-httpclient-3.1.jar;C:\Users\ezzjfr\.m2\repository\commons-logging\commons-logging\1.0.4\commons-logging-1.0.4.jar;C:\Users\ezzjfr\.m2\repository\commons-codec\commons-codec\1.2\commons-codec-1.2.jar;C:\Users\ezzjfr\.m2\repository\org\jdom\jdom\1.1.3\jdom-1.1.3.jar;C:\Users\ezzjfr\.m2\repository\log4j\log4j\1.2.17\log4j-1.2.17.jar;C:\Users\ezzjfr\.m2\repository\junit\junit\4.8.2\junit-4.8.2.jar;C:\Users\ezzjfr\.m2\repository\org\springframework\spring-core\2.5.6.SEC02\spring-core-2.5.6.SEC02.jar;C:\Users\ezzjfr\.m2\repository\org\jbpm\jbpm-flow\6.1.0.Final\jbpm-flow-6.1.0.Final.jar;C:\Users\ezzjfr\.m2\repository\org\kie\kie-api\6.1.0.Final\kie-api-6.1.0.Final.jar;C:\Users\ezzjfr\.m2\repository\org\drools\drools-core\6.1.0.Final\drools-core-6.1.0.Final.jar;C:\Users\ezzjfr\.m2\repository\org\kie\kie-internal\6.1.0.Final\kie-internal-6.1.0.Final.jar;C:\Users\ezzjfr\.m2\repository\com\google\protobuf\protobuf-java\2.5.0\protobuf-java-2.5.0.jar;C:\Users\ezzjfr\.m2\repository\joda-time\joda-time\1.6.2\joda-time-1.6.2.jar;C:\Users\ezzjfr\.m2\repository\org\jbpm\jbpm-test\6.1.0.Final\jbpm-test-6.1.0.Final.jar;C:\Users\ezzjfr\.m2\repository\org\jbpm\jbpm-audit\6.1.0.Final\jbpm-audit-6.1.0.Final.jar;C:\Users\ezzjfr\.m2\repository\org\jbpm\jbpm-human-task-workitems\6.1.0.Final\jbpm-human-task-workitems-6.1.0.Final.jar;C:\Users\ezzjfr\.m2\repository\org\jbpm\jbpm-shared-services\6.1.0.Final\jbpm-shared-services-6.1.0.Final.jar;C:\Users\ezzjfr\.m2\repos
Launcher Type: SUN_STANDARD

Environment Variables:
JAVA_HOME=C:\Program Files\Java\jdk1.8.0_25
JRE_HOME=C:\Program Files\Java\jre1.8.0_51
PATH=C:/Program Files/Java/jre1.8.0_51/bin/server;C:/Program Files/Java/jre1.8.0_51/bin;C:/Program Files/Java/jre1.8.0_51/lib/amd64;C:\gradle-2.10\bin;C:\Program Files\Common Files\Microsoft Shared\Windows Live;C:\Program Files (x86)\Common Files\Microsoft Shared\Windows Live;C:\Python27\;C:\Python27\Scripts;C:\ProgramData\Oracle\Java\javapath;C:\WINDOWS\system32;C:\WINDOWS;C:\WINDOWS\System32\Wbem;C:\WINDOWS\System32\WindowsPowerShell\v1.0\;C:\WINDOWS\System32\WindowsPowerShell\v1.0\;C:\Program Files (x86)\Enterprise Vault\EVClient\x64\;C:\Program Files\MATLAB\R2014a\bin;C:\osm2pgsql\x64;C:\apache-ant-1.9.4\bin;C:\Program Files\Java\jdk1.8.0_25\bin;C:\Python25;C:\Program Files (x86)\Windows Live\Shared;C:\Program Files\Microsoft\Web Platform Installer\;C:\Program Files (x86)\Git\bin;C:\Program Files\nodejs\;C:\Program Files\Intel\WiFi\bin\;C:\Program Files\Common Files\Intel\WirelessCommon\;C:\Program Files (x86)\Pandoc\;C:\Program Files\FME\;C:\Program Files\PostgreSQL\9.6\bin;C:\Program Files\PostgreSQL\9.6\lib;C:\Program Files (x86)\Skype\Phone\;C:\Program Files (x86)\MiKTeX 2.9\miktex\bin\;C:\Program Files\PuTTY\;C:\Ruby22\bin;C:\Users\ezzjfr\AppData\Local\Continuum\Anaconda2;C:\Users\ezzjfr\AppData\Local\Continuum\Anaconda2\Scripts;C:\Users\ezzjfr\AppData\Local\Continuum\Anaconda2\Library\bin;C:\Users\ezzjfr\AppData\Roaming\npm;C:\Program Files\Intel\WiFi\bin\;C:\Program Files\Common Files\Intel\WirelessCommon\;C:\jbpm-installer;
USERNAME=ezzjfr
OS=Windows_NT
PROCESSOR_IDENTIFIER=Intel64 Family 6 Model 60 Stepping 3, GenuineIntel



---------------  S Y S T E M  ---------------

OS: Windows 7 , 64 bit Build 7601 (6.1.7601.23714)

CPU:total 4 (2 cores per cpu, 2 threads per core) family 6 model 60 stepping 3, cmov, cx8, fxsr, mmx, sse, sse2, sse3, ssse3, sse4.1, sse4.2, popcnt, avx, avx2, clmul, erms, lzcnt, ht, tsc, tscinvbit, bmi1, bmi2

Memory: 4k page, physical 8102456k(480140k free), swap 9268800k(3856k free)

vm_info: Java HotSpot(TM) 64-Bit Server VM (25.51-b03) for windows-amd64 JRE (1.8.0_51-b16), built on Jun  8 2015 18:03:07 by "java_re" with MS VC++ 10.0 (VS2010)

time: Tue Jun 27 16:43:45 2017
elapsed time: 9 seconds (0d 0h 0m 9s)

