#
# There is insufficient memory for the Java Runtime Environment to continue.
# Native memory allocation (malloc) failed to allocate 1652976 bytes for Chunk::new
# Possible reasons:
#   The system is out of physical RAM or swap space
#   In 32 bit mode, the process size limit was hit
# Possible solutions:
#   Reduce memory load on the system
#   Increase physical memory or swap space
#   Check if swap backing store is full
#   Use 64 bit Java on a 64 bit OS
#   Decrease Java heap size (-Xmx/-Xms)
#   Decrease number of Java threads
#   Decrease Java thread stack sizes (-Xss)
#   Set larger code cache with -XX:ReservedCodeCacheSize=
# This output file may be truncated or incomplete.
#
#  Out of Memory Error (allocation.cpp:390), pid=11860, tid=6836
#
# JRE version: Java(TM) SE Runtime Environment (8.0_25-b18) (build 1.8.0_25-b18)
# Java VM: Java HotSpot(TM) 64-Bit Server VM (25.25-b02 mixed mode windows-amd64 compressed oops)
# Failed to write core dump. Minidumps are not enabled by default on client versions of Windows
#

---------------  T H R E A D  ---------------

Current thread (0x00000000589b1000):  JavaThread "C2 CompilerThread1" daemon [_thread_in_native, id=6836, stack(0x00000000591c0000,0x00000000592c0000)]

Stack: [0x00000000591c0000,0x00000000592c0000]
Native frames: (J=compiled Java code, j=interpreted, Vv=VM code, C=native code)
V  [jvm.dll+0x31667a]


Current CompileTask:
C2:  11034 4975       4       org.apache.xmlbeans.impl.store.Locale::loadNode (289 bytes)


---------------  P R O C E S S  ---------------

Java Threads: ( => current thread )
  0x0000000058c46800 JavaThread "Keep-Alive-Timer" daemon [_thread_blocked, id=10292, stack(0x000000005f310000,0x000000005f410000)]
  0x0000000058a20800 JavaThread "Service Thread" daemon [_thread_blocked, id=11304, stack(0x0000000059300000,0x0000000059400000)]
  0x00000000589b3000 JavaThread "C1 CompilerThread2" daemon [_thread_in_native, id=460, stack(0x0000000058770000,0x0000000058870000)]
=>0x00000000589b1000 JavaThread "C2 CompilerThread1" daemon [_thread_in_native, id=6836, stack(0x00000000591c0000,0x00000000592c0000)]
  0x00000000589ab800 JavaThread "C2 CompilerThread0" daemon [_thread_in_native, id=7404, stack(0x0000000058530000,0x0000000058630000)]
  0x00000000589aa000 JavaThread "Attach Listener" daemon [_thread_blocked, id=5928, stack(0x0000000059000000,0x0000000059100000)]
  0x00000000589a7000 JavaThread "Signal Dispatcher" daemon [_thread_blocked, id=10692, stack(0x0000000058e90000,0x0000000058f90000)]
  0x000000005746f000 JavaThread "Finalizer" daemon [_thread_blocked, id=5144, stack(0x00000000588a0000,0x00000000589a0000)]
  0x0000000057466000 JavaThread "Reference Handler" daemon [_thread_blocked, id=8484, stack(0x0000000058670000,0x0000000058770000)]
  0x0000000002253000 JavaThread "main" [_thread_in_native, id=4696, stack(0x0000000002440000,0x0000000002540000)]

Other Threads:
  0x0000000057460800 VMThread [stack: 0x00000000583f0000,0x00000000584f0000] [id=2628]
  0x0000000058a23800 WatcherThread [stack: 0x0000000059fb0000,0x000000005a0b0000] [id=12872]

VM state:not at safepoint (normal execution)

VM Mutex/Monitor currently owned by a thread: None

Heap:
 PSYoungGen      total 406528K, used 33799K [0x00000000d6c00000, 0x00000000f7800000, 0x0000000100000000)
  eden space 390656K, 8% used [0x00000000d6c00000,0x00000000d8d01cb8,0x00000000ee980000)
  from space 15872K, 0% used [0x00000000f6880000,0x00000000f6880000,0x00000000f7800000)
  to   space 17920K, 0% used [0x00000000f5500000,0x00000000f5500000,0x00000000f6680000)
 ParOldGen       total 72192K, used 33805K [0x0000000084400000, 0x0000000088a80000, 0x00000000d6c00000)
  object space 72192K, 46% used [0x0000000084400000,0x0000000086503420,0x0000000088a80000)
 Metaspace       used 37001K, capacity 37404K, committed 37672K, reserved 1081344K
  class space    used 4786K, capacity 4950K, committed 4992K, reserved 1048576K

Card table byte_map: [0x0000000011cf0000,0x00000000120d0000] byte_map_base: 0x00000000118ce000

Marking Bits: (ParMarkBitMap*) 0x0000000059ced490
 Begin Bits: [0x0000000012910000, 0x0000000014800000)
 End Bits:   [0x0000000014800000, 0x00000000166f0000)

Polling page: 0x0000000000450000

CodeCache: size=245760Kb used=14910Kb max_used=15629Kb free=230849Kb
 bounds [0x0000000002930000, 0x0000000003880000, 0x0000000011930000]
 total_blobs=4995 nmethods=4531 adapters=377
 compilation: enabled

Compilation events (10 events):
Event: 10.880 Thread 0x00000000589b3000 nmethod 5040 0x0000000003089010 code [0x0000000003089160, 0x0000000003089270]
Event: 10.882 Thread 0x00000000589b3000 5041       2       org.apache.xmlbeans.impl.schema.SchemaTypeSystemImpl$XsbReader::readXmlValueObject (350 bytes)
Event: 10.885 Thread 0x00000000589b3000 nmethod 5041 0x0000000002b71690 code [0x0000000002b719e0, 0x0000000002b72c98]
Event: 10.887 Thread 0x00000000589b1000 nmethod 4985 0x00000000030c9910 code [0x00000000030c9aa0, 0x00000000030ca1e8]
Event: 10.887 Thread 0x00000000589b1000 4980       4       org.apache.xerces.dom.DeferredDocumentImpl::getNodeValueString (412 bytes)
Event: 10.964 Thread 0x00000000589b1000 nmethod 4980 0x0000000002c67a50 code [0x0000000002c67d60, 0x0000000002c6aed8]
Event: 10.964 Thread 0x00000000589b1000 4972       4       org.apache.xerces.dom.DeferredDocumentImpl::getPrevSibling (106 bytes)
Event: 10.968 Thread 0x00000000589b1000 nmethod 4972 0x0000000002ce8390 code [0x0000000002ce84e0, 0x0000000002ce8838]
Event: 10.968 Thread 0x00000000589b1000 4975       4       org.apache.xmlbeans.impl.store.Locale::loadNode (289 bytes)
Event: 11.002 Thread 0x00000000589b3000 5042 %     3       org.apache.xmlbeans.impl.common.XMLChar::<clinit> @ 4333 (4917 bytes)

GC Heap History (10 events):
Event: 5.210 GC heap before
{Heap before GC invocations=6 (full 0):
 PSYoungGen      total 132096K, used 132074K [0x00000000d6c00000, 0x00000000e7a00000, 0x0000000100000000)
  eden space 126976K, 100% used [0x00000000d6c00000,0x00000000de800000,0x00000000de800000)
  from space 5120K, 99% used [0x00000000de800000,0x00000000decfab88,0x00000000ded00000)
  to   space 11264K, 0% used [0x00000000e6f00000,0x00000000e6f00000,0x00000000e7a00000)
 ParOldGen       total 84992K, used 11723K [0x0000000084400000, 0x0000000089700000, 0x00000000d6c00000)
  object space 84992K, 13% used [0x0000000084400000,0x0000000084f72fb0,0x0000000089700000)
 Metaspace       used 17695K, capacity 17868K, committed 18176K, reserved 1064960K
  class space    used 2137K, capacity 2185K, committed 2304K, reserved 1048576K
Event: 5.238 GC heap after
Heap after GC invocations=6 (full 0):
 PSYoungGen      total 263680K, used 10746K [0x00000000d6c00000, 0x00000000e7d00000, 0x0000000100000000)
  eden space 252416K, 0% used [0x00000000d6c00000,0x00000000d6c00000,0x00000000e6280000)
  from space 11264K, 95% used [0x00000000e6f00000,0x00000000e797eb78,0x00000000e7a00000)
  to   space 12800K, 0% used [0x00000000e6280000,0x00000000e6280000,0x00000000e6f00000)
 ParOldGen       total 84992K, used 11731K [0x0000000084400000, 0x0000000089700000, 0x00000000d6c00000)
  object space 84992K, 13% used [0x0000000084400000,0x0000000084f74fb0,0x0000000089700000)
 Metaspace       used 17695K, capacity 17868K, committed 18176K, reserved 1064960K
  class space    used 2137K, capacity 2185K, committed 2304K, reserved 1048576K
}
Event: 5.992 GC heap before
{Heap before GC invocations=7 (full 0):
 PSYoungGen      total 263680K, used 71087K [0x00000000d6c00000, 0x00000000e7d00000, 0x0000000100000000)
  eden space 252416K, 23% used [0x00000000d6c00000,0x00000000da6ed348,0x00000000e6280000)
  from space 11264K, 95% used [0x00000000e6f00000,0x00000000e797eb78,0x00000000e7a00000)
  to   space 12800K, 0% used [0x00000000e6280000,0x00000000e6280000,0x00000000e6f00000)
 ParOldGen       total 84992K, used 11731K [0x0000000084400000, 0x0000000089700000, 0x00000000d6c00000)
  object space 84992K, 13% used [0x0000000084400000,0x0000000084f74fb0,0x0000000089700000)
 Metaspace       used 20967K, capacity 21164K, committed 21296K, reserved 1069056K
  class space    used 2626K, capacity 2665K, committed 2688K, reserved 1048576K
Event: 6.037 GC heap after
Heap after GC invocations=7 (full 0):
 PSYoungGen      total 265216K, used 12775K [0x00000000d6c00000, 0x00000000f7800000, 0x0000000100000000)
  eden space 252416K, 0% used [0x00000000d6c00000,0x00000000d6c00000,0x00000000e6280000)
  from space 12800K, 99% used [0x00000000e6280000,0x00000000e6ef9e70,0x00000000e6f00000)
  to   space 15872K, 0% used [0x00000000f6880000,0x00000000f6880000,0x00000000f7800000)
 ParOldGen       total 84992K, used 14043K [0x0000000084400000, 0x0000000089700000, 0x00000000d6c00000)
  object space 84992K, 16% used [0x0000000084400000,0x00000000851b6d38,0x0000000089700000)
 Metaspace       used 20967K, capacity 21164K, committed 21296K, reserved 1069056K
  class space    used 2626K, capacity 2665K, committed 2688K, reserved 1048576K
}
Event: 6.037 GC heap before
{Heap before GC invocations=8 (full 1):
 PSYoungGen      total 265216K, used 12775K [0x00000000d6c00000, 0x00000000f7800000, 0x0000000100000000)
  eden space 252416K, 0% used [0x00000000d6c00000,0x00000000d6c00000,0x00000000e6280000)
  from space 12800K, 99% used [0x00000000e6280000,0x00000000e6ef9e70,0x00000000e6f00000)
  to   space 15872K, 0% used [0x00000000f6880000,0x00000000f6880000,0x00000000f7800000)
 ParOldGen       total 84992K, used 14043K [0x0000000084400000, 0x0000000089700000, 0x00000000d6c00000)
  object space 84992K, 16% used [0x0000000084400000,0x00000000851b6d38,0x0000000089700000)
 Metaspace       used 20967K, capacity 21164K, committed 21296K, reserved 1069056K
  class space    used 2626K, capacity 2665K, committed 2688K, reserved 1048576K
Event: 6.178 GC heap after
Heap after GC invocations=8 (full 1):
 PSYoungGen      total 265216K, used 0K [0x00000000d6c00000, 0x00000000f7800000, 0x0000000100000000)
  eden space 252416K, 0% used [0x00000000d6c00000,0x00000000d6c00000,0x00000000e6280000)
  from space 12800K, 0% used [0x00000000e6280000,0x00000000e6280000,0x00000000e6f00000)
  to   space 15872K, 0% used [0x00000000f6880000,0x00000000f6880000,0x00000000f7800000)
 ParOldGen       total 72192K, used 21663K [0x0000000084400000, 0x0000000088a80000, 0x00000000d6c00000)
  object space 72192K, 30% used [0x0000000084400000,0x0000000085927c10,0x0000000088a80000)
 Metaspace       used 20967K, capacity 21164K, committed 21296K, reserved 1069056K
  class space    used 2626K, capacity 2665K, committed 2688K, reserved 1048576K
}
Event: 9.504 GC heap before
{Heap before GC invocations=9 (full 1):
 PSYoungGen      total 265216K, used 141123K [0x00000000d6c00000, 0x00000000f7800000, 0x0000000100000000)
  eden space 252416K, 55% used [0x00000000d6c00000,0x00000000df5d0cf8,0x00000000e6280000)
  from space 12800K, 0% used [0x00000000e6280000,0x00000000e6280000,0x00000000e6f00000)
  to   space 15872K, 0% used [0x00000000f6880000,0x00000000f6880000,0x00000000f7800000)
 ParOldGen       total 72192K, used 21663K [0x0000000084400000, 0x0000000088a80000, 0x00000000d6c00000)
  object space 72192K, 30% used [0x0000000084400000,0x0000000085927c10,0x0000000088a80000)
 Metaspace       used 34920K, capacity 35244K, committed 35496K, reserved 1081344K
  class space    used 4414K, capacity 4532K, committed 4608K, reserved 1048576K
Event: 9.520 GC heap after
Heap after GC invocations=9 (full 1):
 PSYoungGen      total 406528K, used 15525K [0x00000000d6c00000, 0x00000000f7800000, 0x0000000100000000)
  eden space 390656K, 0% used [0x00000000d6c00000,0x00000000d6c00000,0x00000000ee980000)
  from space 15872K, 97% used [0x00000000f6880000,0x00000000f77a95b8,0x00000000f7800000)
  to   space 17920K, 0% used [0x00000000f5500000,0x00000000f5500000,0x00000000f6680000)
 ParOldGen       total 72192K, used 21671K [0x0000000084400000, 0x0000000088a80000, 0x00000000d6c00000)
  object space 72192K, 30% used [0x0000000084400000,0x0000000085929c10,0x0000000088a80000)
 Metaspace       used 34920K, capacity 35244K, committed 35496K, reserved 1081344K
  class space    used 4414K, capacity 4532K, committed 4608K, reserved 1048576K
}
Event: 9.520 GC heap before
{Heap before GC invocations=10 (full 2):
 PSYoungGen      total 406528K, used 15525K [0x00000000d6c00000, 0x00000000f7800000, 0x0000000100000000)
  eden space 390656K, 0% used [0x00000000d6c00000,0x00000000d6c00000,0x00000000ee980000)
  from space 15872K, 97% used [0x00000000f6880000,0x00000000f77a95b8,0x00000000f7800000)
  to   space 17920K, 0% used [0x00000000f5500000,0x00000000f5500000,0x00000000f6680000)
 ParOldGen       total 72192K, used 21671K [0x0000000084400000, 0x0000000088a80000, 0x00000000d6c00000)
  object space 72192K, 30% used [0x0000000084400000,0x0000000085929c10,0x0000000088a80000)
 Metaspace       used 34920K, capacity 35244K, committed 35496K, reserved 1081344K
  class space    used 4414K, capacity 4532K, committed 4608K, reserved 1048576K
Event: 9.663 GC heap after
Heap after GC invocations=10 (full 2):
 PSYoungGen      total 406528K, used 0K [0x00000000d6c00000, 0x00000000f7800000, 0x0000000100000000)
  eden space 390656K, 0% used [0x00000000d6c00000,0x00000000d6c00000,0x00000000ee980000)
  from space 15872K, 0% used [0x00000000f6880000,0x00000000f6880000,0x00000000f7800000)
  to   space 17920K, 0% used [0x00000000f5500000,0x00000000f5500000,0x00000000f6680000)
 ParOldGen       total 72192K, used 33805K [0x0000000084400000, 0x0000000088a80000, 0x00000000d6c00000)
  object space 72192K, 46% used [0x0000000084400000,0x0000000086503420,0x0000000088a80000)
 Metaspace       used 34919K, capacity 35242K, committed 35496K, reserved 1081344K
  class space    used 4413K, capacity 4531K, committed 4608K, reserved 1048576K
}

Deoptimization events (10 events):
Event: 10.061 Thread 0x0000000002253000 Uncommon trap: reason=class_check action=maybe_recompile pc=0x00000000037caa8c method=org.apache.xerces.dom.NamedNodeMapImpl.findNamePoint(Ljava/lang/String;I)I @ 43
Event: 10.061 Thread 0x0000000002253000 Uncommon trap: reason=class_check action=maybe_recompile pc=0x00000000038580cc method=org.apache.xerces.dom.NodeImpl.getOwnerDocument()Lorg/w3c/dom/Document; @ 19
Event: 10.061 Thread 0x0000000002253000 Uncommon trap: reason=class_check action=maybe_recompile pc=0x00000000037caa8c method=org.apache.xerces.dom.NamedNodeMapImpl.findNamePoint(Ljava/lang/String;I)I @ 43
Event: 10.061 Thread 0x0000000002253000 Uncommon trap: reason=class_check action=maybe_recompile pc=0x00000000038580cc method=org.apache.xerces.dom.NodeImpl.getOwnerDocument()Lorg/w3c/dom/Document; @ 19
Event: 10.061 Thread 0x0000000002253000 Uncommon trap: reason=class_check action=maybe_recompile pc=0x00000000037caa8c method=org.apache.xerces.dom.NamedNodeMapImpl.findNamePoint(Ljava/lang/String;I)I @ 43
Event: 10.061 Thread 0x0000000002253000 Uncommon trap: reason=class_check action=maybe_recompile pc=0x00000000037caa8c method=org.apache.xerces.dom.NamedNodeMapImpl.findNamePoint(Ljava/lang/String;I)I @ 43
Event: 10.810 Thread 0x0000000002253000 Uncommon trap: reason=class_check action=maybe_recompile pc=0x0000000003265944 method=java.util.Collections.eq(Ljava/lang/Object;Ljava/lang/Object;)Z @ 18
Event: 10.810 Thread 0x0000000002253000 Uncommon trap: reason=class_check action=maybe_recompile pc=0x0000000003265944 method=java.util.Collections.eq(Ljava/lang/Object;Ljava/lang/Object;)Z @ 18
Event: 10.810 Thread 0x0000000002253000 Uncommon trap: reason=class_check action=maybe_recompile pc=0x0000000003265944 method=java.util.Collections.eq(Ljava/lang/Object;Ljava/lang/Object;)Z @ 18
Event: 10.810 Thread 0x0000000002253000 Uncommon trap: reason=class_check action=maybe_recompile pc=0x0000000003265944 method=java.util.Collections.eq(Ljava/lang/Object;Ljava/lang/Object;)Z @ 18

Internal exceptions (10 events):
Event: 10.919 Thread 0x0000000002253000 Exception <a 'java/security/PrivilegedActionException'> (0x00000000d84e9338) thrown at [D:\re\workspace\8-2-build-windows-amd64-cygwin\jdk8u25\1677\hotspot\src\share\vm\prims\jvm.cpp, line 1312]
Event: 10.920 Thread 0x0000000002253000 Exception <a 'java/security/PrivilegedActionException'> (0x00000000d84fafd0) thrown at [D:\re\workspace\8-2-build-windows-amd64-cygwin\jdk8u25\1677\hotspot\src\share\vm\prims\jvm.cpp, line 1312]
Event: 10.922 Thread 0x0000000002253000 Exception <a 'java/security/PrivilegedActionException'> (0x00000000d850c7b8) thrown at [D:\re\workspace\8-2-build-windows-amd64-cygwin\jdk8u25\1677\hotspot\src\share\vm\prims\jvm.cpp, line 1312]
Event: 10.923 Thread 0x0000000002253000 Exception <a 'java/security/PrivilegedActionException'> (0x00000000d8513430) thrown at [D:\re\workspace\8-2-build-windows-amd64-cygwin\jdk8u25\1677\hotspot\src\share\vm\prims\jvm.cpp, line 1312]
Event: 10.923 Thread 0x0000000002253000 Exception <a 'java/security/PrivilegedActionException'> (0x00000000d85177f8) thrown at [D:\re\workspace\8-2-build-windows-amd64-cygwin\jdk8u25\1677\hotspot\src\share\vm\prims\jvm.cpp, line 1312]
Event: 10.924 Thread 0x0000000002253000 Exception <a 'java/security/PrivilegedActionException'> (0x00000000d851d188) thrown at [D:\re\workspace\8-2-build-windows-amd64-cygwin\jdk8u25\1677\hotspot\src\share\vm\prims\jvm.cpp, line 1312]
Event: 10.924 Thread 0x0000000002253000 Exception <a 'java/security/PrivilegedActionException'> (0x00000000d8520ed8) thrown at [D:\re\workspace\8-2-build-windows-amd64-cygwin\jdk8u25\1677\hotspot\src\share\vm\prims\jvm.cpp, line 1312]
Event: 10.925 Thread 0x0000000002253000 Exception <a 'java/security/PrivilegedActionException'> (0x00000000d85269b8) thrown at [D:\re\workspace\8-2-build-windows-amd64-cygwin\jdk8u25\1677\hotspot\src\share\vm\prims\jvm.cpp, line 1312]
Event: 10.931 Thread 0x0000000002253000 Exception <a 'java/security/PrivilegedActionException'> (0x00000000d852e128) thrown at [D:\re\workspace\8-2-build-windows-amd64-cygwin\jdk8u25\1677\hotspot\src\share\vm\prims\jvm.cpp, line 1312]
Event: 10.932 Thread 0x0000000002253000 Exception <a 'java/security/PrivilegedActionException'> (0x00000000d8532fc8) thrown at [D:\re\workspace\8-2-build-windows-amd64-cygwin\jdk8u25\1677\hotspot\src\share\vm\prims\jvm.cpp, line 1312]

Events (10 events):
Event: 10.924 loading class org/apache/xmlbeans/impl/store/Saver$FilterSaveCur
Event: 10.924 loading class org/apache/xmlbeans/impl/store/Saver$FilterSaveCur done
Event: 10.925 loading class org/apache/xmlbeans/impl/store/Saver$PrettySaveCur
Event: 10.925 loading class org/apache/xmlbeans/impl/store/Saver$PrettySaveCur done
Event: 10.926 loading class java/util/ConcurrentModificationException
Event: 10.926 loading class java/util/ConcurrentModificationException done
Event: 10.931 loading class org/apache/xmlbeans/impl/store/Saver$SynthNamespaceSaver
Event: 10.931 loading class org/apache/xmlbeans/impl/store/Saver$SynthNamespaceSaver done
Event: 10.932 loading class org/apache/xmlbeans/impl/common/XMLChar
Event: 10.932 loading class org/apache/xmlbeans/impl/common/XMLChar done


Dynamic libraries:
0x000000013f980000 - 0x000000013f9b4000 	C:\Program Files\Java\jdk1.8.0_25\bin\javaw.exe
0x0000000077850000 - 0x00000000779fa000 	C:\WINDOWS\SYSTEM32\ntdll.dll
0x0000000077730000 - 0x000000007784f000 	C:\WINDOWS\system32\kernel32.dll
0x000007fefd7a0000 - 0x000007fefd80b000 	C:\WINDOWS\system32\KERNELBASE.dll
0x000007feff170000 - 0x000007feff24b000 	C:\WINDOWS\system32\ADVAPI32.dll
0x000007fefedf0000 - 0x000007fefee8f000 	C:\WINDOWS\system32\msvcrt.dll
0x000007feff250000 - 0x000007feff26f000 	C:\WINDOWS\SYSTEM32\sechost.dll
0x000007feff360000 - 0x000007feff48d000 	C:\WINDOWS\system32\RPCRT4.dll
0x0000000077630000 - 0x000000007772a000 	C:\WINDOWS\system32\USER32.dll
0x000007fefee90000 - 0x000007fefeef7000 	C:\WINDOWS\system32\GDI32.dll
0x000007feff270000 - 0x000007feff27e000 	C:\WINDOWS\system32\LPK.dll
0x000007fefec80000 - 0x000007fefed4a000 	C:\WINDOWS\system32\USP10.dll
0x000007fefba20000 - 0x000007fefbc14000 	C:\WINDOWS\WinSxS\amd64_microsoft.windows.common-controls_6595b64144ccf1df_6.0.7601.18837_none_fa3b1e3d17594757\COMCTL32.dll
0x000007feff0f0000 - 0x000007feff161000 	C:\WINDOWS\system32\SHLWAPI.dll
0x000007fefebd0000 - 0x000007fefebfe000 	C:\WINDOWS\system32\IMM32.DLL
0x000007feff490000 - 0x000007feff599000 	C:\WINDOWS\system32\MSCTF.dll
0x0000000075330000 - 0x0000000075369000 	C:\PROGRA~2\Sophos\SOPHOS~1\SOPHOS~2.DLL
0x0000000077a20000 - 0x0000000077a27000 	C:\WINDOWS\system32\PSAPI.DLL
0x0000000059d70000 - 0x0000000059e42000 	C:\Program Files\Java\jdk1.8.0_25\jre\bin\msvcr100.dll
0x0000000059510000 - 0x0000000059d6a000 	C:\Program Files\Java\jdk1.8.0_25\jre\bin\server\jvm.dll
0x000007fef4690000 - 0x000007fef4699000 	C:\WINDOWS\system32\WSOCK32.dll
0x000007fefef10000 - 0x000007fefef5d000 	C:\WINDOWS\system32\WS2_32.dll
0x000007fefef00000 - 0x000007fefef08000 	C:\WINDOWS\system32\NSI.dll
0x000007fefb320000 - 0x000007fefb35b000 	C:\WINDOWS\system32\WINMM.dll
0x000000006fb80000 - 0x000000006fb8f000 	C:\Program Files\Java\jdk1.8.0_25\jre\bin\verify.dll
0x0000000061c60000 - 0x0000000061c88000 	C:\Program Files\Java\jdk1.8.0_25\jre\bin\java.dll
0x000000006fb60000 - 0x000000006fb76000 	C:\Program Files\Java\jdk1.8.0_25\jre\bin\zip.dll
0x000007fefdc60000 - 0x000007fefe9ea000 	C:\WINDOWS\system32\SHELL32.dll
0x000007feff5a0000 - 0x000007feff7a3000 	C:\WINDOWS\system32\ole32.dll
0x000007fefd5d0000 - 0x000007fefd5df000 	C:\WINDOWS\system32\profapi.dll
0x000007fefd410000 - 0x000007fefd467000 	C:\WINDOWS\system32\apphelp.dll
0x000000006da60000 - 0x000000006da7a000 	C:\Program Files\Java\jdk1.8.0_25\jre\bin\net.dll
0x000007fefc710000 - 0x000007fefc73f000 	C:\ProgramData\Sophos\Web Intelligence\swi_ifslsp_64.dll
0x000007fefc700000 - 0x000007fefc70c000 	C:\WINDOWS\system32\VERSION.dll
0x000007fefcdb0000 - 0x000007fefce05000 	C:\WINDOWS\system32\mswsock.dll
0x000007fefcda0000 - 0x000007fefcda7000 	C:\WINDOWS\System32\wship6.dll
0x0000000061c40000 - 0x0000000061c51000 	C:\Program Files\Java\jdk1.8.0_25\jre\bin\nio.dll
0x000007fefce10000 - 0x000007fefce28000 	C:\WINDOWS\system32\CRYPTSP.dll
0x000007fefcb10000 - 0x000007fefcb57000 	C:\WINDOWS\system32\rsaenh.dll
0x000007fefd880000 - 0x000007fefd89e000 	C:\WINDOWS\system32\USERENV.dll
0x000007fefd470000 - 0x000007fefd47f000 	C:\WINDOWS\system32\CRYPTBASE.dll
0x000007fefc450000 - 0x000007fefc477000 	C:\WINDOWS\system32\IPHLPAPI.DLL
0x000007fefc6f0000 - 0x000007fefc6fb000 	C:\WINDOWS\system32\WINNSI.DLL
0x000007fefa730000 - 0x000007fefa741000 	C:\WINDOWS\system32\dhcpcsvc6.DLL
0x000007fefa750000 - 0x000007fefa768000 	C:\WINDOWS\system32\dhcpcsvc.DLL
0x000007fefc6e0000 - 0x000007fefc6e7000 	C:\WINDOWS\System32\wshtcpip.dll
0x000007fefcc30000 - 0x000007fefcc8b000 	C:\WINDOWS\system32\DNSAPI.dll
0x000007fef3bb0000 - 0x000007fef3bdf000 	C:\Program Files\Common Files\Microsoft Shared\Windows Live\WLIDNSP.DLL
0x000007fef3ba0000 - 0x000007fef3ba8000 	C:\WINDOWS\system32\rasadhlp.dll
0x000007fefa830000 - 0x000007fefa883000 	C:\WINDOWS\System32\fwpuclnt.dll

VM Arguments:
jvm_args: -Dfile.encoding=UTF-8 
java_command: cobweb.test.Remote_LosProcessTest
java_class_path (initial): C:\jbpm-installer\workspace\qa-workflow\jbpm-WPS-client\target\classes;C:\jbpm-installer\eclipse\plugins\org.junit_4.11.0.v201303080030\junit.jar;C:\jbpm-installer\eclipse\plugins\org.hamcrest.core_1.3.0.v201303031735.jar;C:\jbpm-installer\wildfly-8.1.0.Final\standalone\deployments\WEB-INF\lib\52n-wps-xml-1.0.0.jar;C:\Users\ezzjfr\Downloads\uncertml-bundle\uncertml.jar;C:\jbpm-installer\wildfly-8.1.0.Final\standalone\deployments\WEB-INF\lib\52n-wps-io-geotools-3.3.0.jar;C:\jbpm-installer\wildfly-8.1.0.Final\standalone\deployments\WEB-INF\lib\52n-wps-client-lib-3.3.0.jar;C:\Users\ezzjfr\.m2\repository\org\jbpm\jbpm-flow\6.1.0.Final\jbpm-flow-6.1.0.Final.jar;C:\Users\ezzjfr\.m2\repository\org\kie\kie-api\6.1.0.Final\kie-api-6.1.0.Final.jar;C:\Users\ezzjfr\.m2\repository\org\drools\drools-core\6.1.0.Final\drools-core-6.1.0.Final.jar;C:\Users\ezzjfr\.m2\repository\org\kie\kie-internal\6.1.0.Final\kie-internal-6.1.0.Final.jar;C:\Users\ezzjfr\.m2\repository\com\google\protobuf\protobuf-java\2.5.0\protobuf-java-2.5.0.jar;C:\Users\ezzjfr\.m2\repository\joda-time\joda-time\1.6.2\joda-time-1.6.2.jar;C:\Users\ezzjfr\.m2\repository\org\jbpm\jbpm-test\6.1.0.Final\jbpm-test-6.1.0.Final.jar;C:\Users\ezzjfr\.m2\repository\org\jbpm\jbpm-audit\6.1.0.Final\jbpm-audit-6.1.0.Final.jar;C:\Users\ezzjfr\.m2\repository\org\jbpm\jbpm-human-task-workitems\6.1.0.Final\jbpm-human-task-workitems-6.1.0.Final.jar;C:\Users\ezzjfr\.m2\repository\org\jbpm\jbpm-shared-services\6.1.0.Final\jbpm-shared-services-6.1.0.Final.jar;C:\Users\ezzjfr\.m2\repository\org\jboss\solder\solder-api\3.2.1.Final\solder-api-3.2.1.Final.jar;C:\Users\ezzjfr\.m2\repository\org\jboss\solder\solder-logging\3.2.1.Final\solder-logging-3.2.1.Final.jar;C:\Users\ezzjfr\.m2\repository\org\jboss\weld\weld-core\1.1.21.Final\weld-core-1.1.21.Final.jar;C:\Users\ezzjfr\.m2\repository\org\jboss\weld\weld-api\1.1.Final\weld-api-1.1.Final.jar;C:\Users\ezzjfr\.m2\repository\org\jboss\weld\weld-spi\1.1.Final\wel
Launcher Type: SUN_STANDARD

Environment Variables:
JAVA_HOME=C:\Program Files\Java\jdk1.8.0_25
JRE_HOME=C:\Program Files\Java\jre1.8.0_51
PATH=C:/Program Files/Java/jre1.8.0_51/bin/server;C:/Program Files/Java/jre1.8.0_51/bin;C:/Program Files/Java/jre1.8.0_51/lib/amd64;C:\gradle-2.10\bin;C:\Program Files\Common Files\Microsoft Shared\Windows Live;C:\Program Files (x86)\Common Files\Microsoft Shared\Windows Live;C:\Python27\;C:\Python27\Scripts;C:\ProgramData\Oracle\Java\javapath;C:\WINDOWS\system32;C:\WINDOWS;C:\WINDOWS\System32\Wbem;C:\WINDOWS\System32\WindowsPowerShell\v1.0\;C:\WINDOWS\System32\WindowsPowerShell\v1.0\;C:\Program Files (x86)\Enterprise Vault\EVClient\x64\;C:\Program Files\MATLAB\R2014a\bin;C:\osm2pgsql\x64;C:\apache-ant-1.9.4\bin;C:\Program Files\Java\jdk1.8.0_25\bin;C:\Python25;C:\Program Files (x86)\Windows Live\Shared;C:\Program Files\Intel\WiFi\bin\;C:\Program Files\Common Files\Intel\WirelessCommon\;C:\Program Files\Microsoft\Web Platform Installer\;C:\Program Files (x86)\Git\bin;C:\Program Files\nodejs\;C:\Program Files (x86)\Skype\Phone\;C:\Program Files\Intel\WiFi\bin\;C:\Program Files\Common Files\Intel\WirelessCommon\;C:\Users\ezzjfr\AppData\Roaming\npm;c:\jbpm-installer;
USERNAME=ezzjfr
OS=Windows_NT
PROCESSOR_IDENTIFIER=Intel64 Family 6 Model 60 Stepping 3, GenuineIntel



---------------  S Y S T E M  ---------------

OS: Windows 7 , 64 bit Build 7601 Service Pack 1

CPU:total 4 (2 cores per cpu, 2 threads per core) family 6 model 60 stepping 3, cmov, cx8, fxsr, mmx, sse, sse2, sse3, ssse3, sse4.1, sse4.2, popcnt, avx, avx2, clmul, erms, lzcnt, ht, tsc, tscinvbit, bmi1, bmi2

Memory: 4k page, physical 8102820k(736960k free), swap 9388940k(5072k free)

vm_info: Java HotSpot(TM) 64-Bit Server VM (25.25-b02) for windows-amd64 JRE (1.8.0_25-b18), built on Oct  7 2014 14:25:37 by "java_re" with MS VC++ 10.0 (VS2010)

time: Mon Aug 15 15:12:41 2016
elapsed time: 11 seconds (0d 0h 0m 11s)

