#
# There is insufficient memory for the Java Runtime Environment to continue.
# Native memory allocation (malloc) failed to allocate 939456 bytes for Chunk::new
# Possible reasons:
#   The system is out of physical RAM or swap space
#   In 32 bit mode, the process size limit was hit
# Possible solutions:
#   Reduce memory load on the system
#   Increase physical memory or swap space
#   Check if swap backing store is full
#   Use 64 bit Java on a 64 bit OS
#   Decrease Java heap size (-Xmx/-Xms)
#   Decrease number of Java threads
#   Decrease Java thread stack sizes (-Xss)
#   Set larger code cache with -XX:ReservedCodeCacheSize=
# This output file may be truncated or incomplete.
#
#  Out of Memory Error (allocation.cpp:390), pid=11836, tid=10572
#
# JRE version: Java(TM) SE Runtime Environment (8.0_51-b16) (build 1.8.0_51-b16)
# Java VM: Java HotSpot(TM) 64-Bit Server VM (25.51-b03 mixed mode windows-amd64 compressed oops)
# Failed to write core dump. Minidumps are not enabled by default on client versions of Windows
#

---------------  T H R E A D  ---------------

Current thread (0x00000000187b8000):  JavaThread "C2 CompilerThread0" daemon [_thread_in_native, id=10572, stack(0x0000000018c20000,0x0000000018d20000)]

Stack: [0x0000000018c20000,0x0000000018d20000]
Native frames: (J=compiled Java code, j=interpreted, Vv=VM code, C=native code)
V  [jvm.dll+0x32b4ca]


Current CompileTask:
C2:  11219 5233       4       org.apache.xerces.impl.XMLNSDocumentScannerImpl::scanAttribute (546 bytes)


---------------  P R O C E S S  ---------------

Java Threads: ( => current thread )
  0x000000001f11e800 JavaThread "Keep-Alive-Timer" daemon [_thread_blocked, id=9572, stack(0x000000001fbb0000,0x000000001fcb0000)]
  0x000000001882c800 JavaThread "Service Thread" daemon [_thread_blocked, id=5344, stack(0x00000000194e0000,0x00000000195e0000)]
  0x00000000187bf000 JavaThread "C1 CompilerThread2" daemon [_thread_blocked, id=10652, stack(0x0000000019270000,0x0000000019370000)]
  0x00000000187be000 JavaThread "C2 CompilerThread1" daemon [_thread_in_native, id=4584, stack(0x0000000019020000,0x0000000019120000)]
=>0x00000000187b8000 JavaThread "C2 CompilerThread0" daemon [_thread_in_native, id=10572, stack(0x0000000018c20000,0x0000000018d20000)]
  0x00000000187b6800 JavaThread "Attach Listener" daemon [_thread_blocked, id=11324, stack(0x0000000018e50000,0x0000000018f50000)]
  0x000000001767e800 JavaThread "Signal Dispatcher" daemon [_thread_blocked, id=5720, stack(0x0000000018d20000,0x0000000018e20000)]
  0x0000000017623800 JavaThread "Finalizer" daemon [_thread_blocked, id=8100, stack(0x0000000018480000,0x0000000018580000)]
  0x000000001761a800 JavaThread "Reference Handler" daemon [_thread_blocked, id=1072, stack(0x00000000186b0000,0x00000000187b0000)]
  0x0000000002293000 JavaThread "main" [_thread_in_native, id=10420, stack(0x0000000002690000,0x0000000002790000)]

Other Threads:
  0x0000000017615000 VMThread [stack: 0x0000000018580000,0x0000000018680000] [id=6060]
  0x0000000018838800 WatcherThread [stack: 0x00000000196d0000,0x00000000197d0000] [id=3136]

VM state:not at safepoint (normal execution)

VM Mutex/Monitor currently owned by a thread: None

Heap:
 PSYoungGen      total 265216K, used 15642K [0x00000000d6c00000, 0x00000000ec780000, 0x0000000100000000)
  eden space 249344K, 6% used [0x00000000d6c00000,0x00000000d7b46ad8,0x00000000e5f80000)
  from space 15872K, 0% used [0x00000000e5f80000,0x00000000e5f80000,0x00000000e6f00000)
  to   space 18432K, 0% used [0x00000000eb580000,0x00000000eb580000,0x00000000ec780000)
 ParOldGen       total 75264K, used 35215K [0x0000000084400000, 0x0000000088d80000, 0x00000000d6c00000)
  object space 75264K, 46% used [0x0000000084400000,0x0000000086663c90,0x0000000088d80000)
 Metaspace       used 35566K, capacity 36192K, committed 36696K, reserved 1081344K
  class space    used 4606K, capacity 4891K, committed 4992K, reserved 1048576K

Card table byte_map: [0x0000000011e20000,0x0000000012200000] byte_map_base: 0x00000000119fe000

Marking Bits: (ParMarkBitMap*) 0x000000005d2c4040
 Begin Bits: [0x0000000012ac0000, 0x00000000149b0000)
 End Bits:   [0x00000000149b0000, 0x00000000168a0000)

Polling page: 0x0000000000340000

CodeCache: size=245760Kb used=15923Kb max_used=16052Kb free=229837Kb
 bounds [0x0000000002a60000, 0x0000000003a20000, 0x0000000011a60000]
 total_blobs=5172 nmethods=4704 adapters=380
 compilation: enabled

Compilation events (10 events):
Event: 10.927 Thread 0x00000000187b8000 nmethod 5236 0x00000000039eb910 code [0x00000000039eba60, 0x00000000039ebd88]
Event: 10.927 Thread 0x00000000187b8000 5232       4       org.apache.xerces.impl.XMLNSDocumentScannerImpl::scanEndElement (188 bytes)
Event: 11.174 Thread 0x00000000187b8000 nmethod 5232 0x0000000003a148d0 code [0x0000000003a14dc0, 0x0000000003a18e30]
Event: 11.174 Thread 0x00000000187b8000 5233       4       org.apache.xerces.impl.XMLNSDocumentScannerImpl::scanAttribute (546 bytes)
Event: 11.179 Thread 0x00000000187bf000 5239       3       org.apache.xerces.impl.XMLNSDocumentScannerImpl::scanStartElement (770 bytes)
Event: 11.183 Thread 0x00000000187bf000 nmethod 5239 0x00000000039f3910 code [0x00000000039f3e40, 0x00000000039f76f8]
Event: 11.188 Thread 0x00000000187bf000 5243   !   3       sun.net.www.protocol.http.HttpURLConnection$HttpInputStream::read (136 bytes)
Event: 11.189 Thread 0x00000000187bf000 nmethod 5243 0x00000000039f2c90 code [0x00000000039f2e60, 0x00000000039f35f8]
Event: 11.190 Thread 0x00000000187bf000 5244  s    3       sun.net.www.http.ChunkedInputStream::read (135 bytes)
Event: 11.191 Thread 0x00000000187bf000 nmethod 5244 0x0000000002c61390 code [0x0000000002c61580, 0x0000000002c61f48]

GC Heap History (10 events):
Event: 4.615 GC heap before
{Heap before GC invocations=7 (full 0):
 PSYoungGen      total 135168K, used 134858K [0x00000000d6c00000, 0x00000000dfa00000, 0x0000000100000000)
  eden space 126464K, 100% used [0x00000000d6c00000,0x00000000de780000,0x00000000de780000)
  from space 8704K, 96% used [0x00000000df080000,0x00000000df8b2b60,0x00000000df900000)
  to   space 9216K, 0% used [0x00000000de780000,0x00000000de780000,0x00000000df080000)
 ParOldGen       total 84992K, used 5892K [0x0000000084400000, 0x0000000089700000, 0x00000000d6c00000)
  object space 84992K, 6% used [0x0000000084400000,0x00000000849c1030,0x0000000089700000)
 Metaspace       used 17154K, capacity 17350K, committed 17664K, reserved 1064960K
  class space    used 2138K, capacity 2184K, committed 2304K, reserved 1048576K
Event: 4.654 GC heap after
Heap after GC invocations=7 (full 0):
 PSYoungGen      total 135680K, used 9216K [0x00000000d6c00000, 0x00000000e7b00000, 0x0000000100000000)
  eden space 126464K, 0% used [0x00000000d6c00000,0x00000000d6c00000,0x00000000de780000)
  from space 9216K, 100% used [0x00000000de780000,0x00000000df080000,0x00000000df080000)
  to   space 12288K, 0% used [0x00000000e6f00000,0x00000000e6f00000,0x00000000e7b00000)
 ParOldGen       total 84992K, used 10059K [0x0000000084400000, 0x0000000089700000, 0x00000000d6c00000)
  object space 84992K, 11% used [0x0000000084400000,0x0000000084dd2f20,0x0000000089700000)
 Metaspace       used 17154K, capacity 17350K, committed 17664K, reserved 1064960K
  class space    used 2138K, capacity 2184K, committed 2304K, reserved 1048576K
}
Event: 5.777 GC heap before
{Heap before GC invocations=8 (full 0):
 PSYoungGen      total 135680K, used 127708K [0x00000000d6c00000, 0x00000000e7b00000, 0x0000000100000000)
  eden space 126464K, 93% used [0x00000000d6c00000,0x00000000ddfb73e0,0x00000000de780000)
  from space 9216K, 100% used [0x00000000de780000,0x00000000df080000,0x00000000df080000)
  to   space 12288K, 0% used [0x00000000e6f00000,0x00000000e6f00000,0x00000000e7b00000)
 ParOldGen       total 84992K, used 10059K [0x0000000084400000, 0x0000000089700000, 0x00000000d6c00000)
  object space 84992K, 11% used [0x0000000084400000,0x0000000084dd2f20,0x0000000089700000)
 Metaspace       used 20935K, capacity 21108K, committed 21248K, reserved 1067008K
  class space    used 2680K, capacity 2730K, committed 2816K, reserved 1048576K
Event: 5.798 GC heap after
Heap after GC invocations=8 (full 0):
 PSYoungGen      total 261632K, used 12285K [0x00000000d6c00000, 0x00000000e8200000, 0x0000000100000000)
  eden space 249344K, 0% used [0x00000000d6c00000,0x00000000d6c00000,0x00000000e5f80000)
  from space 12288K, 99% used [0x00000000e6f00000,0x00000000e7aff5f8,0x00000000e7b00000)
  to   space 15872K, 0% used [0x00000000e5f80000,0x00000000e5f80000,0x00000000e6f00000)
 ParOldGen       total 84992K, used 14832K [0x0000000084400000, 0x0000000089700000, 0x00000000d6c00000)
  object space 84992K, 17% used [0x0000000084400000,0x000000008527c348,0x0000000089700000)
 Metaspace       used 20935K, capacity 21108K, committed 21248K, reserved 1067008K
  class space    used 2680K, capacity 2730K, committed 2816K, reserved 1048576K
}
Event: 5.798 GC heap before
{Heap before GC invocations=9 (full 1):
 PSYoungGen      total 261632K, used 12285K [0x00000000d6c00000, 0x00000000e8200000, 0x0000000100000000)
  eden space 249344K, 0% used [0x00000000d6c00000,0x00000000d6c00000,0x00000000e5f80000)
  from space 12288K, 99% used [0x00000000e6f00000,0x00000000e7aff5f8,0x00000000e7b00000)
  to   space 15872K, 0% used [0x00000000e5f80000,0x00000000e5f80000,0x00000000e6f00000)
 ParOldGen       total 84992K, used 14832K [0x0000000084400000, 0x0000000089700000, 0x00000000d6c00000)
  object space 84992K, 17% used [0x0000000084400000,0x000000008527c348,0x0000000089700000)
 Metaspace       used 20935K, capacity 21108K, committed 21248K, reserved 1067008K
  class space    used 2680K, capacity 2730K, committed 2816K, reserved 1048576K
Event: 5.929 GC heap after
Heap after GC invocations=9 (full 1):
 PSYoungGen      total 261632K, used 0K [0x00000000d6c00000, 0x00000000e8200000, 0x0000000100000000)
  eden space 249344K, 0% used [0x00000000d6c00000,0x00000000d6c00000,0x00000000e5f80000)
  from space 12288K, 0% used [0x00000000e6f00000,0x00000000e6f00000,0x00000000e7b00000)
  to   space 15872K, 0% used [0x00000000e5f80000,0x00000000e5f80000,0x00000000e6f00000)
 ParOldGen       total 75264K, used 22546K [0x0000000084400000, 0x0000000088d80000, 0x00000000d6c00000)
  object space 75264K, 29% used [0x0000000084400000,0x0000000085a04990,0x0000000088d80000)
 Metaspace       used 20935K, capacity 21108K, committed 21248K, reserved 1067008K
  class space    used 2680K, capacity 2730K, committed 2816K, reserved 1048576K
}
Event: 9.199 GC heap before
{Heap before GC invocations=10 (full 1):
 PSYoungGen      total 261632K, used 163676K [0x00000000d6c00000, 0x00000000e8200000, 0x0000000100000000)
  eden space 249344K, 65% used [0x00000000d6c00000,0x00000000e0bd7210,0x00000000e5f80000)
  from space 12288K, 0% used [0x00000000e6f00000,0x00000000e6f00000,0x00000000e7b00000)
  to   space 15872K, 0% used [0x00000000e5f80000,0x00000000e5f80000,0x00000000e6f00000)
 ParOldGen       total 75264K, used 22546K [0x0000000084400000, 0x0000000088d80000, 0x00000000d6c00000)
  object space 75264K, 29% used [0x0000000084400000,0x0000000085a04990,0x0000000088d80000)
 Metaspace       used 34503K, capacity 35124K, committed 35416K, reserved 1079296K
  class space    used 4455K, capacity 4729K, committed 4736K, reserved 1048576K
Event: 9.215 GC heap after
Heap after GC invocations=10 (full 1):
 PSYoungGen      total 265216K, used 15853K [0x00000000d6c00000, 0x00000000ec780000, 0x0000000100000000)
  eden space 249344K, 0% used [0x00000000d6c00000,0x00000000d6c00000,0x00000000e5f80000)
  from space 15872K, 99% used [0x00000000e5f80000,0x00000000e6efb558,0x00000000e6f00000)
  to   space 18432K, 0% used [0x00000000eb580000,0x00000000eb580000,0x00000000ec780000)
 ParOldGen       total 75264K, used 23139K [0x0000000084400000, 0x0000000088d80000, 0x00000000d6c00000)
  object space 75264K, 30% used [0x0000000084400000,0x0000000085a98ca8,0x0000000088d80000)
 Metaspace       used 34503K, capacity 35124K, committed 35416K, reserved 1079296K
  class space    used 4455K, capacity 4729K, committed 4736K, reserved 1048576K
}
Event: 9.215 GC heap before
{Heap before GC invocations=11 (full 2):
 PSYoungGen      total 265216K, used 15853K [0x00000000d6c00000, 0x00000000ec780000, 0x0000000100000000)
  eden space 249344K, 0% used [0x00000000d6c00000,0x00000000d6c00000,0x00000000e5f80000)
  from space 15872K, 99% used [0x00000000e5f80000,0x00000000e6efb558,0x00000000e6f00000)
  to   space 18432K, 0% used [0x00000000eb580000,0x00000000eb580000,0x00000000ec780000)
 ParOldGen       total 75264K, used 23139K [0x0000000084400000, 0x0000000088d80000, 0x00000000d6c00000)
  object space 75264K, 30% used [0x0000000084400000,0x0000000085a98ca8,0x0000000088d80000)
 Metaspace       used 34503K, capacity 35124K, committed 35416K, reserved 1079296K
  class space    used 4455K, capacity 4729K, committed 4736K, reserved 1048576K
Event: 9.320 GC heap after
Heap after GC invocations=11 (full 2):
 PSYoungGen      total 265216K, used 0K [0x00000000d6c00000, 0x00000000ec780000, 0x0000000100000000)
  eden space 249344K, 0% used [0x00000000d6c00000,0x00000000d6c00000,0x00000000e5f80000)
  from space 15872K, 0% used [0x00000000e5f80000,0x00000000e5f80000,0x00000000e6f00000)
  to   space 18432K, 0% used [0x00000000eb580000,0x00000000eb580000,0x00000000ec780000)
 ParOldGen       total 75264K, used 35215K [0x0000000084400000, 0x0000000088d80000, 0x00000000d6c00000)
  object space 75264K, 46% used [0x0000000084400000,0x0000000086663c90,0x0000000088d80000)
 Metaspace       used 34503K, capacity 35124K, committed 35416K, reserved 1079296K
  class space    used 4455K, capacity 4729K, committed 4736K, reserved 1048576K
}

Deoptimization events (10 events):
Event: 9.906 Thread 0x0000000002293000 Uncommon trap: reason=unstable_if action=reinterpret pc=0x0000000003660ae8 method=org.apache.xerces.dom.AttrImpl.getNodeName()Ljava/lang/String; @ 4
Event: 9.906 Thread 0x0000000002293000 Uncommon trap: reason=class_check action=maybe_recompile pc=0x0000000003920de0 method=org.apache.xerces.dom.NodeImpl.getOwnerDocument()Lorg/w3c/dom/Document; @ 19
Event: 9.906 Thread 0x0000000002293000 Uncommon trap: reason=class_check action=maybe_recompile pc=0x00000000036fd5c8 method=org.apache.xerces.dom.NamedNodeMapImpl.findNamePoint(Ljava/lang/String;I)I @ 43
Event: 9.906 Thread 0x0000000002293000 Uncommon trap: reason=class_check action=maybe_recompile pc=0x0000000003920de0 method=org.apache.xerces.dom.NodeImpl.getOwnerDocument()Lorg/w3c/dom/Document; @ 19
Event: 9.906 Thread 0x0000000002293000 Uncommon trap: reason=class_check action=maybe_recompile pc=0x00000000036fd5c8 method=org.apache.xerces.dom.NamedNodeMapImpl.findNamePoint(Ljava/lang/String;I)I @ 43
Event: 9.906 Thread 0x0000000002293000 Uncommon trap: reason=class_check action=maybe_recompile pc=0x0000000003920de0 method=org.apache.xerces.dom.NodeImpl.getOwnerDocument()Lorg/w3c/dom/Document; @ 19
Event: 9.906 Thread 0x0000000002293000 Uncommon trap: reason=class_check action=maybe_recompile pc=0x00000000036fd5c8 method=org.apache.xerces.dom.NamedNodeMapImpl.findNamePoint(Ljava/lang/String;I)I @ 43
Event: 9.906 Thread 0x0000000002293000 Uncommon trap: reason=class_check action=maybe_recompile pc=0x00000000036fd5c8 method=org.apache.xerces.dom.NamedNodeMapImpl.findNamePoint(Ljava/lang/String;I)I @ 43
Event: 9.928 Thread 0x0000000002293000 Uncommon trap: reason=unstable_if action=reinterpret pc=0x0000000002f49c14 method=org.apache.xmlbeans.impl.store.Cur$CurLoadContext.flushText()V @ 4
Event: 11.178 Thread 0x0000000002293000 Uncommon trap: reason=unstable_if action=reinterpret pc=0x00000000039fe290 method=org.apache.xerces.impl.XMLNSDocumentScannerImpl.scanStartElement()Z @ 315

Internal exceptions (10 events):
Event: 9.088 Thread 0x0000000002293000 Exception <a 'java/security/PrivilegedActionException'> (0x00000000e01db020) thrown at [C:\re\workspace\8-2-build-windows-amd64-cygwin\jdk8u51\3951\hotspot\src\share\vm\prims\jvm.cpp, line 1382]
Event: 9.089 Thread 0x0000000002293000 Exception <a 'java/security/PrivilegedActionException'> (0x00000000e020c2a0) thrown at [C:\re\workspace\8-2-build-windows-amd64-cygwin\jdk8u51\3951\hotspot\src\share\vm\prims\jvm.cpp, line 1382]
Event: 9.089 Thread 0x0000000002293000 Exception <a 'java/security/PrivilegedActionException'> (0x00000000e020c5e8) thrown at [C:\re\workspace\8-2-build-windows-amd64-cygwin\jdk8u51\3951\hotspot\src\share\vm\prims\jvm.cpp, line 1382]
Event: 9.089 Thread 0x0000000002293000 Exception <a 'java/security/PrivilegedActionException'> (0x00000000e0223b48) thrown at [C:\re\workspace\8-2-build-windows-amd64-cygwin\jdk8u51\3951\hotspot\src\share\vm\prims\jvm.cpp, line 1382]
Event: 9.089 Thread 0x0000000002293000 Exception <a 'java/security/PrivilegedActionException'> (0x00000000e0224020) thrown at [C:\re\workspace\8-2-build-windows-amd64-cygwin\jdk8u51\3951\hotspot\src\share\vm\prims\jvm.cpp, line 1382]
Event: 9.090 Thread 0x0000000002293000 Exception <a 'java/security/PrivilegedActionException'> (0x00000000e023b660) thrown at [C:\re\workspace\8-2-build-windows-amd64-cygwin\jdk8u51\3951\hotspot\src\share\vm\prims\jvm.cpp, line 1382]
Event: 9.090 Thread 0x0000000002293000 Exception <a 'java/security/PrivilegedActionException'> (0x00000000e023b9a8) thrown at [C:\re\workspace\8-2-build-windows-amd64-cygwin\jdk8u51\3951\hotspot\src\share\vm\prims\jvm.cpp, line 1382]
Event: 9.090 Thread 0x0000000002293000 Exception <a 'java/security/PrivilegedActionException'> (0x00000000e0253ea8) thrown at [C:\re\workspace\8-2-build-windows-amd64-cygwin\jdk8u51\3951\hotspot\src\share\vm\prims\jvm.cpp, line 1382]
Event: 9.090 Thread 0x0000000002293000 Exception <a 'java/security/PrivilegedActionException'> (0x00000000e0254380) thrown at [C:\re\workspace\8-2-build-windows-amd64-cygwin\jdk8u51\3951\hotspot\src\share\vm\prims\jvm.cpp, line 1382]
Event: 9.736 Thread 0x0000000002293000 Exception <a 'java/lang/ClassNotFoundException': sun/net/www/content/text/xml> (0x00000000d70a6db8) thrown at [C:\re\workspace\8-2-build-windows-amd64-cygwin\jdk8u51\3951\hotspot\src\share\vm\classfile\systemDictionary.cpp, line 210]

Events (10 events):
Event: 11.183 Thread 0x00000000187bf000 flushing nmethod 0x0000000002bf04d0
Event: 11.189 Thread 0x00000000187bf000 flushing nmethod 0x0000000002c0c690
Event: 11.189 Thread 0x00000000187bf000 flushing nmethod 0x0000000002c14a50
Event: 11.189 Thread 0x00000000187bf000 flushing nmethod 0x0000000002c2e1d0
Event: 11.189 Thread 0x00000000187bf000 flushing nmethod 0x0000000002c2fd90
Event: 11.189 Thread 0x00000000187bf000 flushing nmethod 0x0000000002c40d10
Event: 11.190 Thread 0x00000000187bf000 flushing nmethod 0x0000000002c60d50
Event: 11.190 Thread 0x00000000187bf000 flushing nmethod 0x0000000002c66ad0
Event: 11.191 Thread 0x00000000187bf000 flushing nmethod 0x0000000002d6c910
Event: 11.191 Thread 0x00000000187bf000 flushing nmethod 0x0000000002d97cd0


Dynamic libraries:
0x000000013f7d0000 - 0x000000013f807000 	C:\Program Files\Java\jre1.8.0_51\bin\javaw.exe
0x0000000077110000 - 0x00000000772ba000 	C:\WINDOWS\SYSTEM32\ntdll.dll
0x0000000076ef0000 - 0x000000007700f000 	C:\WINDOWS\system32\kernel32.dll
0x000007fefd100000 - 0x000007fefd16b000 	C:\WINDOWS\system32\KERNELBASE.dll
0x000007fefd480000 - 0x000007fefd55b000 	C:\WINDOWS\system32\ADVAPI32.dll
0x000007fefd5b0000 - 0x000007fefd64f000 	C:\WINDOWS\system32\msvcrt.dll
0x000007feff170000 - 0x000007feff18f000 	C:\WINDOWS\SYSTEM32\sechost.dll
0x000007fefd250000 - 0x000007fefd37d000 	C:\WINDOWS\system32\RPCRT4.dll
0x0000000077010000 - 0x000000007710a000 	C:\WINDOWS\system32\USER32.dll
0x000007fefdf90000 - 0x000007fefdff7000 	C:\WINDOWS\system32\GDI32.dll
0x000007feff370000 - 0x000007feff37e000 	C:\WINDOWS\system32\LPK.dll
0x000007fefda00000 - 0x000007fefdaca000 	C:\WINDOWS\system32\USP10.dll
0x000007fefb2e0000 - 0x000007fefb4d4000 	C:\WINDOWS\WinSxS\amd64_microsoft.windows.common-controls_6595b64144ccf1df_6.0.7601.18837_none_fa3b1e3d17594757\COMCTL32.dll
0x000007fefe360000 - 0x000007fefe3d1000 	C:\WINDOWS\system32\SHLWAPI.dll
0x000007fefe290000 - 0x000007fefe2be000 	C:\WINDOWS\system32\IMM32.DLL
0x000007fefd650000 - 0x000007fefd759000 	C:\WINDOWS\system32\MSCTF.dll
0x0000000074bf0000 - 0x0000000074c29000 	C:\PROGRA~2\Sophos\SOPHOS~1\SOPHOS~2.DLL
0x00000000772d0000 - 0x00000000772d7000 	C:\WINDOWS\system32\PSAPI.DLL
0x0000000056a00000 - 0x0000000056ad2000 	C:\Program Files\Java\jre1.8.0_51\bin\msvcr100.dll
0x000000005cac0000 - 0x000000005d343000 	C:\Program Files\Java\jre1.8.0_51\bin\server\jvm.dll
0x000007fef7b30000 - 0x000007fef7b39000 	C:\WINDOWS\system32\WSOCK32.dll
0x000007fefd560000 - 0x000007fefd5ad000 	C:\WINDOWS\system32\WS2_32.dll
0x000007fefd9f0000 - 0x000007fefd9f8000 	C:\WINDOWS\system32\NSI.dll
0x000007fefabe0000 - 0x000007fefac1b000 	C:\WINDOWS\system32\WINMM.dll
0x000007fefbfc0000 - 0x000007fefbfcc000 	C:\WINDOWS\system32\VERSION.dll
0x000000006e170000 - 0x000000006e17f000 	C:\Program Files\Java\jre1.8.0_51\bin\verify.dll
0x000000006d500000 - 0x000000006d529000 	C:\Program Files\Java\jre1.8.0_51\bin\java.dll
0x000000006d4e0000 - 0x000000006d4f6000 	C:\Program Files\Java\jre1.8.0_51\bin\zip.dll
0x000007fefe3e0000 - 0x000007feff16a000 	C:\WINDOWS\system32\SHELL32.dll
0x000007fefe000000 - 0x000007fefe203000 	C:\WINDOWS\system32\ole32.dll
0x000007fefce90000 - 0x000007fefce9f000 	C:\WINDOWS\system32\profapi.dll
0x000007fefccd0000 - 0x000007fefcd27000 	C:\WINDOWS\system32\apphelp.dll
0x000000006d4c0000 - 0x000000006d4da000 	C:\Program Files\Java\jre1.8.0_51\bin\net.dll
0x000007fefbfd0000 - 0x000007fefbfff000 	C:\ProgramData\Sophos\Web Intelligence\swi_ifslsp_64.dll
0x000007fefc670000 - 0x000007fefc6c5000 	C:\WINDOWS\system32\mswsock.dll
0x000007fefc660000 - 0x000007fefc667000 	C:\WINDOWS\System32\wship6.dll
0x000000005be80000 - 0x000000005be91000 	C:\Program Files\Java\jre1.8.0_51\bin\nio.dll
0x000007fefc6d0000 - 0x000007fefc6e8000 	C:\WINDOWS\system32\CRYPTSP.dll
0x000007fefc3d0000 - 0x000007fefc417000 	C:\WINDOWS\system32\rsaenh.dll
0x000007fefcf50000 - 0x000007fefcf6e000 	C:\WINDOWS\system32\USERENV.dll
0x000007fefcd30000 - 0x000007fefcd3f000 	C:\WINDOWS\system32\CRYPTBASE.dll
0x000007fefbd10000 - 0x000007fefbd37000 	C:\WINDOWS\system32\IPHLPAPI.DLL
0x000007fefbfb0000 - 0x000007fefbfbb000 	C:\WINDOWS\system32\WINNSI.DLL
0x000007fef9f50000 - 0x000007fef9f61000 	C:\WINDOWS\system32\dhcpcsvc6.DLL
0x000007fef9f30000 - 0x000007fef9f48000 	C:\WINDOWS\system32\dhcpcsvc.DLL
0x000007fefbfa0000 - 0x000007fefbfa7000 	C:\WINDOWS\System32\wshtcpip.dll
0x000007fefc4f0000 - 0x000007fefc54b000 	C:\WINDOWS\system32\DNSAPI.dll
0x000007fef35b0000 - 0x000007fef35df000 	C:\Program Files\Common Files\Microsoft Shared\Windows Live\WLIDNSP.DLL
0x000007fef35a0000 - 0x000007fef35a8000 	C:\WINDOWS\system32\rasadhlp.dll
0x000007fef9fd0000 - 0x000007fefa023000 	C:\WINDOWS\System32\fwpuclnt.dll
0x000007fecad50000 - 0x000007fecae75000 	C:\WINDOWS\system32\dbghelp.dll

VM Arguments:
jvm_args: -Dfile.encoding=UTF-8 
java_command: cobweb.test.Local_RGeometryPointsProcessTest
java_class_path (initial): C:\jbpm-installer\workspace\workflow-at\jbpm-WPS-client\target\classes;C:\jbpm-installer\eclipse\plugins\org.junit_4.11.0.v201303080030\junit.jar;C:\jbpm-installer\eclipse\plugins\org.hamcrest.core_1.3.0.v201303031735.jar;C:\jbpm-installer_6-1\wildfly-8.1.0.Final\standalone\deployments\WEB-INF\lib\52n-wps-xml-1.0.0.jar;C:\jbpm-installer_6-1\wildfly-8.1.0.Final\standalone\deployments\WEB-INF\lib\52n-wps-algorithm-geotools-3.3.0.jar;C:\jbpm-installer_6-1\wildfly-8.1.0.Final\standalone\deployments\WEB-INF\lib\52n-wps-client-lib-3.3.0.jar;C:\Users\ezzjfr\.m2\repository\org\jbpm\jbpm-flow\6.1.0.Final\jbpm-flow-6.1.0.Final.jar;C:\Users\ezzjfr\.m2\repository\org\kie\kie-api\6.1.0.Final\kie-api-6.1.0.Final.jar;C:\Users\ezzjfr\.m2\repository\org\drools\drools-core\6.1.0.Final\drools-core-6.1.0.Final.jar;C:\Users\ezzjfr\.m2\repository\org\kie\kie-internal\6.1.0.Final\kie-internal-6.1.0.Final.jar;C:\Users\ezzjfr\.m2\repository\com\google\protobuf\protobuf-java\2.5.0\protobuf-java-2.5.0.jar;C:\Users\ezzjfr\.m2\repository\joda-time\joda-time\1.6.2\joda-time-1.6.2.jar;C:\Users\ezzjfr\.m2\repository\org\jbpm\jbpm-test\6.1.0.Final\jbpm-test-6.1.0.Final.jar;C:\Users\ezzjfr\.m2\repository\org\jbpm\jbpm-audit\6.1.0.Final\jbpm-audit-6.1.0.Final.jar;C:\Users\ezzjfr\.m2\repository\org\jbpm\jbpm-human-task-workitems\6.1.0.Final\jbpm-human-task-workitems-6.1.0.Final.jar;C:\Users\ezzjfr\.m2\repository\org\jbpm\jbpm-shared-services\6.1.0.Final\jbpm-shared-services-6.1.0.Final.jar;C:\Users\ezzjfr\.m2\repository\org\jboss\solder\solder-api\3.2.1.Final\solder-api-3.2.1.Final.jar;C:\Users\ezzjfr\.m2\repository\org\jboss\solder\solder-logging\3.2.1.Final\solder-logging-3.2.1.Final.jar;C:\Users\ezzjfr\.m2\repository\org\jboss\weld\weld-core\1.1.21.Final\weld-core-1.1.21.Final.jar;C:\Users\ezzjfr\.m2\repository\org\jboss\weld\weld-api\1.1.Final\weld-api-1.1.Final.jar;C:\Users\ezzjfr\.m2\repository\org\jboss\weld\weld-spi\1.1.Final\weld-spi-1.1.Final.jar;C:\Users\ezzjfr\
Launcher Type: SUN_STANDARD

Environment Variables:
JAVA_HOME=C:\Program Files\Java\jdk1.8.0_25
JRE_HOME=C:\Program Files\Java\jre1.8.0_51
PATH=C:/Program Files/Java/jre1.8.0_51/bin/server;C:/Program Files/Java/jre1.8.0_51/bin;C:/Program Files/Java/jre1.8.0_51/lib/amd64;C:\gradle-2.10\bin;C:\Program Files\Common Files\Microsoft Shared\Windows Live;C:\Program Files (x86)\Common Files\Microsoft Shared\Windows Live;C:\Python27\;C:\Python27\Scripts;C:\ProgramData\Oracle\Java\javapath;C:\WINDOWS\system32;C:\WINDOWS;C:\WINDOWS\System32\Wbem;C:\WINDOWS\System32\WindowsPowerShell\v1.0\;C:\WINDOWS\System32\WindowsPowerShell\v1.0\;C:\Program Files (x86)\Enterprise Vault\EVClient\x64\;C:\Program Files\MATLAB\R2014a\bin;C:\osm2pgsql\x64;C:\apache-ant-1.9.4\bin;C:\Program Files\Java\jdk1.8.0_25\bin;C:\Python25;C:\Program Files (x86)\Windows Live\Shared;C:\Program Files\Intel\WiFi\bin\;C:\Program Files\Common Files\Intel\WirelessCommon\;C:\Program Files\Microsoft\Web Platform Installer\;C:\Program Files (x86)\Git\bin;C:\Program Files\nodejs\;C:\Program Files (x86)\Skype\Phone\;C:\Program Files (x86)\MiKTeX 2.9\miktex\bin\;C:\Program Files (x86)\LyX 2.2\Perl\bin;C:\Program Files\Intel\WiFi\bin\;C:\Program Files\Common Files\Intel\WirelessCommon\;C:\Users\ezzjfr\AppData\Roaming\npm;c:\jbpm-installer;
USERNAME=ezzjfr
OS=Windows_NT
PROCESSOR_IDENTIFIER=Intel64 Family 6 Model 60 Stepping 3, GenuineIntel



---------------  S Y S T E M  ---------------

OS: Windows 7 , 64 bit Build 7601 (6.1.7601.19160)

CPU:total 4 (2 cores per cpu, 2 threads per core) family 6 model 60 stepping 3, cmov, cx8, fxsr, mmx, sse, sse2, sse3, ssse3, sse4.1, sse4.2, popcnt, avx, avx2, clmul, erms, lzcnt, ht, tsc, tscinvbit, bmi1, bmi2

Memory: 4k page, physical 8102456k(941856k free), swap 8842996k(5284k free)

vm_info: Java HotSpot(TM) 64-Bit Server VM (25.51-b03) for windows-amd64 JRE (1.8.0_51-b16), built on Jun  8 2015 18:03:07 by "java_re" with MS VC++ 10.0 (VS2010)

time: Thu Sep 22 10:53:36 2016
elapsed time: 11 seconds (0d 0h 0m 11s)

