#
# There is insufficient memory for the Java Runtime Environment to continue.
# Native memory allocation (malloc) failed to allocate 2349616 bytes for Chunk::new
# Possible reasons:
#   The system is out of physical RAM or swap space
#   In 32 bit mode, the process size limit was hit
# Possible solutions:
#   Reduce memory load on the system
#   Increase physical memory or swap space
#   Check if swap backing store is full
#   Use 64 bit Java on a 64 bit OS
#   Decrease Java heap size (-Xmx/-Xms)
#   Decrease number of Java threads
#   Decrease Java thread stack sizes (-Xss)
#   Set larger code cache with -XX:ReservedCodeCacheSize=
# This output file may be truncated or incomplete.
#
#  Out of Memory Error (allocation.cpp:390), pid=13060, tid=12116
#
# JRE version: Java(TM) SE Runtime Environment (8.0_51-b16) (build 1.8.0_51-b16)
# Java VM: Java HotSpot(TM) 64-Bit Server VM (25.51-b03 mixed mode windows-amd64 compressed oops)
# Failed to write core dump. Minidumps are not enabled by default on client versions of Windows
#

---------------  T H R E A D  ---------------

Current thread (0x000000001868a800):  JavaThread "C2 CompilerThread1" daemon [_thread_in_native, id=12116, stack(0x0000000018ed0000,0x0000000018fd0000)]

Stack: [0x0000000018ed0000,0x0000000018fd0000]
Native frames: (J=compiled Java code, j=interpreted, Vv=VM code, C=native code)
V  [jvm.dll+0x32b4ca]
V  [jvm.dll+0x2797e3]
V  [jvm.dll+0x27a479]
V  [jvm.dll+0x271765]
V  [jvm.dll+0xcba02]
V  [jvm.dll+0xcbecc]
V  [jvm.dll+0x492a7c]
V  [jvm.dll+0x45f7bf]
V  [jvm.dll+0x46a7cb]
V  [jvm.dll+0x46cde2]
V  [jvm.dll+0x4501a2]
V  [jvm.dll+0xa43a2]
V  [jvm.dll+0xa4cdf]
V  [jvm.dll+0x2418a4]
V  [jvm.dll+0x29846a]
C  [msvcr100.dll+0x21d9f]
C  [msvcr100.dll+0x21e3b]
C  [kernel32.dll+0x159cd]
C  [ntdll.dll+0x2a561]


Current CompileTask:
C2:  15565 5056       4       java.net.URLClassLoader$1::run (5 bytes)


---------------  P R O C E S S  ---------------

Java Threads: ( => current thread )
  0x0000000018701800 JavaThread "Service Thread" daemon [_thread_blocked, id=4648, stack(0x0000000019220000,0x0000000019320000)]
  0x000000001868f000 JavaThread "C1 CompilerThread2" daemon [_thread_in_vm, id=9456, stack(0x00000000190b0000,0x00000000191b0000)]
=>0x000000001868a800 JavaThread "C2 CompilerThread1" daemon [_thread_in_native, id=12116, stack(0x0000000018ed0000,0x0000000018fd0000)]
  0x0000000018688800 JavaThread "C2 CompilerThread0" daemon [_thread_in_native, id=11168, stack(0x0000000018c70000,0x0000000018d70000)]
  0x0000000018686800 JavaThread "Attach Listener" daemon [_thread_blocked, id=6656, stack(0x0000000018ad0000,0x0000000018bd0000)]
  0x000000001724e800 JavaThread "Signal Dispatcher" daemon [_thread_blocked, id=12656, stack(0x0000000018460000,0x0000000018560000)]
  0x00000000171f4000 JavaThread "Finalizer" daemon [_thread_blocked, id=6684, stack(0x0000000018580000,0x0000000018680000)]
  0x00000000171ed000 JavaThread "Reference Handler" daemon [_thread_blocked, id=9880, stack(0x0000000018180000,0x0000000018280000)]
  0x0000000001f7e000 JavaThread "main" [_thread_in_vm, id=11188, stack(0x0000000002000000,0x0000000002100000)]

Other Threads:
  0x00000000171e7800 VMThread [stack: 0x0000000018300000,0x0000000018400000] [id=7852]
  0x0000000018725000 WatcherThread [stack: 0x0000000019380000,0x0000000019480000] [id=9824]

VM state:not at safepoint (normal execution)

VM Mutex/Monitor currently owned by a thread:  ([mutex/lock_event])
[0x0000000001f79670] CodeCache_lock - owner thread: 0x000000001868f000
[0x0000000001f7cbd0] Compile_lock - owner thread: 0x0000000001f7e000

Heap:
 PSYoungGen      total 393728K, used 8963K [0x00000000d6c00000, 0x00000000f1180000, 0x0000000100000000)
  eden space 377856K, 2% used [0x00000000d6c00000,0x00000000d74c0da8,0x00000000edd00000)
  from space 15872K, 0% used [0x00000000f0200000,0x00000000f0200000,0x00000000f1180000)
  to   space 18432K, 0% used [0x00000000eed80000,0x00000000eed80000,0x00000000eff80000)
 ParOldGen       total 65024K, used 35631K [0x0000000084400000, 0x0000000088380000, 0x00000000d6c00000)
  object space 65024K, 54% used [0x0000000084400000,0x00000000866cbc88,0x0000000088380000)
 Metaspace       used 34959K, capacity 35522K, committed 36056K, reserved 1081344K
  class space    used 4475K, capacity 4761K, committed 4864K, reserved 1048576K

Card table byte_map: [0x0000000011880000,0x0000000011c60000] byte_map_base: 0x000000001145e000

Marking Bits: (ParMarkBitMap*) 0x0000000070474040
 Begin Bits: [0x0000000012690000, 0x0000000014580000)
 End Bits:   [0x0000000014580000, 0x0000000016470000)

Polling page: 0x0000000000130000

CodeCache: size=245760Kb used=16114Kb max_used=16263Kb free=229645Kb
 bounds [0x00000000024c0000, 0x00000000034c0000, 0x00000000114c0000]
 total_blobs=5101 nmethods=4636 adapters=377
 compilation: enabled

Compilation events (10 events):
Event: 15.364 Thread 0x000000001868f000 5077   !   3       java.net.URL::<init> (543 bytes)
Event: 15.369 Thread 0x000000001868f000 nmethod 5077 0x00000000034987d0 code [0x0000000003498ca0, 0x000000000349bf38]
Event: 15.402 Thread 0x000000001868f000 5078       3       org.apache.xmlbeans.impl.piccolo.xml.PiccoloLexer::isASCIINameCharNS (6 bytes)
Event: 15.402 Thread 0x000000001868f000 nmethod 5078 0x000000000270ed50 code [0x000000000270eea0, 0x000000000270f010]
Event: 15.405 Thread 0x000000001868f000 5079       1       javax.xml.namespace.QName::getNamespaceURI (5 bytes)
Event: 15.405 Thread 0x000000001868f000 nmethod 5079 0x00000000028c9990 code [0x00000000028c9ae0, 0x00000000028c9bf0]
Event: 15.405 Thread 0x000000001868f000 5080       1       org.apache.xmlbeans.impl.piccolo.xml.PiccoloLexer::yystate (5 bytes)
Event: 15.406 Thread 0x000000001868f000 nmethod 5080 0x0000000002967150 code [0x00000000029672a0, 0x00000000029673b0]
Event: 15.406 Thread 0x000000001868f000 5081       3       org.apache.xmlbeans.impl.store.Cur$CurLoadContext::flushText (144 bytes)
Event: 15.407 Thread 0x000000001868f000 nmethod 5081 0x0000000002708390 code [0x0000000002708520, 0x0000000002708958]

GC Heap History (10 events):
Event: 8.171 GC heap before
{Heap before GC invocations=8 (full 0):
 PSYoungGen      total 135680K, used 135648K [0x00000000d6c00000, 0x00000000e7b00000, 0x0000000100000000)
  eden space 126464K, 100% used [0x00000000d6c00000,0x00000000de780000,0x00000000de780000)
  from space 9216K, 99% used [0x00000000de780000,0x00000000df078020,0x00000000df080000)
  to   space 12288K, 0% used [0x00000000e6f00000,0x00000000e6f00000,0x00000000e7b00000)
 ParOldGen       total 84992K, used 8818K [0x0000000084400000, 0x0000000089700000, 0x00000000d6c00000)
  object space 84992K, 10% used [0x0000000084400000,0x0000000084c9caa0,0x0000000089700000)
 Metaspace       used 19879K, capacity 20038K, committed 20352K, reserved 1067008K
  class space    used 2528K, capacity 2568K, committed 2688K, reserved 1048576K
Event: 8.197 GC heap after
Heap after GC invocations=8 (full 0):
 PSYoungGen      total 262144K, used 12256K [0x00000000d6c00000, 0x00000000e8100000, 0x0000000100000000)
  eden space 249856K, 0% used [0x00000000d6c00000,0x00000000d6c00000,0x00000000e6000000)
  from space 12288K, 99% used [0x00000000e6f00000,0x00000000e7af8058,0x00000000e7b00000)
  to   space 15360K, 0% used [0x00000000e6000000,0x00000000e6000000,0x00000000e6f00000)
 ParOldGen       total 84992K, used 12216K [0x0000000084400000, 0x0000000089700000, 0x00000000d6c00000)
  object space 84992K, 14% used [0x0000000084400000,0x0000000084fee120,0x0000000089700000)
 Metaspace       used 19879K, capacity 20038K, committed 20352K, reserved 1067008K
  class space    used 2528K, capacity 2568K, committed 2688K, reserved 1048576K
}
Event: 8.375 GC heap before
{Heap before GC invocations=9 (full 0):
 PSYoungGen      total 262144K, used 28857K [0x00000000d6c00000, 0x00000000e8100000, 0x0000000100000000)
  eden space 249856K, 6% used [0x00000000d6c00000,0x00000000d7c36648,0x00000000e6000000)
  from space 12288K, 99% used [0x00000000e6f00000,0x00000000e7af8058,0x00000000e7b00000)
  to   space 15360K, 0% used [0x00000000e6000000,0x00000000e6000000,0x00000000e6f00000)
 ParOldGen       total 84992K, used 12216K [0x0000000084400000, 0x0000000089700000, 0x00000000d6c00000)
  object space 84992K, 14% used [0x0000000084400000,0x0000000084fee120,0x0000000089700000)
 Metaspace       used 20927K, capacity 21094K, committed 21248K, reserved 1067008K
  class space    used 2674K, capacity 2728K, committed 2816K, reserved 1048576K
Event: 8.392 GC heap after
Heap after GC invocations=9 (full 0):
 PSYoungGen      total 265216K, used 11158K [0x00000000d6c00000, 0x00000000f1180000, 0x0000000100000000)
  eden space 249856K, 0% used [0x00000000d6c00000,0x00000000d6c00000,0x00000000e6000000)
  from space 15360K, 72% used [0x00000000e6000000,0x00000000e6ae5aa8,0x00000000e6f00000)
  to   space 15872K, 0% used [0x00000000f0200000,0x00000000f0200000,0x00000000f1180000)
 ParOldGen       total 84992K, used 14952K [0x0000000084400000, 0x0000000089700000, 0x00000000d6c00000)
  object space 84992K, 17% used [0x0000000084400000,0x000000008529a1d8,0x0000000089700000)
 Metaspace       used 20927K, capacity 21094K, committed 21248K, reserved 1067008K
  class space    used 2674K, capacity 2728K, committed 2816K, reserved 1048576K
}
Event: 8.392 GC heap before
{Heap before GC invocations=10 (full 1):
 PSYoungGen      total 265216K, used 11158K [0x00000000d6c00000, 0x00000000f1180000, 0x0000000100000000)
  eden space 249856K, 0% used [0x00000000d6c00000,0x00000000d6c00000,0x00000000e6000000)
  from space 15360K, 72% used [0x00000000e6000000,0x00000000e6ae5aa8,0x00000000e6f00000)
  to   space 15872K, 0% used [0x00000000f0200000,0x00000000f0200000,0x00000000f1180000)
 ParOldGen       total 84992K, used 14952K [0x0000000084400000, 0x0000000089700000, 0x00000000d6c00000)
  object space 84992K, 17% used [0x0000000084400000,0x000000008529a1d8,0x0000000089700000)
 Metaspace       used 20927K, capacity 21094K, committed 21248K, reserved 1067008K
  class space    used 2674K, capacity 2728K, committed 2816K, reserved 1048576K
Event: 8.530 GC heap after
Heap after GC invocations=10 (full 1):
 PSYoungGen      total 265216K, used 0K [0x00000000d6c00000, 0x00000000f1180000, 0x0000000100000000)
  eden space 249856K, 0% used [0x00000000d6c00000,0x00000000d6c00000,0x00000000e6000000)
  from space 15360K, 0% used [0x00000000e6000000,0x00000000e6000000,0x00000000e6f00000)
  to   space 15872K, 0% used [0x00000000f0200000,0x00000000f0200000,0x00000000f1180000)
 ParOldGen       total 65024K, used 20435K [0x0000000084400000, 0x0000000088380000, 0x00000000d6c00000)
  object space 65024K, 31% used [0x0000000084400000,0x00000000857f4da8,0x0000000088380000)
 Metaspace       used 20927K, capacity 21094K, committed 21248K, reserved 1067008K
  class space    used 2674K, capacity 2728K, committed 2816K, reserved 1048576K
}
Event: 12.928 GC heap before
{Heap before GC invocations=11 (full 1):
 PSYoungGen      total 265216K, used 179711K [0x00000000d6c00000, 0x00000000f1180000, 0x0000000100000000)
  eden space 249856K, 71% used [0x00000000d6c00000,0x00000000e1b7ff10,0x00000000e6000000)
  from space 15360K, 0% used [0x00000000e6000000,0x00000000e6000000,0x00000000e6f00000)
  to   space 15872K, 0% used [0x00000000f0200000,0x00000000f0200000,0x00000000f1180000)
 ParOldGen       total 65024K, used 20435K [0x0000000084400000, 0x0000000088380000, 0x00000000d6c00000)
  object space 65024K, 31% used [0x0000000084400000,0x00000000857f4da8,0x0000000088380000)
 Metaspace       used 34620K, capacity 35170K, committed 35416K, reserved 1079296K
  class space    used 4452K, capacity 4729K, committed 4736K, reserved 1048576K
Event: 14.137 GC heap after
Heap after GC invocations=11 (full 1):
 PSYoungGen      total 393728K, used 15851K [0x00000000d6c00000, 0x00000000f1180000, 0x0000000100000000)
  eden space 377856K, 0% used [0x00000000d6c00000,0x00000000d6c00000,0x00000000edd00000)
  from space 15872K, 99% used [0x00000000f0200000,0x00000000f117aea0,0x00000000f1180000)
  to   space 18432K, 0% used [0x00000000eed80000,0x00000000eed80000,0x00000000eff80000)
 ParOldGen       total 65024K, used 21306K [0x0000000084400000, 0x0000000088380000, 0x00000000d6c00000)
  object space 65024K, 32% used [0x0000000084400000,0x00000000858ce960,0x0000000088380000)
 Metaspace       used 34620K, capacity 35170K, committed 35416K, reserved 1079296K
  class space    used 4452K, capacity 4729K, committed 4736K, reserved 1048576K
}
Event: 14.137 GC heap before
{Heap before GC invocations=12 (full 2):
 PSYoungGen      total 393728K, used 15851K [0x00000000d6c00000, 0x00000000f1180000, 0x0000000100000000)
  eden space 377856K, 0% used [0x00000000d6c00000,0x00000000d6c00000,0x00000000edd00000)
  from space 15872K, 99% used [0x00000000f0200000,0x00000000f117aea0,0x00000000f1180000)
  to   space 18432K, 0% used [0x00000000eed80000,0x00000000eed80000,0x00000000eff80000)
 ParOldGen       total 65024K, used 21306K [0x0000000084400000, 0x0000000088380000, 0x00000000d6c00000)
  object space 65024K, 32% used [0x0000000084400000,0x00000000858ce960,0x0000000088380000)
 Metaspace       used 34620K, capacity 35170K, committed 35416K, reserved 1079296K
  class space    used 4452K, capacity 4729K, committed 4736K, reserved 1048576K
Event: 15.135 GC heap after
Heap after GC invocations=12 (full 2):
 PSYoungGen      total 393728K, used 0K [0x00000000d6c00000, 0x00000000f1180000, 0x0000000100000000)
  eden space 377856K, 0% used [0x00000000d6c00000,0x00000000d6c00000,0x00000000edd00000)
  from space 15872K, 0% used [0x00000000f0200000,0x00000000f0200000,0x00000000f1180000)
  to   space 18432K, 0% used [0x00000000eed80000,0x00000000eed80000,0x00000000eff80000)
 ParOldGen       total 65024K, used 35631K [0x0000000084400000, 0x0000000088380000, 0x00000000d6c00000)
  object space 65024K, 54% used [0x0000000084400000,0x00000000866cbc88,0x0000000088380000)
 Metaspace       used 34620K, capacity 35170K, committed 35416K, reserved 1079296K
  class space    used 4452K, capacity 4729K, committed 4736K, reserved 1048576K
}

Deoptimization events (10 events):
Event: 11.461 Thread 0x0000000001f7e000 Uncommon trap: reason=unstable_if action=reinterpret pc=0x0000000002d7b06c method=java.util.HashMap$HashIterator.<init>(Ljava/util/HashMap;)V @ 45
Event: 11.636 Thread 0x0000000001f7e000 Uncommon trap: reason=class_check action=maybe_recompile pc=0x0000000002ad7c54 method=java.util.AbstractList$Itr.hasNext()Z @ 8
Event: 11.636 Thread 0x0000000001f7e000 Uncommon trap: reason=class_check action=maybe_recompile pc=0x0000000002ae6ac4 method=java.util.AbstractList$Itr.next()Ljava/lang/Object; @ 14
Event: 12.038 Thread 0x0000000001f7e000 Uncommon trap: reason=unstable_if action=reinterpret pc=0x0000000002af3c44 method=java.io.WinNTFileSystem.normalize(Ljava/lang/String;)Ljava/lang/String; @ 128
Event: 12.352 Thread 0x0000000001f7e000 Uncommon trap: reason=class_check action=maybe_recompile pc=0x00000000030412b0 method=java.net.URLClassLoader.defineClass(Ljava/lang/String;Lsun/misc/Resource;)Ljava/lang/Class; @ 13
Event: 12.354 Thread 0x0000000001f7e000 Uncommon trap: reason=class_check action=maybe_recompile pc=0x00000000030412b0 method=java.net.URLClassLoader.defineClass(Ljava/lang/String;Lsun/misc/Resource;)Ljava/lang/Class; @ 13
Event: 12.468 Thread 0x0000000001f7e000 Uncommon trap: reason=class_check action=maybe_recompile pc=0x00000000030412b0 method=java.net.URLClassLoader.defineClass(Ljava/lang/String;Lsun/misc/Resource;)Ljava/lang/Class; @ 13
Event: 12.479 Thread 0x0000000001f7e000 Uncommon trap: reason=class_check action=maybe_recompile pc=0x00000000030412b0 method=java.net.URLClassLoader.defineClass(Ljava/lang/String;Lsun/misc/Resource;)Ljava/lang/Class; @ 13
Event: 15.333 Thread 0x0000000001f7e000 Uncommon trap: reason=unstable_if action=reinterpret pc=0x00000000027a8d44 method=java.net.URL.<init>(Ljava/net/URL;Ljava/lang/String;Ljava/net/URLStreamHandler;)V @ 233
Event: 15.333 Thread 0x0000000001f7e000 Uncommon trap: reason=unstable_if action=reinterpret pc=0x00000000027fb6a8 method=java.net.URLStreamHandler.parseURL(Ljava/net/URL;Ljava/lang/String;II)V @ 655

Internal exceptions (10 events):
Event: 12.777 Thread 0x0000000001f7e000 Exception <a 'java/security/PrivilegedActionException'> (0x00000000e1257070) thrown at [C:\re\workspace\8-2-build-windows-amd64-cygwin\jdk8u51\3951\hotspot\src\share\vm\prims\jvm.cpp, line 1382]
Event: 12.777 Thread 0x0000000001f7e000 Exception <a 'java/security/PrivilegedActionException'> (0x00000000e12573b8) thrown at [C:\re\workspace\8-2-build-windows-amd64-cygwin\jdk8u51\3951\hotspot\src\share\vm\prims\jvm.cpp, line 1382]
Event: 12.780 Thread 0x0000000001f7e000 Exception <a 'java/security/PrivilegedActionException'> (0x00000000e128bdc8) thrown at [C:\re\workspace\8-2-build-windows-amd64-cygwin\jdk8u51\3951\hotspot\src\share\vm\prims\jvm.cpp, line 1382]
Event: 12.780 Thread 0x0000000001f7e000 Exception <a 'java/security/PrivilegedActionException'> (0x00000000e128c110) thrown at [C:\re\workspace\8-2-build-windows-amd64-cygwin\jdk8u51\3951\hotspot\src\share\vm\prims\jvm.cpp, line 1382]
Event: 12.781 Thread 0x0000000001f7e000 Exception <a 'java/security/PrivilegedActionException'> (0x00000000e12a52d8) thrown at [C:\re\workspace\8-2-build-windows-amd64-cygwin\jdk8u51\3951\hotspot\src\share\vm\prims\jvm.cpp, line 1382]
Event: 12.781 Thread 0x0000000001f7e000 Exception <a 'java/security/PrivilegedActionException'> (0x00000000e12a57b0) thrown at [C:\re\workspace\8-2-build-windows-amd64-cygwin\jdk8u51\3951\hotspot\src\share\vm\prims\jvm.cpp, line 1382]
Event: 12.782 Thread 0x0000000001f7e000 Exception <a 'java/security/PrivilegedActionException'> (0x00000000e12be9c8) thrown at [C:\re\workspace\8-2-build-windows-amd64-cygwin\jdk8u51\3951\hotspot\src\share\vm\prims\jvm.cpp, line 1382]
Event: 12.782 Thread 0x0000000001f7e000 Exception <a 'java/security/PrivilegedActionException'> (0x00000000e12bed10) thrown at [C:\re\workspace\8-2-build-windows-amd64-cygwin\jdk8u51\3951\hotspot\src\share\vm\prims\jvm.cpp, line 1382]
Event: 12.782 Thread 0x0000000001f7e000 Exception <a 'java/security/PrivilegedActionException'> (0x00000000e12d8f38) thrown at [C:\re\workspace\8-2-build-windows-amd64-cygwin\jdk8u51\3951\hotspot\src\share\vm\prims\jvm.cpp, line 1382]
Event: 12.782 Thread 0x0000000001f7e000 Exception <a 'java/security/PrivilegedActionException'> (0x00000000e12d9410) thrown at [C:\re\workspace\8-2-build-windows-amd64-cygwin\jdk8u51\3951\hotspot\src\share\vm\prims\jvm.cpp, line 1382]

Events (10 events):
Event: 15.407 Thread 0x000000001868f000 flushing nmethod 0x0000000002aaf710
Event: 15.407 Thread 0x000000001868f000 flushing nmethod 0x0000000002ab0350
Event: 15.407 Thread 0x000000001868f000 flushing nmethod 0x0000000002ab10d0
Event: 15.407 Thread 0x000000001868f000 flushing nmethod 0x0000000002ab9590
Event: 15.407 Thread 0x000000001868f000 flushing nmethod 0x0000000002aba8d0
Event: 15.407 Thread 0x000000001868f000 flushing nmethod 0x0000000002abc990
Event: 15.407 Thread 0x000000001868f000 flushing nmethod 0x0000000002abcd50
Event: 15.407 Thread 0x000000001868f000 flushing nmethod 0x0000000002abd450
Event: 15.407 Thread 0x000000001868f000 flushing nmethod 0x0000000002abe7d0
Event: 15.407 Thread 0x000000001868f000 flushing nmethod 0x0000000002abeed0


Dynamic libraries:
0x000000013f640000 - 0x000000013f677000 	C:\Program Files\Java\jre1.8.0_51\bin\javaw.exe
0x0000000077450000 - 0x00000000775fa000 	C:\WINDOWS\SYSTEM32\ntdll.dll
0x0000000077330000 - 0x000000007744f000 	C:\WINDOWS\system32\kernel32.dll
0x000007fefd420000 - 0x000007fefd48a000 	C:\WINDOWS\system32\KERNELBASE.dll
0x000007fefdcc0000 - 0x000007fefdd9b000 	C:\WINDOWS\system32\ADVAPI32.dll
0x000007fefd8d0000 - 0x000007fefd96f000 	C:\WINDOWS\system32\msvcrt.dll
0x000007fefdc50000 - 0x000007fefdc6f000 	C:\WINDOWS\SYSTEM32\sechost.dll
0x000007fefde50000 - 0x000007fefdf7d000 	C:\WINDOWS\system32\RPCRT4.dll
0x0000000077230000 - 0x000000007732a000 	C:\WINDOWS\system32\USER32.dll
0x000007fefe2e0000 - 0x000007fefe347000 	C:\WINDOWS\system32\GDI32.dll
0x000007fefdf80000 - 0x000007fefdf8e000 	C:\WINDOWS\system32\LPK.dll
0x000007fefe080000 - 0x000007fefe14a000 	C:\WINDOWS\system32\USP10.dll
0x000007fefb590000 - 0x000007fefb784000 	C:\WINDOWS\WinSxS\amd64_microsoft.windows.common-controls_6595b64144ccf1df_6.0.7601.18837_none_fa3b1e3d17594757\COMCTL32.dll
0x000007fefddd0000 - 0x000007fefde41000 	C:\WINDOWS\system32\SHLWAPI.dll
0x000007fefdda0000 - 0x000007fefddce000 	C:\WINDOWS\system32\IMM32.DLL
0x000007fefd7c0000 - 0x000007fefd8c9000 	C:\WINDOWS\system32\MSCTF.dll
0x0000000074ed0000 - 0x0000000074f09000 	C:\PROGRA~2\Sophos\SOPHOS~1\SOPHOS~2.DLL
0x0000000077610000 - 0x0000000077617000 	C:\WINDOWS\system32\PSAPI.DLL
0x00000000788d0000 - 0x00000000789a2000 	C:\Program Files\Java\jre1.8.0_51\bin\msvcr100.dll
0x000000006fc70000 - 0x00000000704f3000 	C:\Program Files\Java\jre1.8.0_51\bin\server\jvm.dll
0x000007fef7ec0000 - 0x000007fef7ec9000 	C:\WINDOWS\system32\WSOCK32.dll
0x000007fefdc70000 - 0x000007fefdcbd000 	C:\WINDOWS\system32\WS2_32.dll
0x000007fefdf90000 - 0x000007fefdf98000 	C:\WINDOWS\system32\NSI.dll
0x000007fefae90000 - 0x000007fefaecb000 	C:\WINDOWS\system32\WINMM.dll
0x000007fefc2b0000 - 0x000007fefc2bc000 	C:\WINDOWS\system32\VERSION.dll
0x0000000051490000 - 0x000000005149f000 	C:\Program Files\Java\jre1.8.0_51\bin\verify.dll
0x0000000051460000 - 0x0000000051489000 	C:\Program Files\Java\jre1.8.0_51\bin\java.dll
0x0000000051410000 - 0x0000000051426000 	C:\Program Files\Java\jre1.8.0_51\bin\zip.dll
0x000007fefe7a0000 - 0x000007feff52a000 	C:\WINDOWS\system32\SHELL32.dll
0x000007feff550000 - 0x000007feff753000 	C:\WINDOWS\system32\ole32.dll
0x000007fefd180000 - 0x000007fefd18f000 	C:\WINDOWS\system32\profapi.dll
0x000007fefcfc0000 - 0x000007fefd017000 	C:\WINDOWS\system32\apphelp.dll
0x0000000050ed0000 - 0x0000000050eea000 	C:\Program Files\Java\jre1.8.0_51\bin\net.dll
0x000007fefc2c0000 - 0x000007fefc2f0000 	C:\ProgramData\Sophos\Web Intelligence\swi_ifslsp_64.dll
0x000007fefc960000 - 0x000007fefc9b5000 	C:\WINDOWS\system32\mswsock.dll
0x000007fefc950000 - 0x000007fefc957000 	C:\WINDOWS\System32\wship6.dll
0x0000000050eb0000 - 0x0000000050ec1000 	C:\Program Files\Java\jre1.8.0_51\bin\nio.dll
0x000007fefc9c0000 - 0x000007fefc9d8000 	C:\WINDOWS\system32\CRYPTSP.dll
0x000007fefc6c0000 - 0x000007fefc707000 	C:\WINDOWS\system32\rsaenh.dll
0x000007fefd360000 - 0x000007fefd37e000 	C:\WINDOWS\system32\USERENV.dll
0x000007fefd020000 - 0x000007fefd02f000 	C:\WINDOWS\system32\CRYPTBASE.dll
0x000007fefc000000 - 0x000007fefc027000 	C:\WINDOWS\system32\IPHLPAPI.DLL
0x000007fefc2a0000 - 0x000007fefc2ab000 	C:\WINDOWS\system32\WINNSI.DLL
0x000007fefa270000 - 0x000007fefa288000 	C:\WINDOWS\system32\dhcpcsvc.DLL
0x000007fefa250000 - 0x000007fefa261000 	C:\WINDOWS\system32\dhcpcsvc6.DLL
0x000007feeb3c0000 - 0x000007feeb4e5000 	C:\WINDOWS\system32\dbghelp.dll

VM Arguments:
jvm_args: -Dhttp.proxyHost=128.243.46.53 -Dhttp.proxyPort=3128 -Dfile.encoding=UTF-8 
java_command: metaworkflows.test.Remote_MetaworkflowsGeoMesaQueryHeatMapTest
java_class_path (initial): C:\jbpm-installer\workspace\workflow-at\jbpm-WPS-client\target\classes;C:\jbpm-installer\eclipse\plugins\org.junit_4.11.0.v201303080030\junit.jar;C:\jbpm-installer\eclipse\plugins\org.hamcrest.core_1.3.0.v201303031735.jar;C:\jbpm-installer\workspace\geonetwork-manager\target\classes;C:\jbpm-installer\workspace\geonetwork-manager\target\test-classes;C:\Users\ezzjfr\.m2\repository\commons-io\commons-io\2.4\commons-io-2.4.jar;C:\Users\ezzjfr\.m2\repository\commons-httpclient\commons-httpclient\3.1\commons-httpclient-3.1.jar;C:\Users\ezzjfr\.m2\repository\commons-logging\commons-logging\1.0.4\commons-logging-1.0.4.jar;C:\Users\ezzjfr\.m2\repository\commons-codec\commons-codec\1.2\commons-codec-1.2.jar;C:\Users\ezzjfr\.m2\repository\org\jdom\jdom\1.1.3\jdom-1.1.3.jar;C:\Users\ezzjfr\.m2\repository\log4j\log4j\1.2.17\log4j-1.2.17.jar;C:\Users\ezzjfr\.m2\repository\junit\junit\4.8.2\junit-4.8.2.jar;C:\Users\ezzjfr\.m2\repository\org\springframework\spring-core\2.5.6.SEC02\spring-core-2.5.6.SEC02.jar;C:\Users\ezzjfr\.m2\repository\org\jbpm\jbpm-flow\6.1.0.Final\jbpm-flow-6.1.0.Final.jar;C:\Users\ezzjfr\.m2\repository\org\kie\kie-api\6.1.0.Final\kie-api-6.1.0.Final.jar;C:\Users\ezzjfr\.m2\repository\org\drools\drools-core\6.1.0.Final\drools-core-6.1.0.Final.jar;C:\Users\ezzjfr\.m2\repository\org\kie\kie-internal\6.1.0.Final\kie-internal-6.1.0.Final.jar;C:\Users\ezzjfr\.m2\repository\com\google\protobuf\protobuf-java\2.5.0\protobuf-java-2.5.0.jar;C:\Users\ezzjfr\.m2\repository\joda-time\joda-time\1.6.2\joda-time-1.6.2.jar;C:\Users\ezzjfr\.m2\repository\org\jbpm\jbpm-test\6.1.0.Final\jbpm-test-6.1.0.Final.jar;C:\Users\ezzjfr\.m2\repository\org\jbpm\jbpm-audit\6.1.0.Final\jbpm-audit-6.1.0.Final.jar;C:\Users\ezzjfr\.m2\repository\org\jbpm\jbpm-human-task-workitems\6.1.0.Final\jbpm-human-task-workitems-6.1.0.Final.jar;C:\Users\ezzjfr\.m2\repository\org\jbpm\jbpm-shared-services\6.1.0.Final\jbpm-shared-services-6.1.0.Final.jar;C:\Users\ezzjfr\.m2\repos
Launcher Type: SUN_STANDARD

Environment Variables:
JAVA_HOME=C:\Program Files\Java\jdk1.8.0_25
JRE_HOME=C:\Program Files\Java\jre1.8.0_51
PATH=C:/Program Files/Java/jre1.8.0_51/bin/server;C:/Program Files/Java/jre1.8.0_51/bin;C:/Program Files/Java/jre1.8.0_51/lib/amd64;C:\gradle-2.10\bin;C:\Program Files\Common Files\Microsoft Shared\Windows Live;C:\Program Files (x86)\Common Files\Microsoft Shared\Windows Live;C:\Python27\;C:\Python27\Scripts;C:\ProgramData\Oracle\Java\javapath;C:\WINDOWS\system32;C:\WINDOWS;C:\WINDOWS\System32\Wbem;C:\WINDOWS\System32\WindowsPowerShell\v1.0\;C:\WINDOWS\System32\WindowsPowerShell\v1.0\;C:\Program Files (x86)\Enterprise Vault\EVClient\x64\;C:\Program Files\MATLAB\R2014a\bin;C:\osm2pgsql\x64;C:\apache-ant-1.9.4\bin;C:\Program Files\Java\jdk1.8.0_25\bin;C:\Python25;C:\Program Files (x86)\Windows Live\Shared;C:\Program Files\Microsoft\Web Platform Installer\;C:\Program Files (x86)\Git\bin;C:\Program Files\nodejs\;C:\Program Files (x86)\Skype\Phone\;C:\Program Files (x86)\MiKTeX 2.9\miktex\bin\;C:\Program Files (x86)\LyX 2.2\Perl\bin;C:\Program Files\Intel\WiFi\bin\;C:\Program Files\Common Files\Intel\WirelessCommon\;C:\Program Files (x86)\Pandoc\;C:\Ruby22\bin;C:\Users\ezzjfr\AppData\Local\Continuum\Anaconda2;C:\Users\ezzjfr\AppData\Local\Continuum\Anaconda2\Scripts;C:\Users\ezzjfr\AppData\Local\Continuum\Anaconda2\Library\bin;C:\Users\ezzjfr\AppData\Roaming\npm;C:\Program Files\Intel\WiFi\bin\;C:\Program Files\Common Files\Intel\WirelessCommon\;C:\jbpm-installer;
USERNAME=ezzjfr
OS=Windows_NT
PROCESSOR_IDENTIFIER=Intel64 Family 6 Model 60 Stepping 3, GenuineIntel



---------------  S Y S T E M  ---------------

OS: Windows 7 , 64 bit Build 7601 (6.1.7601.23572)

CPU:total 4 (2 cores per cpu, 2 threads per core) family 6 model 60 stepping 3, cmov, cx8, fxsr, mmx, sse, sse2, sse3, ssse3, sse4.1, sse4.2, popcnt, avx, avx2, clmul, erms, lzcnt, ht, tsc, tscinvbit, bmi1, bmi2

Memory: 4k page, physical 8102456k(29028k free), swap 10199904k(5132k free)

vm_info: Java HotSpot(TM) 64-Bit Server VM (25.51-b03) for windows-amd64 JRE (1.8.0_51-b16), built on Jun  8 2015 18:03:07 by "java_re" with MS VC++ 10.0 (VS2010)

time: Mon Mar 13 10:43:36 2017
elapsed time: 15 seconds (0d 0h 0m 15s)

