#
# There is insufficient memory for the Java Runtime Environment to continue.
# Native memory allocation (malloc) failed to allocate 710016 bytes for Chunk::new
# Possible reasons:
#   The system is out of physical RAM or swap space
#   In 32 bit mode, the process size limit was hit
# Possible solutions:
#   Reduce memory load on the system
#   Increase physical memory or swap space
#   Check if swap backing store is full
#   Use 64 bit Java on a 64 bit OS
#   Decrease Java heap size (-Xmx/-Xms)
#   Decrease number of Java threads
#   Decrease Java thread stack sizes (-Xss)
#   Set larger code cache with -XX:ReservedCodeCacheSize=
# This output file may be truncated or incomplete.
#
#  Out of Memory Error (allocation.cpp:390), pid=6920, tid=840
#
# JRE version: Java(TM) SE Runtime Environment (8.0_51-b16) (build 1.8.0_51-b16)
# Java VM: Java HotSpot(TM) 64-Bit Server VM (25.51-b03 mixed mode windows-amd64 compressed oops)
# Failed to write core dump. Minidumps are not enabled by default on client versions of Windows
#

---------------  T H R E A D  ---------------

Current thread (0x000000005899a000):  JavaThread "C2 CompilerThread1" daemon [_thread_in_native, id=840, stack(0x00000000594a0000,0x00000000595a0000)]

Stack: [0x00000000594a0000,0x00000000595a0000],  sp=0x000000005959f670,  free space=1021k
Native frames: (J=compiled Java code, j=interpreted, Vv=VM code, C=native code)
V  [jvm.dll+0x32b4ca]


Current CompileTask:
C2:   3488 1585   !   4       org.apache.maven.model.interpolation.StringSearchModelInterpolator$InterpolateObjectAction::interpolateField (244 bytes)


---------------  P R O C E S S  ---------------

Java Threads: ( => current thread )
  0x0000000058a31000 JavaThread "Service Thread" daemon [_thread_blocked, id=11636, stack(0x00000000596e0000,0x00000000597e0000)]
  0x000000005899b800 JavaThread "C1 CompilerThread2" daemon [_thread_in_native, id=5428, stack(0x0000000059150000,0x0000000059250000)]
=>0x000000005899a000 JavaThread "C2 CompilerThread1" daemon [_thread_in_native, id=840, stack(0x00000000594a0000,0x00000000595a0000)]
  0x0000000058994800 JavaThread "C2 CompilerThread0" daemon [_thread_in_native, id=9632, stack(0x0000000059250000,0x0000000059350000)]
  0x0000000058992800 JavaThread "Attach Listener" daemon [_thread_blocked, id=11656, stack(0x0000000059030000,0x0000000059130000)]
  0x00000000573fe800 JavaThread "Signal Dispatcher" daemon [_thread_blocked, id=3680, stack(0x0000000058e50000,0x0000000058f50000)]
  0x00000000573a2000 JavaThread "Finalizer" daemon [_thread_blocked, id=7708, stack(0x0000000058890000,0x0000000058990000)]
  0x000000005739b000 JavaThread "Reference Handler" daemon [_thread_blocked, id=5684, stack(0x0000000058720000,0x0000000058820000)]
  0x00000000021e2000 JavaThread "main" [_thread_in_Java, id=5312, stack(0x0000000002520000,0x0000000002620000)]

Other Threads:
  0x0000000057395800 VMThread [stack: 0x0000000058520000,0x0000000058620000] [id=6704]
  0x0000000058a35000 WatcherThread [stack: 0x0000000059350000,0x0000000059450000] [id=11100]

VM state:not at safepoint (normal execution)

VM Mutex/Monitor currently owned by a thread: None

Heap:
 PSYoungGen      total 68608K, used 20332K [0x00000000d6c00000, 0x00000000db400000, 0x0000000100000000)
  eden space 63488K, 23% used [0x00000000d6c00000,0x00000000d7adc5b8,0x00000000daa00000)
  from space 5120K, 99% used [0x00000000daf00000,0x00000000db3fec00,0x00000000db400000)
  to   space 5120K, 0% used [0x00000000daa00000,0x00000000daa00000,0x00000000daf00000)
 ParOldGen       total 84992K, used 2357K [0x0000000084400000, 0x0000000089700000, 0x00000000d6c00000)
  object space 84992K, 2% used [0x0000000084400000,0x000000008464d4a0,0x0000000089700000)
 Metaspace       used 16467K, capacity 16630K, committed 16768K, reserved 1064960K
  class space    used 2120K, capacity 2169K, committed 2176K, reserved 1048576K

Card table byte_map: [0x0000000011cb0000,0x0000000012090000] byte_map_base: 0x000000001188e000

Marking Bits: (ParMarkBitMap*) 0x00000000703e4040
 Begin Bits: [0x0000000012840000, 0x0000000014730000)
 End Bits:   [0x0000000014730000, 0x0000000016620000)

Polling page: 0x0000000001b70000

CodeCache: size=245760Kb used=6018Kb max_used=6018Kb free=239741Kb
 bounds [0x00000000028f0000, 0x0000000002ee0000, 0x00000000118f0000]
 total_blobs=1973 nmethods=1640 adapters=245
 compilation: enabled

Compilation events (10 events):
Event: 3.465 Thread 0x000000005899b800 1640       3       java.util.regex.Pattern$BitClass::add (97 bytes)
Event: 3.466 Thread 0x000000005899b800 nmethod 1640 0x0000000002ec0dd0 code [0x0000000002ec0fe0, 0x0000000002ec1938]
Event: 3.466 Thread 0x000000005899b800 1649       3       java.util.regex.Pattern::bitsOrSingle (104 bytes)
Event: 3.467 Thread 0x000000005899b800 nmethod 1649 0x0000000002ec1e50 code [0x0000000002ec2000, 0x0000000002ec2758]
Event: 3.467 Thread 0x000000005899b800 1653       3       java.util.regex.Pattern::compile (406 bytes)
Event: 3.470 Thread 0x000000005899b800 nmethod 1653 0x0000000002ec2890 code [0x0000000002ec2c40, 0x0000000002ec4e28]
Event: 3.470 Thread 0x000000005899b800 1655       3       java.util.regex.Pattern::RemoveQEQuoting (346 bytes)
Event: 3.472 Thread 0x000000005899b800 nmethod 1655 0x0000000002ec5c10 code [0x0000000002ec5e60, 0x0000000002ec6f58]
Event: 3.472 Thread 0x000000005899b800 1644       1       org.apache.maven.model.building.DefaultModelBuildingRequest::getValidationLevel (5 bytes)
Event: 3.472 Thread 0x000000005899b800 nmethod 1644 0x0000000002ec7890 code [0x0000000002ec79e0, 0x0000000002ec7af0]

GC Heap History (8 events):
Event: 1.738 GC heap before
{Heap before GC invocations=1 (full 0):
 PSYoungGen      total 36864K, used 31744K [0x00000000d6c00000, 0x00000000d9500000, 0x0000000100000000)
  eden space 31744K, 100% used [0x00000000d6c00000,0x00000000d8b00000,0x00000000d8b00000)
  from space 5120K, 0% used [0x00000000d9000000,0x00000000d9000000,0x00000000d9500000)
  to   space 5120K, 0% used [0x00000000d8b00000,0x00000000d8b00000,0x00000000d9000000)
 ParOldGen       total 84992K, used 0K [0x0000000084400000, 0x0000000089700000, 0x00000000d6c00000)
  object space 84992K, 0% used [0x0000000084400000,0x0000000084400000,0x0000000089700000)
 Metaspace       used 8444K, capacity 8592K, committed 8832K, reserved 1056768K
  class space    used 1034K, capacity 1072K, committed 1152K, reserved 1048576K
Event: 1.745 GC heap after
Heap after GC invocations=1 (full 0):
 PSYoungGen      total 36864K, used 4765K [0x00000000d6c00000, 0x00000000d9500000, 0x0000000100000000)
  eden space 31744K, 0% used [0x00000000d6c00000,0x00000000d6c00000,0x00000000d8b00000)
  from space 5120K, 93% used [0x00000000d8b00000,0x00000000d8fa7500,0x00000000d9000000)
  to   space 5120K, 0% used [0x00000000d9000000,0x00000000d9000000,0x00000000d9500000)
 ParOldGen       total 84992K, used 72K [0x0000000084400000, 0x0000000089700000, 0x00000000d6c00000)
  object space 84992K, 0% used [0x0000000084400000,0x0000000084412010,0x0000000089700000)
 Metaspace       used 8444K, capacity 8592K, committed 8832K, reserved 1056768K
  class space    used 1034K, capacity 1072K, committed 1152K, reserved 1048576K
}
Event: 2.411 GC heap before
{Heap before GC invocations=2 (full 0):
 PSYoungGen      total 36864K, used 36509K [0x00000000d6c00000, 0x00000000d9500000, 0x0000000100000000)
  eden space 31744K, 100% used [0x00000000d6c00000,0x00000000d8b00000,0x00000000d8b00000)
  from space 5120K, 93% used [0x00000000d8b00000,0x00000000d8fa7500,0x00000000d9000000)
  to   space 5120K, 0% used [0x00000000d9000000,0x00000000d9000000,0x00000000d9500000)
 ParOldGen       total 84992K, used 72K [0x0000000084400000, 0x0000000089700000, 0x00000000d6c00000)
  object space 84992K, 0% used [0x0000000084400000,0x0000000084412010,0x0000000089700000)
 Metaspace       used 11602K, capacity 11728K, committed 11904K, reserved 1058816K
  class space    used 1524K, capacity 1584K, committed 1664K, reserved 1048576K
Event: 2.419 GC heap after
Heap after GC invocations=2 (full 0):
 PSYoungGen      total 36864K, used 5092K [0x00000000d6c00000, 0x00000000d9500000, 0x0000000100000000)
  eden space 31744K, 0% used [0x00000000d6c00000,0x00000000d6c00000,0x00000000d8b00000)
  from space 5120K, 99% used [0x00000000d9000000,0x00000000d94f9358,0x00000000d9500000)
  to   space 5120K, 0% used [0x00000000d8b00000,0x00000000d8b00000,0x00000000d9000000)
 ParOldGen       total 84992K, used 535K [0x0000000084400000, 0x0000000089700000, 0x00000000d6c00000)
  object space 84992K, 0% used [0x0000000084400000,0x0000000084485d60,0x0000000089700000)
 Metaspace       used 11602K, capacity 11728K, committed 11904K, reserved 1058816K
  class space    used 1524K, capacity 1584K, committed 1664K, reserved 1048576K
}
Event: 2.727 GC heap before
{Heap before GC invocations=3 (full 0):
 PSYoungGen      total 36864K, used 36836K [0x00000000d6c00000, 0x00000000d9500000, 0x0000000100000000)
  eden space 31744K, 100% used [0x00000000d6c00000,0x00000000d8b00000,0x00000000d8b00000)
  from space 5120K, 99% used [0x00000000d9000000,0x00000000d94f9358,0x00000000d9500000)
  to   space 5120K, 0% used [0x00000000d8b00000,0x00000000d8b00000,0x00000000d9000000)
 ParOldGen       total 84992K, used 535K [0x0000000084400000, 0x0000000089700000, 0x00000000d6c00000)
  object space 84992K, 0% used [0x0000000084400000,0x0000000084485d60,0x0000000089700000)
 Metaspace       used 12534K, capacity 12694K, committed 13056K, reserved 1060864K
  class space    used 1666K, capacity 1713K, committed 1792K, reserved 1048576K
Event: 2.733 GC heap after
Heap after GC invocations=3 (full 0):
 PSYoungGen      total 36864K, used 4489K [0x00000000d6c00000, 0x00000000db400000, 0x0000000100000000)
  eden space 31744K, 0% used [0x00000000d6c00000,0x00000000d6c00000,0x00000000d8b00000)
  from space 5120K, 87% used [0x00000000d8b00000,0x00000000d8f625b8,0x00000000d9000000)
  to   space 5120K, 0% used [0x00000000daf00000,0x00000000daf00000,0x00000000db400000)
 ParOldGen       total 84992K, used 543K [0x0000000084400000, 0x0000000089700000, 0x00000000d6c00000)
  object space 84992K, 0% used [0x0000000084400000,0x0000000084487d60,0x0000000089700000)
 Metaspace       used 12534K, capacity 12694K, committed 13056K, reserved 1060864K
  class space    used 1666K, capacity 1713K, committed 1792K, reserved 1048576K
}
Event: 3.224 GC heap before
{Heap before GC invocations=4 (full 0):
 PSYoungGen      total 36864K, used 36233K [0x00000000d6c00000, 0x00000000db400000, 0x0000000100000000)
  eden space 31744K, 100% used [0x00000000d6c00000,0x00000000d8b00000,0x00000000d8b00000)
  from space 5120K, 87% used [0x00000000d8b00000,0x00000000d8f625b8,0x00000000d9000000)
  to   space 5120K, 0% used [0x00000000daf00000,0x00000000daf00000,0x00000000db400000)
 ParOldGen       total 84992K, used 543K [0x0000000084400000, 0x0000000089700000, 0x00000000d6c00000)
  object space 84992K, 0% used [0x0000000084400000,0x0000000084487d60,0x0000000089700000)
 Metaspace       used 15413K, capacity 15554K, committed 15744K, reserved 1062912K
  class space    used 2028K, capacity 2067K, committed 2176K, reserved 1048576K
Event: 3.235 GC heap after
Heap after GC invocations=4 (full 0):
 PSYoungGen      total 68608K, used 5115K [0x00000000d6c00000, 0x00000000db400000, 0x0000000100000000)
  eden space 63488K, 0% used [0x00000000d6c00000,0x00000000d6c00000,0x00000000daa00000)
  from space 5120K, 99% used [0x00000000daf00000,0x00000000db3fec00,0x00000000db400000)
  to   space 5120K, 0% used [0x00000000daa00000,0x00000000daa00000,0x00000000daf00000)
 ParOldGen       total 84992K, used 2357K [0x0000000084400000, 0x0000000089700000, 0x00000000d6c00000)
  object space 84992K, 2% used [0x0000000084400000,0x000000008464d4a0,0x0000000089700000)
 Metaspace       used 15413K, capacity 15554K, committed 15744K, reserved 1062912K
  class space    used 2028K, capacity 2067K, committed 2176K, reserved 1048576K
}

Deoptimization events (10 events):
Event: 2.737 Thread 0x00000000021e2000 Uncommon trap: reason=class_check action=maybe_recompile pc=0x0000000002caff70 method=java.util.HashMap.putVal(ILjava/lang/Object;Ljava/lang/Object;ZZ)Ljava/lang/Object; @ 203
Event: 2.763 Thread 0x00000000021e2000 Uncommon trap: reason=class_check action=maybe_recompile pc=0x0000000002caff70 method=java.util.HashMap.putVal(ILjava/lang/Object;Ljava/lang/Object;ZZ)Ljava/lang/Object; @ 203
Event: 2.763 Thread 0x00000000021e2000 Uncommon trap: reason=class_check action=maybe_recompile pc=0x0000000002caff70 method=java.util.HashMap.putVal(ILjava/lang/Object;Ljava/lang/Object;ZZ)Ljava/lang/Object; @ 203
Event: 2.795 Thread 0x00000000021e2000 Uncommon trap: reason=class_check action=maybe_recompile pc=0x0000000002d296f8 method=java.lang.reflect.Executable.getAnnotation(Ljava/lang/Class;)Ljava/lang/annotation/Annotation; @ 11
Event: 2.795 Thread 0x00000000021e2000 Uncommon trap: reason=class_check action=maybe_recompile pc=0x0000000002d296f8 method=java.lang.reflect.Executable.getAnnotation(Ljava/lang/Class;)Ljava/lang/annotation/Annotation; @ 11
Event: 3.108 Thread 0x00000000021e2000 Uncommon trap: reason=unstable_if action=reinterpret pc=0x0000000002d14c48 method=org.codehaus.plexus.util.xml.pull.MXParser.parseStartTag()I @ 443
Event: 3.112 Thread 0x00000000021e2000 Uncommon trap: reason=unstable_if action=reinterpret pc=0x0000000002c96fc0 method=java.io.WinNTFileSystem.normalize(Ljava/lang/String;II)Ljava/lang/String; @ 90
Event: 3.269 Thread 0x00000000021e2000 Uncommon trap: reason=unstable_if action=reinterpret pc=0x0000000002cc5238 method=org.codehaus.plexus.util.xml.pull.MXParser.nextImpl()I @ 269
Event: 3.270 Thread 0x00000000021e2000 Uncommon trap: reason=unstable_if action=reinterpret pc=0x0000000002cceac4 method=sun.nio.cs.StreamDecoder.implRead([CII)I @ 36
Event: 3.385 Thread 0x00000000021e2000 Uncommon trap: reason=unstable_if action=reinterpret pc=0x0000000002ca48f0 method=sun.nio.cs.StreamDecoder.implRead([CII)I @ 36

Internal exceptions (10 events):
Event: 1.133 Thread 0x00000000021e2000 Exception <a 'java/security/PrivilegedActionException'> (0x00000000d7712638) thrown at [C:\re\workspace\8-2-build-windows-amd64-cygwin\jdk8u51\3951\hotspot\src\share\vm\prims\jvm.cpp, line 1382]
Event: 1.522 Thread 0x00000000021e2000 Implicit null exception at 0x0000000002b08b46 to 0x0000000002b08e85
Event: 2.241 Thread 0x00000000021e2000 Exception <a 'java/lang/ArrayIndexOutOfBoundsException': 18> (0x00000000d82fb8b0) thrown at [C:\re\workspace\8-2-build-windows-amd64-cygwin\jdk8u51\3951\hotspot\src\share\vm\interpreter\interpreterRuntime.cpp, line 366]
Event: 2.241 Thread 0x00000000021e2000 Exception <a 'java/lang/ArrayIndexOutOfBoundsException': 43> (0x00000000d82fc6a0) thrown at [C:\re\workspace\8-2-build-windows-amd64-cygwin\jdk8u51\3951\hotspot\src\share\vm\interpreter\interpreterRuntime.cpp, line 366]
Event: 2.243 Thread 0x00000000021e2000 Exception <a 'java/lang/ArrayIndexOutOfBoundsException': 92> (0x00000000d82fde88) thrown at [C:\re\workspace\8-2-build-windows-amd64-cygwin\jdk8u51\3951\hotspot\src\share\vm\interpreter\interpreterRuntime.cpp, line 366]
Event: 2.325 Thread 0x00000000021e2000 Exception <a 'java/lang/ArrayIndexOutOfBoundsException'> (0x00000000d86c9848) thrown at [C:\re\workspace\8-2-build-windows-amd64-cygwin\jdk8u51\3951\hotspot\src\share\vm\runtime\sharedRuntime.cpp, line 605]
Event: 2.325 Thread 0x00000000021e2000 Exception <a 'java/lang/ArrayIndexOutOfBoundsException'> (0x00000000d86caec0) thrown at [C:\re\workspace\8-2-build-windows-amd64-cygwin\jdk8u51\3951\hotspot\src\share\vm\runtime\sharedRuntime.cpp, line 605]
Event: 2.340 Thread 0x00000000021e2000 Exception <a 'java/lang/ArrayIndexOutOfBoundsException'> (0x00000000d8759e20) thrown at [C:\re\workspace\8-2-build-windows-amd64-cygwin\jdk8u51\3951\hotspot\src\share\vm\runtime\sharedRuntime.cpp, line 605]
Event: 2.596 Thread 0x00000000021e2000 Exception <a 'java/lang/ArrayIndexOutOfBoundsException'> (0x00000000d8434ea0) thrown at [C:\re\workspace\8-2-build-windows-amd64-cygwin\jdk8u51\3951\hotspot\src\share\vm\runtime\sharedRuntime.cpp, line 605]
Event: 2.597 Thread 0x00000000021e2000 Exception <a 'java/lang/ArrayIndexOutOfBoundsException'> (0x00000000d8436a98) thrown at [C:\re\workspace\8-2-build-windows-amd64-cygwin\jdk8u51\3951\hotspot\src\share\vm\runtime\sharedRuntime.cpp, line 605]

Events (10 events):
Event: 3.388 loading class org/apache/maven/repository/internal/DefaultModelCache$Key
Event: 3.388 loading class org/apache/maven/repository/internal/DefaultModelCache$Key done
Event: 3.400 Thread 0x00000000021e2000 DEOPT PACKING pc=0x0000000002a669aa sp=0x000000000261dd40
Event: 3.400 Thread 0x00000000021e2000 DEOPT UNPACKING pc=0x000000000293787f sp=0x000000000261dbc0 mode 0
Event: 3.408 loading class org/apache/maven/model/Site
Event: 3.408 loading class org/apache/maven/model/Site done
Event: 3.416 loading class sun/reflect/UnsafeQualifiedObjectFieldAccessorImpl
Event: 3.416 loading class sun/reflect/UnsafeQualifiedFieldAccessorImpl
Event: 3.417 loading class sun/reflect/UnsafeQualifiedFieldAccessorImpl done
Event: 3.417 loading class sun/reflect/UnsafeQualifiedObjectFieldAccessorImpl done


Dynamic libraries:
0x000000013f090000 - 0x000000013f0c7000 	C:\Program Files\Java\jre1.8.0_51\bin\javaw.exe
0x0000000077080000 - 0x000000007722a000 	C:\WINDOWS\SYSTEM32\ntdll.dll
0x0000000076e60000 - 0x0000000076f7f000 	C:\WINDOWS\system32\kernel32.dll
0x000007fefcee0000 - 0x000007fefcf4b000 	C:\WINDOWS\system32\KERNELBASE.dll
0x000007feff2b0000 - 0x000007feff38b000 	C:\WINDOWS\system32\ADVAPI32.dll
0x000007fefe9f0000 - 0x000007fefea8f000 	C:\WINDOWS\system32\msvcrt.dll
0x000007fefd1c0000 - 0x000007fefd1df000 	C:\WINDOWS\SYSTEM32\sechost.dll
0x000007fefe8c0000 - 0x000007fefe9ed000 	C:\WINDOWS\system32\RPCRT4.dll
0x0000000076f80000 - 0x000000007707a000 	C:\WINDOWS\system32\USER32.dll
0x000007fefef10000 - 0x000007fefef77000 	C:\WINDOWS\system32\GDI32.dll
0x000007fefee30000 - 0x000007fefee3e000 	C:\WINDOWS\system32\LPK.dll
0x000007fefee40000 - 0x000007fefef0a000 	C:\WINDOWS\system32\USP10.dll
0x000007fefb250000 - 0x000007fefb444000 	C:\WINDOWS\WinSxS\amd64_microsoft.windows.common-controls_6595b64144ccf1df_6.0.7601.18837_none_fa3b1e3d17594757\COMCTL32.dll
0x000007fefebd0000 - 0x000007fefec41000 	C:\WINDOWS\system32\SHLWAPI.dll
0x000007fefeba0000 - 0x000007fefebce000 	C:\WINDOWS\system32\IMM32.DLL
0x000007fefd1e0000 - 0x000007fefd2e9000 	C:\WINDOWS\system32\MSCTF.dll
0x0000000074b60000 - 0x0000000074b99000 	C:\PROGRA~2\Sophos\SOPHOS~1\SOPHOS~2.DLL
0x0000000077250000 - 0x0000000077257000 	C:\WINDOWS\system32\PSAPI.DLL
0x0000000067410000 - 0x00000000674e2000 	C:\Program Files\Java\jre1.8.0_51\bin\msvcr100.dll
0x000000006fbe0000 - 0x0000000070463000 	C:\Program Files\Java\jre1.8.0_51\bin\server\jvm.dll
0x000007fef7ac0000 - 0x000007fef7ac9000 	C:\WINDOWS\system32\WSOCK32.dll
0x000007fefe660000 - 0x000007fefe6ad000 	C:\WINDOWS\system32\WS2_32.dll
0x000007fefeb30000 - 0x000007fefeb38000 	C:\WINDOWS\system32\NSI.dll
0x000007fefaa50000 - 0x000007fefaa8b000 	C:\WINDOWS\system32\WINMM.dll
0x000007fefbf30000 - 0x000007fefbf3c000 	C:\WINDOWS\system32\VERSION.dll
0x000000006df90000 - 0x000000006df9f000 	C:\Program Files\Java\jre1.8.0_51\bin\verify.dll
0x000000006df60000 - 0x000000006df89000 	C:\Program Files\Java\jre1.8.0_51\bin\java.dll
0x000000006df40000 - 0x000000006df56000 	C:\Program Files\Java\jre1.8.0_51\bin\zip.dll
0x000007fefd8d0000 - 0x000007fefe65a000 	C:\WINDOWS\system32\SHELL32.dll
0x000007fefe6b0000 - 0x000007fefe8b3000 	C:\WINDOWS\system32\ole32.dll
0x000007fefce10000 - 0x000007fefce1f000 	C:\WINDOWS\system32\profapi.dll
0x000007fefcc40000 - 0x000007fefcc97000 	C:\WINDOWS\system32\apphelp.dll
0x000007fee9790000 - 0x000007fee98b5000 	C:\WINDOWS\system32\dbghelp.dll

VM Arguments:
jvm_args: -Dfile.encoding=UTF-8 
java_command: metaworkflows.test.Local_MetaworkflowsGeoServerProcessChainTest
java_class_path (initial): C:\jbpm-installer\workspace\workflow-at\jbpm-WPS-client\target\classes;C:\jbpm-installer\eclipse\plugins\org.junit_4.11.0.v201303080030\junit.jar;C:\jbpm-installer\eclipse\plugins\org.hamcrest.core_1.3.0.v201303031735.jar;C:\jbpm-installer\workspace\geonetwork-manager\target\classes;C:\jbpm-installer\workspace\geonetwork-manager\target\test-classes;C:\Users\ezzjfr\.m2\repository\commons-io\commons-io\2.4\commons-io-2.4.jar;C:\Users\ezzjfr\.m2\repository\commons-httpclient\commons-httpclient\3.1\commons-httpclient-3.1.jar;C:\Users\ezzjfr\.m2\repository\commons-logging\commons-logging\1.0.4\commons-logging-1.0.4.jar;C:\Users\ezzjfr\.m2\repository\commons-codec\commons-codec\1.2\commons-codec-1.2.jar;C:\Users\ezzjfr\.m2\repository\org\jdom\jdom\1.1.3\jdom-1.1.3.jar;C:\Users\ezzjfr\.m2\repository\log4j\log4j\1.2.17\log4j-1.2.17.jar;C:\Users\ezzjfr\.m2\repository\junit\junit\4.8.2\junit-4.8.2.jar;C:\Users\ezzjfr\.m2\repository\org\springframework\spring-core\2.5.6.SEC02\spring-core-2.5.6.SEC02.jar;C:\Users\ezzjfr\.m2\repository\org\jbpm\jbpm-flow\6.1.0.Final\jbpm-flow-6.1.0.Final.jar;C:\Users\ezzjfr\.m2\repository\org\kie\kie-api\6.1.0.Final\kie-api-6.1.0.Final.jar;C:\Users\ezzjfr\.m2\repository\org\drools\drools-core\6.1.0.Final\drools-core-6.1.0.Final.jar;C:\Users\ezzjfr\.m2\repository\org\kie\kie-internal\6.1.0.Final\kie-internal-6.1.0.Final.jar;C:\Users\ezzjfr\.m2\repository\com\google\protobuf\protobuf-java\2.5.0\protobuf-java-2.5.0.jar;C:\Users\ezzjfr\.m2\repository\joda-time\joda-time\1.6.2\joda-time-1.6.2.jar;C:\Users\ezzjfr\.m2\repository\org\jbpm\jbpm-test\6.1.0.Final\jbpm-test-6.1.0.Final.jar;C:\Users\ezzjfr\.m2\repository\org\jbpm\jbpm-audit\6.1.0.Final\jbpm-audit-6.1.0.Final.jar;C:\Users\ezzjfr\.m2\repository\org\jbpm\jbpm-human-task-workitems\6.1.0.Final\jbpm-human-task-workitems-6.1.0.Final.jar;C:\Users\ezzjfr\.m2\repository\org\jbpm\jbpm-shared-services\6.1.0.Final\jbpm-shared-services-6.1.0.Final.jar;C:\Users\ezzjfr\.m2\repos
Launcher Type: SUN_STANDARD

Environment Variables:
JAVA_HOME=C:\Program Files\Java\jdk1.8.0_25
JRE_HOME=C:\Program Files\Java\jre1.8.0_51
PATH=C:/Program Files/Java/jre1.8.0_51/bin/server;C:/Program Files/Java/jre1.8.0_51/bin;C:/Program Files/Java/jre1.8.0_51/lib/amd64;C:\gradle-2.10\bin;C:\Program Files\Common Files\Microsoft Shared\Windows Live;C:\Program Files (x86)\Common Files\Microsoft Shared\Windows Live;C:\Python27\;C:\Python27\Scripts;C:\ProgramData\Oracle\Java\javapath;C:\WINDOWS\system32;C:\WINDOWS;C:\WINDOWS\System32\Wbem;C:\WINDOWS\System32\WindowsPowerShell\v1.0\;C:\WINDOWS\System32\WindowsPowerShell\v1.0\;C:\Program Files (x86)\Enterprise Vault\EVClient\x64\;C:\Program Files\MATLAB\R2014a\bin;C:\osm2pgsql\x64;C:\apache-ant-1.9.4\bin;C:\Program Files\Java\jdk1.8.0_25\bin;C:\Python25;C:\Program Files (x86)\Windows Live\Shared;C:\Program Files\Microsoft\Web Platform Installer\;C:\Program Files (x86)\Git\bin;C:\Program Files\nodejs\;C:\Program Files (x86)\Skype\Phone\;C:\Program Files (x86)\MiKTeX 2.9\miktex\bin\;C:\Program Files (x86)\LyX 2.2\Perl\bin;C:\Program Files\Intel\WiFi\bin\;C:\Program Files\Common Files\Intel\WirelessCommon\;C:\Users\ezzjfr\AppData\Roaming\npm;C:\Program Files\Intel\WiFi\bin\;C:\Program Files\Common Files\Intel\WirelessCommon\;C:\jbpm-installer;
USERNAME=ezzjfr
OS=Windows_NT
PROCESSOR_IDENTIFIER=Intel64 Family 6 Model 60 Stepping 3, GenuineIntel



---------------  S Y S T E M  ---------------

OS: Windows 7 , 64 bit Build 7601 (6.1.7601.19160)

CPU:total 4 (2 cores per cpu, 2 threads per core) family 6 model 60 stepping 3, cmov, cx8, fxsr, mmx, sse, sse2, sse3, ssse3, sse4.1, sse4.2, popcnt, avx, avx2, clmul, erms, lzcnt, ht, tsc, tscinvbit, bmi1, bmi2

Memory: 4k page, physical 8102456k(774384k free), swap 10854224k(5044k free)

vm_info: Java HotSpot(TM) 64-Bit Server VM (25.51-b03) for windows-amd64 JRE (1.8.0_51-b16), built on Jun  8 2015 18:03:07 by "java_re" with MS VC++ 10.0 (VS2010)

time: Wed Sep 28 12:23:59 2016
elapsed time: 3 seconds (0d 0h 0m 3s)

