#
# There is insufficient memory for the Java Runtime Environment to continue.
# Native memory allocation (malloc) failed to allocate 8192 bytes for AllocateHeap
# Possible reasons:
#   The system is out of physical RAM or swap space
#   In 32 bit mode, the process size limit was hit
# Possible solutions:
#   Reduce memory load on the system
#   Increase physical memory or swap space
#   Check if swap backing store is full
#   Use 64 bit Java on a 64 bit OS
#   Decrease Java heap size (-Xmx/-Xms)
#   Decrease number of Java threads
#   Decrease Java thread stack sizes (-Xss)
#   Set larger code cache with -XX:ReservedCodeCacheSize=
# This output file may be truncated or incomplete.
#
#  Out of Memory Error (memory/allocation.inline.hpp:61), pid=8264, tid=9032
#
# JRE version:  (8.0_51-b16) (build )
# Java VM: Java HotSpot(TM) 64-Bit Server VM (25.51-b03 mixed mode windows-amd64 compressed oops)
# Failed to write core dump. Minidumps are not enabled by default on client versions of Windows
#

---------------  T H R E A D  ---------------

Current thread (0x00000000021b2000):  JavaThread "Unknown thread" [_thread_in_vm, id=9032, stack(0x0000000002540000,0x0000000002640000)]

Stack: [0x0000000002540000,0x0000000002640000]
Native frames: (J=compiled Java code, j=interpreted, Vv=VM code, C=native code)
V  [jvm.dll+0x32b4ca]


---------------  P R O C E S S  ---------------

Java Threads: ( => current thread )

Other Threads:

=>0x00000000021b2000 (exited) JavaThread "Unknown thread" [_thread_in_vm, id=9032, stack(0x0000000002540000,0x0000000002640000)]

VM state:not at safepoint (not fully initialized)

VM Mutex/Monitor currently owned by a thread:  ([mutex/lock_event])
[0x00000000021afc70] SymbolTable_lock - owner thread: 0x00000000021b2000

GC Heap History (0 events):
No events

Deoptimization events (0 events):
No events

Internal exceptions (0 events):
No events

Events (0 events):
No events


Dynamic libraries:
0x000000013fed0000 - 0x000000013ff07000 	C:\Program Files\Java\jre1.8.0_51\bin\javaw.exe
0x0000000077880000 - 0x0000000077a2a000 	C:\WINDOWS\SYSTEM32\ntdll.dll
0x0000000077760000 - 0x000000007787f000 	C:\WINDOWS\system32\kernel32.dll
0x000007fefd620000 - 0x000007fefd68b000 	C:\WINDOWS\system32\KERNELBASE.dll
0x000007feff680000 - 0x000007feff75b000 	C:\WINDOWS\system32\ADVAPI32.dll
0x000007fefedf0000 - 0x000007fefee8f000 	C:\WINDOWS\system32\msvcrt.dll
0x000007feff040000 - 0x000007feff05f000 	C:\WINDOWS\SYSTEM32\sechost.dll
0x000007fefee90000 - 0x000007fefefbd000 	C:\WINDOWS\system32\RPCRT4.dll
0x0000000077660000 - 0x000000007775a000 	C:\WINDOWS\system32\USER32.dll
0x000007feff860000 - 0x000007feff8c7000 	C:\WINDOWS\system32\GDI32.dll
0x000007feff7b0000 - 0x000007feff7be000 	C:\WINDOWS\system32\LPK.dll
0x000007fefdcb0000 - 0x000007fefdd7a000 	C:\WINDOWS\system32\USP10.dll
0x000007fefba50000 - 0x000007fefbc44000 	C:\WINDOWS\WinSxS\amd64_microsoft.windows.common-controls_6595b64144ccf1df_6.0.7601.18837_none_fa3b1e3d17594757\COMCTL32.dll
0x000007fefefc0000 - 0x000007feff031000 	C:\WINDOWS\system32\SHLWAPI.dll
0x000007feff760000 - 0x000007feff78e000 	C:\WINDOWS\system32\IMM32.DLL
0x000007fefdba0000 - 0x000007fefdca9000 	C:\WINDOWS\system32\MSCTF.dll
0x0000000075360000 - 0x0000000075399000 	C:\PROGRA~2\Sophos\SOPHOS~1\SOPHOS~2.DLL
0x0000000077a40000 - 0x0000000077a47000 	C:\WINDOWS\system32\PSAPI.DLL
0x0000000056540000 - 0x0000000056612000 	C:\Program Files\Java\jre1.8.0_51\bin\msvcr100.dll
0x000000006feb0000 - 0x0000000070733000 	C:\Program Files\Java\jre1.8.0_51\bin\server\jvm.dll
0x000007fef46c0000 - 0x000007fef46c9000 	C:\WINDOWS\system32\WSOCK32.dll
0x000007feffb40000 - 0x000007feffb8d000 	C:\WINDOWS\system32\WS2_32.dll
0x000007fefede0000 - 0x000007fefede8000 	C:\WINDOWS\system32\NSI.dll
0x000007fefb350000 - 0x000007fefb38b000 	C:\WINDOWS\system32\WINMM.dll
0x000007fefc730000 - 0x000007fefc73c000 	C:\WINDOWS\system32\VERSION.dll
0x000000006b610000 - 0x000000006b61f000 	C:\Program Files\Java\jre1.8.0_51\bin\verify.dll
0x00000000637b0000 - 0x00000000637d9000 	C:\Program Files\Java\jre1.8.0_51\bin\java.dll
0x000000006b030000 - 0x000000006b046000 	C:\Program Files\Java\jre1.8.0_51\bin\zip.dll

VM Arguments:
jvm_args: -Dfile.encoding=UTF-8 
java_command: cobweb.m24.qaqc.Local_RLosLocationQualityLaplaceSuitabilityAttributeRangeTest
java_class_path (initial): C:\jbpm-installer\workspace\workflow-at\jbpm-WPS-client\target\classes;C:\jbpm-installer\eclipse\plugins\org.junit_4.11.0.v201303080030\junit.jar;C:\jbpm-installer\eclipse\plugins\org.hamcrest.core_1.3.0.v201303031735.jar;C:\jbpm-installer_6-1\wildfly-8.1.0.Final\standalone\deployments\WEB-INF\lib\52n-wps-xml-1.0.0.jar;C:\Users\ezzjfr\Downloads\uncertml-bundle\uncertml.jar;C:\jbpm-installer_6-1\wildfly-8.1.0.Final\standalone\deployments\WEB-INF\lib\52n-wps-algorithm-geotools-3.3.0.jar;C:\jbpm-installer_6-1\wildfly-8.1.0.Final\standalone\deployments\WEB-INF\lib\52n-wps-client-lib-3.3.0.jar;C:\Users\ezzjfr\.m2\repository\org\jbpm\jbpm-flow\6.1.0.Final\jbpm-flow-6.1.0.Final.jar;C:\Users\ezzjfr\.m2\repository\org\kie\kie-api\6.1.0.Final\kie-api-6.1.0.Final.jar;C:\Users\ezzjfr\.m2\repository\org\drools\drools-core\6.1.0.Final\drools-core-6.1.0.Final.jar;C:\Users\ezzjfr\.m2\repository\org\kie\kie-internal\6.1.0.Final\kie-internal-6.1.0.Final.jar;C:\Users\ezzjfr\.m2\repository\com\google\protobuf\protobuf-java\2.5.0\protobuf-java-2.5.0.jar;C:\Users\ezzjfr\.m2\repository\joda-time\joda-time\1.6.2\joda-time-1.6.2.jar;C:\Users\ezzjfr\.m2\repository\org\jbpm\jbpm-test\6.1.0.Final\jbpm-test-6.1.0.Final.jar;C:\Users\ezzjfr\.m2\repository\org\jbpm\jbpm-audit\6.1.0.Final\jbpm-audit-6.1.0.Final.jar;C:\Users\ezzjfr\.m2\repository\org\jbpm\jbpm-human-task-workitems\6.1.0.Final\jbpm-human-task-workitems-6.1.0.Final.jar;C:\Users\ezzjfr\.m2\repository\org\jbpm\jbpm-shared-services\6.1.0.Final\jbpm-shared-services-6.1.0.Final.jar;C:\Users\ezzjfr\.m2\repository\org\jboss\solder\solder-api\3.2.1.Final\solder-api-3.2.1.Final.jar;C:\Users\ezzjfr\.m2\repository\org\jboss\solder\solder-logging\3.2.1.Final\solder-logging-3.2.1.Final.jar;C:\Users\ezzjfr\.m2\repository\org\jboss\weld\weld-core\1.1.21.Final\weld-core-1.1.21.Final.jar;C:\Users\ezzjfr\.m2\repository\org\jboss\weld\weld-api\1.1.Final\weld-api-1.1.Final.jar;C:\Users\ezzjfr\.m2\repository\org\jboss\weld\wel
Launcher Type: SUN_STANDARD

Environment Variables:
JAVA_HOME=C:\Program Files\Java\jdk1.8.0_25
JRE_HOME=C:\Program Files\Java\jre1.8.0_51
PATH=C:/Program Files/Java/jre1.8.0_51/bin/server;C:/Program Files/Java/jre1.8.0_51/bin;C:/Program Files/Java/jre1.8.0_51/lib/amd64;C:\gradle-2.10\bin;C:\Program Files\Common Files\Microsoft Shared\Windows Live;C:\Program Files (x86)\Common Files\Microsoft Shared\Windows Live;C:\Python27\;C:\Python27\Scripts;C:\ProgramData\Oracle\Java\javapath;C:\WINDOWS\system32;C:\WINDOWS;C:\WINDOWS\System32\Wbem;C:\WINDOWS\System32\WindowsPowerShell\v1.0\;C:\WINDOWS\System32\WindowsPowerShell\v1.0\;C:\Program Files (x86)\Enterprise Vault\EVClient\x64\;C:\Program Files\MATLAB\R2014a\bin;C:\osm2pgsql\x64;C:\apache-ant-1.9.4\bin;C:\Program Files\Java\jdk1.8.0_25\bin;C:\Python25;C:\Program Files (x86)\Windows Live\Shared;C:\Program Files\Intel\WiFi\bin\;C:\Program Files\Common Files\Intel\WirelessCommon\;C:\Program Files\Microsoft\Web Platform Installer\;C:\Program Files (x86)\Git\bin;C:\Program Files\nodejs\;C:\Program Files (x86)\Skype\Phone\;C:\Program Files (x86)\MiKTeX 2.9\miktex\bin\;C:\Program Files (x86)\LyX 2.2\Perl\bin;C:\Program Files\Intel\WiFi\bin\;C:\Program Files\Common Files\Intel\WirelessCommon\;C:\Users\ezzjfr\AppData\Roaming\npm;C:\jbpm-installer;
USERNAME=ezzjfr
OS=Windows_NT
PROCESSOR_IDENTIFIER=Intel64 Family 6 Model 60 Stepping 3, GenuineIntel



---------------  S Y S T E M  ---------------

OS: Windows 7 , 64 bit Build 7601 (6.1.7601.19160)

CPU:total 4 (2 cores per cpu, 2 threads per core) family 6 model 60 stepping 3, cmov, cx8, fxsr, mmx, sse, sse2, sse3, ssse3, sse4.1, sse4.2, popcnt, avx, avx2, clmul, erms, lzcnt, ht, tsc, tscinvbit, bmi1, bmi2

Memory: 4k page, physical 8102456k(730136k free), swap 8648648k(4972k free)

vm_info: Java HotSpot(TM) 64-Bit Server VM (25.51-b03) for windows-amd64 JRE (1.8.0_51-b16), built on Jun  8 2015 18:03:07 by "java_re" with MS VC++ 10.0 (VS2010)

time: Wed Sep 07 13:13:58 2016
elapsed time: 0 seconds (0d 0h 0m 0s)

