#
# There is insufficient memory for the Java Runtime Environment to continue.
# Native memory allocation (malloc) failed to allocate 535856 bytes for Chunk::new
# Possible reasons:
#   The system is out of physical RAM or swap space
#   In 32 bit mode, the process size limit was hit
# Possible solutions:
#   Reduce memory load on the system
#   Increase physical memory or swap space
#   Check if swap backing store is full
#   Use 64 bit Java on a 64 bit OS
#   Decrease Java heap size (-Xmx/-Xms)
#   Decrease number of Java threads
#   Decrease Java thread stack sizes (-Xss)
#   Set larger code cache with -XX:ReservedCodeCacheSize=
# This output file may be truncated or incomplete.
#
#  Out of Memory Error (allocation.cpp:390), pid=4600, tid=5492
#
# JRE version: Java(TM) SE Runtime Environment (8.0_25-b18) (build 1.8.0_25-b18)
# Java VM: Java HotSpot(TM) 64-Bit Server VM (25.25-b02 mixed mode windows-amd64 compressed oops)
# Failed to write core dump. Minidumps are not enabled by default on client versions of Windows
#

---------------  T H R E A D  ---------------

Current thread (0x0000000058848000):  JavaThread "C2 CompilerThread0" daemon [_thread_in_native, id=5492, stack(0x0000000059090000,0x0000000059190000)]

Stack: [0x0000000059090000,0x0000000059190000]
Native frames: (J=compiled Java code, j=interpreted, Vv=VM code, C=native code)
V  [jvm.dll+0x31667a]


Current CompileTask:
C2:   4980 2573   !   4       sun.nio.cs.StreamDecoder::read (196 bytes)


---------------  P R O C E S S  ---------------

Java Threads: ( => current thread )
  0x00000000588c2800 JavaThread "Service Thread" daemon [_thread_blocked, id=7220, stack(0x0000000059e80000,0x0000000059f80000)]
  0x0000000058852800 JavaThread "C1 CompilerThread2" daemon [_thread_blocked, id=9892, stack(0x00000000593f0000,0x00000000594f0000)]
  0x000000005884d800 JavaThread "C2 CompilerThread1" daemon [_thread_in_native, id=7488, stack(0x0000000059220000,0x0000000059320000)]
=>0x0000000058848000 JavaThread "C2 CompilerThread0" daemon [_thread_in_native, id=5492, stack(0x0000000059090000,0x0000000059190000)]
  0x0000000058847000 JavaThread "Attach Listener" daemon [_thread_blocked, id=7628, stack(0x0000000058e60000,0x0000000058f60000)]
  0x0000000058844800 JavaThread "Signal Dispatcher" daemon [_thread_blocked, id=5604, stack(0x0000000058c50000,0x0000000058d50000)]
  0x00000000573df000 JavaThread "Finalizer" daemon [_thread_blocked, id=10236, stack(0x00000000584d0000,0x00000000585d0000)]
  0x00000000573d6000 JavaThread "Reference Handler" daemon [_thread_blocked, id=12260, stack(0x0000000058740000,0x0000000058840000)]
  0x00000000022a3000 JavaThread "main" [_thread_in_native, id=8344, stack(0x00000000024b0000,0x00000000025b0000)]

Other Threads:
  0x00000000573d0800 VMThread [stack: 0x00000000585d0000,0x00000000586d0000] [id=7992]
  0x00000000588de000 WatcherThread [stack: 0x0000000058f80000,0x0000000059080000] [id=4696]

VM state:not at safepoint (normal execution)

VM Mutex/Monitor currently owned by a thread: None

Heap:
 PSYoungGen      total 135680K, used 17198K [0x00000000d6c00000, 0x00000000e7b00000, 0x0000000100000000)
  eden space 125952K, 5% used [0x00000000d6c00000,0x00000000d734fa18,0x00000000de700000)
  from space 9728K, 99% used [0x00000000de700000,0x00000000df07c010,0x00000000df080000)
  to   space 12800K, 0% used [0x00000000e6e80000,0x00000000e6e80000,0x00000000e7b00000)
 ParOldGen       total 84992K, used 9816K [0x0000000084400000, 0x0000000089700000, 0x00000000d6c00000)
  object space 84992K, 11% used [0x0000000084400000,0x0000000084d96328,0x0000000089700000)
 Metaspace       used 17560K, capacity 17740K, committed 17920K, reserved 1064960K
  class space    used 2139K, capacity 2185K, committed 2304K, reserved 1048576K

Card table byte_map: [0x0000000011c40000,0x0000000012020000] byte_map_base: 0x000000001181e000

Marking Bits: (ParMarkBitMap*) 0x0000000059ced490
 Begin Bits: [0x0000000012880000, 0x0000000014770000)
 End Bits:   [0x0000000014770000, 0x0000000016660000)

Polling page: 0x0000000000240000

CodeCache: size=245760Kb used=8241Kb max_used=8241Kb free=237518Kb
 bounds [0x0000000002880000, 0x00000000030a0000, 0x0000000011880000]
 total_blobs=2928 nmethods=2597 adapters=244
 compilation: enabled

Compilation events (10 events):
Event: 4.898 Thread 0x000000005884d800 nmethod 2437 0x000000000307f990 code [0x000000000307fae0, 0x000000000307fdf8]
Event: 4.898 Thread 0x000000005884d800 2436       4       org.codehaus.plexus.interpolation.PrefixedValueSourceWrapper::getValue (39 bytes)
Event: 4.918 Thread 0x0000000058852800 2616       3       java.io.FileInputStream::finalize (22 bytes)
Event: 4.918 Thread 0x0000000058852800 nmethod 2616 0x000000000307f550 code [0x000000000307f6c0, 0x000000000307f8e8]
Event: 4.927 Thread 0x0000000058852800 2618       3       org.apache.maven.model.building.ModelCacheTag$1::getType (4 bytes)
Event: 4.927 Thread 0x0000000058852800 nmethod 2618 0x000000000307f210 code [0x000000000307f360, 0x000000000307f4b0]
Event: 4.927 Thread 0x0000000058852800 2619       3       org.apache.maven.model.building.ModelCacheTag$1::fromCache (9 bytes)
Event: 4.928 Thread 0x0000000058852800 nmethod 2619 0x0000000003065910 code [0x0000000003065a80, 0x0000000003065e48]
Event: 4.955 Thread 0x0000000058852800 2622 %     3       org.apache.maven.model.inheritance.DefaultInheritanceAssembler$InheritanceModelMerger::mergePluginContainer_Plugins @ 339 (430 bytes)
Event: 4.960 Thread 0x0000000058852800 nmethod 2622% 0x00000000030924d0 code [0x0000000003092be0, 0x0000000003097bd8]

GC Heap History (10 events):
Event: 2.413 GC heap before
{Heap before GC invocations=3 (full 0):
 PSYoungGen      total 36864K, used 36849K [0x00000000d6c00000, 0x00000000d9500000, 0x0000000100000000)
  eden space 31744K, 100% used [0x00000000d6c00000,0x00000000d8b00000,0x00000000d8b00000)
  from space 5120K, 99% used [0x00000000d9000000,0x00000000d94fc590,0x00000000d9500000)
  to   space 5120K, 0% used [0x00000000d8b00000,0x00000000d8b00000,0x00000000d9000000)
 ParOldGen       total 84992K, used 731K [0x0000000084400000, 0x0000000089700000, 0x00000000d6c00000)
  object space 84992K, 0% used [0x0000000084400000,0x00000000844b6fe0,0x0000000089700000)
 Metaspace       used 13977K, capacity 14056K, committed 14208K, reserved 1060864K
  class space    used 1814K, capacity 1844K, committed 1920K, reserved 1048576K
Event: 2.419 GC heap after
Heap after GC invocations=3 (full 0):
 PSYoungGen      total 36864K, used 5097K [0x00000000d6c00000, 0x00000000db400000, 0x0000000100000000)
  eden space 31744K, 0% used [0x00000000d6c00000,0x00000000d6c00000,0x00000000d8b00000)
  from space 5120K, 99% used [0x00000000d8b00000,0x00000000d8ffa5b0,0x00000000d9000000)
  to   space 5120K, 0% used [0x00000000daf00000,0x00000000daf00000,0x00000000db400000)
 ParOldGen       total 84992K, used 1261K [0x0000000084400000, 0x0000000089700000, 0x00000000d6c00000)
  object space 84992K, 1% used [0x0000000084400000,0x000000008453b540,0x0000000089700000)
 Metaspace       used 13977K, capacity 14056K, committed 14208K, reserved 1060864K
  class space    used 1814K, capacity 1844K, committed 1920K, reserved 1048576K
}
Event: 2.876 GC heap before
{Heap before GC invocations=4 (full 0):
 PSYoungGen      total 36864K, used 36841K [0x00000000d6c00000, 0x00000000db400000, 0x0000000100000000)
  eden space 31744K, 100% used [0x00000000d6c00000,0x00000000d8b00000,0x00000000d8b00000)
  from space 5120K, 99% used [0x00000000d8b00000,0x00000000d8ffa5b0,0x00000000d9000000)
  to   space 5120K, 0% used [0x00000000daf00000,0x00000000daf00000,0x00000000db400000)
 ParOldGen       total 84992K, used 1261K [0x0000000084400000, 0x0000000089700000, 0x00000000d6c00000)
  object space 84992K, 1% used [0x0000000084400000,0x000000008453b540,0x0000000089700000)
 Metaspace       used 16856K, capacity 17018K, committed 17280K, reserved 1064960K
  class space    used 2121K, capacity 2168K, committed 2176K, reserved 1048576K
Event: 2.887 GC heap after
Heap after GC invocations=4 (full 0):
 PSYoungGen      total 68608K, used 5114K [0x00000000d6c00000, 0x00000000db400000, 0x0000000100000000)
  eden space 63488K, 0% used [0x00000000d6c00000,0x00000000d6c00000,0x00000000daa00000)
  from space 5120K, 99% used [0x00000000daf00000,0x00000000db3feb98,0x00000000db400000)
  to   space 5120K, 0% used [0x00000000daa00000,0x00000000daa00000,0x00000000daf00000)
 ParOldGen       total 84992K, used 3535K [0x0000000084400000, 0x0000000089700000, 0x00000000d6c00000)
  object space 84992K, 4% used [0x0000000084400000,0x0000000084773e10,0x0000000089700000)
 Metaspace       used 16856K, capacity 17018K, committed 17280K, reserved 1064960K
  class space    used 2121K, capacity 2168K, committed 2176K, reserved 1048576K
}
Event: 3.351 GC heap before
{Heap before GC invocations=5 (full 0):
 PSYoungGen      total 68608K, used 68602K [0x00000000d6c00000, 0x00000000db400000, 0x0000000100000000)
  eden space 63488K, 100% used [0x00000000d6c00000,0x00000000daa00000,0x00000000daa00000)
  from space 5120K, 99% used [0x00000000daf00000,0x00000000db3feb98,0x00000000db400000)
  to   space 5120K, 0% used [0x00000000daa00000,0x00000000daa00000,0x00000000daf00000)
 ParOldGen       total 84992K, used 3535K [0x0000000084400000, 0x0000000089700000, 0x00000000d6c00000)
  object space 84992K, 4% used [0x0000000084400000,0x0000000084773e10,0x0000000089700000)
 Metaspace       used 17036K, capacity 17204K, committed 17408K, reserved 1064960K
  class space    used 2135K, capacity 2181K, committed 2304K, reserved 1048576K
Event: 3.387 GC heap after
Heap after GC invocations=5 (full 0):
 PSYoungGen      total 68608K, used 5114K [0x00000000d6c00000, 0x00000000df900000, 0x0000000100000000)
  eden space 63488K, 0% used [0x00000000d6c00000,0x00000000d6c00000,0x00000000daa00000)
  from space 5120K, 99% used [0x00000000daa00000,0x00000000daefeb98,0x00000000daf00000)
  to   space 8704K, 0% used [0x00000000df080000,0x00000000df080000,0x00000000df900000)
 ParOldGen       total 84992K, used 6123K [0x0000000084400000, 0x0000000089700000, 0x00000000d6c00000)
  object space 84992K, 7% used [0x0000000084400000,0x00000000849fae40,0x0000000089700000)
 Metaspace       used 17036K, capacity 17204K, committed 17408K, reserved 1064960K
  class space    used 2135K, capacity 2181K, committed 2304K, reserved 1048576K
}
Event: 3.847 GC heap before
{Heap before GC invocations=6 (full 0):
 PSYoungGen      total 68608K, used 68602K [0x00000000d6c00000, 0x00000000df900000, 0x0000000100000000)
  eden space 63488K, 100% used [0x00000000d6c00000,0x00000000daa00000,0x00000000daa00000)
  from space 5120K, 99% used [0x00000000daa00000,0x00000000daefeb98,0x00000000daf00000)
  to   space 8704K, 0% used [0x00000000df080000,0x00000000df080000,0x00000000df900000)
 ParOldGen       total 84992K, used 6123K [0x0000000084400000, 0x0000000089700000, 0x00000000d6c00000)
  object space 84992K, 7% used [0x0000000084400000,0x00000000849fae40,0x0000000089700000)
 Metaspace       used 17111K, capacity 17268K, committed 17664K, reserved 1064960K
  class space    used 2136K, capacity 2181K, committed 2304K, reserved 1048576K
Event: 3.877 GC heap after
Heap after GC invocations=6 (full 0):
 PSYoungGen      total 134656K, used 8474K [0x00000000d6c00000, 0x00000000dfb00000, 0x0000000100000000)
  eden space 125952K, 0% used [0x00000000d6c00000,0x00000000d6c00000,0x00000000de700000)
  from space 8704K, 97% used [0x00000000df080000,0x00000000df8c6b98,0x00000000df900000)
  to   space 9728K, 0% used [0x00000000de700000,0x00000000de700000,0x00000000df080000)
 ParOldGen       total 84992K, used 6123K [0x0000000084400000, 0x0000000089700000, 0x00000000d6c00000)
  object space 84992K, 7% used [0x0000000084400000,0x00000000849fae40,0x0000000089700000)
 Metaspace       used 17111K, capacity 17268K, committed 17664K, reserved 1064960K
  class space    used 2136K, capacity 2181K, committed 2304K, reserved 1048576K
}
Event: 4.874 GC heap before
{Heap before GC invocations=7 (full 0):
 PSYoungGen      total 134656K, used 134426K [0x00000000d6c00000, 0x00000000dfb00000, 0x0000000100000000)
  eden space 125952K, 100% used [0x00000000d6c00000,0x00000000de700000,0x00000000de700000)
  from space 8704K, 97% used [0x00000000df080000,0x00000000df8c6b98,0x00000000df900000)
  to   space 9728K, 0% used [0x00000000de700000,0x00000000de700000,0x00000000df080000)
 ParOldGen       total 84992K, used 6123K [0x0000000084400000, 0x0000000089700000, 0x00000000d6c00000)
  object space 84992K, 7% used [0x0000000084400000,0x00000000849fae40,0x0000000089700000)
 Metaspace       used 17559K, capacity 17740K, committed 17920K, reserved 1064960K
  class space    used 2139K, capacity 2185K, committed 2304K, reserved 1048576K
Event: 4.892 GC heap after
Heap after GC invocations=7 (full 0):
 PSYoungGen      total 135680K, used 9712K [0x00000000d6c00000, 0x00000000e7b00000, 0x0000000100000000)
  eden space 125952K, 0% used [0x00000000d6c00000,0x00000000d6c00000,0x00000000de700000)
  from space 9728K, 99% used [0x00000000de700000,0x00000000df07c010,0x00000000df080000)
  to   space 12800K, 0% used [0x00000000e6e80000,0x00000000e6e80000,0x00000000e7b00000)
 ParOldGen       total 84992K, used 9816K [0x0000000084400000, 0x0000000089700000, 0x00000000d6c00000)
  object space 84992K, 11% used [0x0000000084400000,0x0000000084d96328,0x0000000089700000)
 Metaspace       used 17559K, capacity 17740K, committed 17920K, reserved 1064960K
  class space    used 2139K, capacity 2185K, committed 2304K, reserved 1048576K
}

Deoptimization events (10 events):
Event: 3.985 Thread 0x00000000022a3000 Uncommon trap: reason=null_check action=make_not_entrant pc=0x0000000002eeaa4c method=org.apache.maven.model.io.xpp3.MavenXpp3Reader.checkFieldWithDuplicate(Lorg/codehaus/plexus/util/xml/pull/XmlPullParser;Ljava/lang/String;Ljava/lang/String;Ljava/util/SetB=kПор@
Event: 4.221 Thread 0x00000000022a3000 Uncommon trap: reason=bimorphic action=maybe_recompile pc=0x0000000002e71c28 method=java.util.regex.Pattern$Curly.match0(Ljava/util/regex/Matcher;IILjava/lang/CharSequence;)Z @ 170
Event: 4.221 Thread 0x00000000022a3000 Uncommon trap: reason=bimorphic action=maybe_recompile pc=0x0000000002e71c28 method=java.util.regex.Pattern$Curly.match0(Ljava/util/regex/Matcher;IILjava/lang/CharSequence;)Z @ 170
Event: 4.222 Thread 0x00000000022a3000 Uncommon trap: reason=bimorphic action=maybe_recompile pc=0x0000000002e71c28 method=java.util.regex.Pattern$Curly.match0(Ljava/util/regex/Matcher;IILjava/lang/CharSequence;)Z @ 170
Event: 4.222 Thread 0x00000000022a3000 Uncommon trap: reason=bimorphic action=maybe_recompile pc=0x0000000002e71c28 method=java.util.regex.Pattern$Curly.match0(Ljava/util/regex/Matcher;IILjava/lang/CharSequence;)Z @ 170
Event: 4.398 Thread 0x00000000022a3000 Uncommon trap: reason=class_check action=maybe_recompile pc=0x0000000002f02cf8 method=org.apache.maven.model.interpolation.StringSearchModelInterpolator$InterpolateObjectAction.interpolateMapField(Ljava/lang/Object;Ljava/lang/reflect/Field;)V @ 126
Event: 4.459 Thread 0x00000000022a3000 Uncommon trap: reason=speculate_class_check action=maybe_recompile pc=0x0000000002f6360c method=java.nio.charset.CharsetDecoder.decode(Ljava/nio/ByteBuffer;Ljava/nio/CharBuffer;Z)Ljava/nio/charset/CoderResult; @ 57
Event: 4.460 Thread 0x00000000022a3000 Uncommon trap: reason=speculate_class_check action=maybe_recompile pc=0x0000000002f6360c method=java.nio.charset.CharsetDecoder.decode(Ljava/nio/ByteBuffer;Ljava/nio/CharBuffer;Z)Ljava/nio/charset/CoderResult; @ 57
Event: 4.474 Thread 0x00000000022a3000 Uncommon trap: reason=speculate_class_check action=maybe_recompile pc=0x0000000002f6360c method=java.nio.charset.CharsetDecoder.decode(Ljava/nio/ByteBuffer;Ljava/nio/CharBuffer;Z)Ljava/nio/charset/CoderResult; @ 57
Event: 4.475 Thread 0x00000000022a3000 Uncommon trap: reason=speculate_class_check action=maybe_recompile pc=0x0000000002f6360c method=java.nio.charset.CharsetDecoder.decode(Ljava/nio/ByteBuffer;Ljava/nio/CharBuffer;Z)Ljava/nio/charset/CoderResult; @ 57

Internal exceptions (10 events):
Event: 2.894 Thread 0x00000000022a3000 Exception <a 'java/security/PrivilegedActionException'> (0x00000000d6c71fb8) thrown at [D:\re\workspace\8-2-build-windows-amd64-cygwin\jdk8u25\1677\hotspot\src\share\vm\prims\jvm.cpp, line 1312]
Event: 2.912 Thread 0x00000000022a3000 Exception <a 'java/security/PrivilegedActionException'> (0x00000000d6d934b0) thrown at [D:\re\workspace\8-2-build-windows-amd64-cygwin\jdk8u25\1677\hotspot\src\share\vm\prims\jvm.cpp, line 1312]
Event: 3.178 Thread 0x00000000022a3000 Exception <a 'java/security/PrivilegedActionException'> (0x00000000d8bacd00) thrown at [D:\re\workspace\8-2-build-windows-amd64-cygwin\jdk8u25\1677\hotspot\src\share\vm\prims\jvm.cpp, line 1312]
Event: 3.178 Thread 0x00000000022a3000 Exception <a 'java/security/PrivilegedActionException'> (0x00000000d8bcadc8) thrown at [D:\re\workspace\8-2-build-windows-amd64-cygwin\jdk8u25\1677\hotspot\src\share\vm\prims\jvm.cpp, line 1312]
Event: 3.180 Thread 0x00000000022a3000 Exception <a 'java/security/PrivilegedActionException'> (0x00000000d8bef6e0) thrown at [D:\re\workspace\8-2-build-windows-amd64-cygwin\jdk8u25\1677\hotspot\src\share\vm\prims\jvm.cpp, line 1312]
Event: 3.180 Thread 0x00000000022a3000 Exception <a 'java/security/PrivilegedActionException'> (0x00000000d8c0d6e8) thrown at [D:\re\workspace\8-2-build-windows-amd64-cygwin\jdk8u25\1677\hotspot\src\share\vm\prims\jvm.cpp, line 1312]
Event: 3.181 Thread 0x00000000022a3000 Exception <a 'java/security/PrivilegedActionException'> (0x00000000d8c161f0) thrown at [D:\re\workspace\8-2-build-windows-amd64-cygwin\jdk8u25\1677\hotspot\src\share\vm\prims\jvm.cpp, line 1312]
Event: 3.535 Thread 0x00000000022a3000 Exception <a 'java/security/PrivilegedActionException'> (0x00000000d8488bd0) thrown at [D:\re\workspace\8-2-build-windows-amd64-cygwin\jdk8u25\1677\hotspot\src\share\vm\prims\jvm.cpp, line 1312]
Event: 3.689 Thread 0x00000000022a3000 Exception <a 'java/security/PrivilegedActionException'> (0x00000000d9567240) thrown at [D:\re\workspace\8-2-build-windows-amd64-cygwin\jdk8u25\1677\hotspot\src\share\vm\prims\jvm.cpp, line 1312]
Event: 3.985 Thread 0x00000000022a3000 Implicit null exception at 0x0000000002eea6b5 to 0x0000000002eeaa39

Events (10 events):
Event: 4.918 Executing VM operation: RevokeBias
Event: 4.918 Executing VM operation: RevokeBias done
Event: 4.918 Executing VM operation: RevokeBias
Event: 4.918 Executing VM operation: RevokeBias done
Event: 4.918 Executing VM operation: RevokeBias
Event: 4.918 Executing VM operation: RevokeBias done
Event: 4.918 Executing VM operation: RevokeBias
Event: 4.918 Executing VM operation: RevokeBias done
Event: 4.918 Executing VM operation: BulkRevokeBias
Event: 4.918 Executing VM operation: BulkRevokeBias done


Dynamic libraries:
0x000000013f2f0000 - 0x000000013f324000 	C:\Program Files\Java\jdk1.8.0_25\bin\javaw.exe
0x0000000077850000 - 0x00000000779fa000 	C:\WINDOWS\SYSTEM32\ntdll.dll
0x0000000077730000 - 0x000000007784f000 	C:\WINDOWS\system32\kernel32.dll
0x000007fefd7a0000 - 0x000007fefd80b000 	C:\WINDOWS\system32\KERNELBASE.dll
0x000007feff170000 - 0x000007feff24b000 	C:\WINDOWS\system32\ADVAPI32.dll
0x000007fefedf0000 - 0x000007fefee8f000 	C:\WINDOWS\system32\msvcrt.dll
0x000007feff250000 - 0x000007feff26f000 	C:\WINDOWS\SYSTEM32\sechost.dll
0x000007feff360000 - 0x000007feff48d000 	C:\WINDOWS\system32\RPCRT4.dll
0x0000000077630000 - 0x000000007772a000 	C:\WINDOWS\system32\USER32.dll
0x000007fefee90000 - 0x000007fefeef7000 	C:\WINDOWS\system32\GDI32.dll
0x000007feff270000 - 0x000007feff27e000 	C:\WINDOWS\system32\LPK.dll
0x000007fefec80000 - 0x000007fefed4a000 	C:\WINDOWS\system32\USP10.dll
0x000007fefba20000 - 0x000007fefbc14000 	C:\WINDOWS\WinSxS\amd64_microsoft.windows.common-controls_6595b64144ccf1df_6.0.7601.18837_none_fa3b1e3d17594757\COMCTL32.dll
0x000007feff0f0000 - 0x000007feff161000 	C:\WINDOWS\system32\SHLWAPI.dll
0x000007fefebd0000 - 0x000007fefebfe000 	C:\WINDOWS\system32\IMM32.DLL
0x000007feff490000 - 0x000007feff599000 	C:\WINDOWS\system32\MSCTF.dll
0x0000000075330000 - 0x0000000075369000 	C:\PROGRA~2\Sophos\SOPHOS~1\SOPHOS~2.DLL
0x0000000077a20000 - 0x0000000077a27000 	C:\WINDOWS\system32\PSAPI.DLL
0x0000000059d70000 - 0x0000000059e42000 	C:\Program Files\Java\jdk1.8.0_25\jre\bin\msvcr100.dll
0x0000000059510000 - 0x0000000059d6a000 	C:\Program Files\Java\jdk1.8.0_25\jre\bin\server\jvm.dll
0x000007fef4690000 - 0x000007fef4699000 	C:\WINDOWS\system32\WSOCK32.dll
0x000007fefef10000 - 0x000007fefef5d000 	C:\WINDOWS\system32\WS2_32.dll
0x000007fefef00000 - 0x000007fefef08000 	C:\WINDOWS\system32\NSI.dll
0x000007fefb320000 - 0x000007fefb35b000 	C:\WINDOWS\system32\WINMM.dll
0x000000006fb80000 - 0x000000006fb8f000 	C:\Program Files\Java\jdk1.8.0_25\jre\bin\verify.dll
0x0000000061c60000 - 0x0000000061c88000 	C:\Program Files\Java\jdk1.8.0_25\jre\bin\java.dll
0x000000006fb60000 - 0x000000006fb76000 	C:\Program Files\Java\jdk1.8.0_25\jre\bin\zip.dll
0x000007fefdc60000 - 0x000007fefe9ea000 	C:\WINDOWS\system32\SHELL32.dll
0x000007feff5a0000 - 0x000007feff7a3000 	C:\WINDOWS\system32\ole32.dll
0x000007fefd5d0000 - 0x000007fefd5df000 	C:\WINDOWS\system32\profapi.dll
0x000007fefd410000 - 0x000007fefd467000 	C:\WINDOWS\system32\apphelp.dll

VM Arguments:
jvm_args: -Dfile.encoding=UTF-8 
java_command: cobweb.test.Local_RLocationQualityTest
java_class_path (initial): C:\jbpm-installer\workspace\qa-workflow\jbpm-WPS-client\target\classes;C:\jbpm-installer\eclipse\plugins\org.junit_4.11.0.v201303080030\junit.jar;C:\jbpm-installer\eclipse\plugins\org.hamcrest.core_1.3.0.v201303031735.jar;C:\jbpm-installer\wildfly-8.1.0.Final\standalone\deployments\WEB-INF\lib\52n-wps-xml-1.0.0.jar;C:\Users\ezzjfr\Downloads\uncertml-bundle\uncertml.jar;C:\jbpm-installer\wildfly-8.1.0.Final\standalone\deployments\WEB-INF\lib\52n-wps-io-geotools-3.3.0.jar;C:\jbpm-installer\wildfly-8.1.0.Final\standalone\deployments\WEB-INF\lib\52n-wps-client-lib-3.3.0.jar;C:\Users\ezzjfr\.m2\repository\org\jbpm\jbpm-flow\6.1.0.Final\jbpm-flow-6.1.0.Final.jar;C:\Users\ezzjfr\.m2\repository\org\kie\kie-api\6.1.0.Final\kie-api-6.1.0.Final.jar;C:\Users\ezzjfr\.m2\repository\org\drools\drools-core\6.1.0.Final\drools-core-6.1.0.Final.jar;C:\Users\ezzjfr\.m2\repository\org\kie\kie-internal\6.1.0.Final\kie-internal-6.1.0.Final.jar;C:\Users\ezzjfr\.m2\repository\com\google\protobuf\protobuf-java\2.5.0\protobuf-java-2.5.0.jar;C:\Users\ezzjfr\.m2\repository\joda-time\joda-time\1.6.2\joda-time-1.6.2.jar;C:\Users\ezzjfr\.m2\repository\org\jbpm\jbpm-test\6.1.0.Final\jbpm-test-6.1.0.Final.jar;C:\Users\ezzjfr\.m2\repository\org\jbpm\jbpm-audit\6.1.0.Final\jbpm-audit-6.1.0.Final.jar;C:\Users\ezzjfr\.m2\repository\org\jbpm\jbpm-human-task-workitems\6.1.0.Final\jbpm-human-task-workitems-6.1.0.Final.jar;C:\Users\ezzjfr\.m2\repository\org\jbpm\jbpm-shared-services\6.1.0.Final\jbpm-shared-services-6.1.0.Final.jar;C:\Users\ezzjfr\.m2\repository\org\jboss\solder\solder-api\3.2.1.Final\solder-api-3.2.1.Final.jar;C:\Users\ezzjfr\.m2\repository\org\jboss\solder\solder-logging\3.2.1.Final\solder-logging-3.2.1.Final.jar;C:\Users\ezzjfr\.m2\repository\org\jboss\weld\weld-core\1.1.21.Final\weld-core-1.1.21.Final.jar;C:\Users\ezzjfr\.m2\repository\org\jboss\weld\weld-api\1.1.Final\weld-api-1.1.Final.jar;C:\Users\ezzjfr\.m2\repository\org\jboss\weld\weld-spi\1.1.Final\wel
Launcher Type: SUN_STANDARD

Environment Variables:
JAVA_HOME=C:\Program Files\Java\jdk1.8.0_25
JRE_HOME=C:\Program Files\Java\jre1.8.0_51
PATH=C:/Program Files/Java/jre1.8.0_51/bin/server;C:/Program Files/Java/jre1.8.0_51/bin;C:/Program Files/Java/jre1.8.0_51/lib/amd64;C:\gradle-2.10\bin;C:\Program Files\Common Files\Microsoft Shared\Windows Live;C:\Program Files (x86)\Common Files\Microsoft Shared\Windows Live;C:\Python27\;C:\Python27\Scripts;C:\ProgramData\Oracle\Java\javapath;C:\WINDOWS\system32;C:\WINDOWS;C:\WINDOWS\System32\Wbem;C:\WINDOWS\System32\WindowsPowerShell\v1.0\;C:\WINDOWS\System32\WindowsPowerShell\v1.0\;C:\Program Files (x86)\Enterprise Vault\EVClient\x64\;C:\Program Files\MATLAB\R2014a\bin;C:\osm2pgsql\x64;C:\apache-ant-1.9.4\bin;C:\Program Files\Java\jdk1.8.0_25\bin;C:\Python25;C:\Program Files (x86)\Windows Live\Shared;C:\Program Files\Intel\WiFi\bin\;C:\Program Files\Common Files\Intel\WirelessCommon\;C:\Program Files\Microsoft\Web Platform Installer\;C:\Program Files (x86)\Git\bin;C:\Program Files\nodejs\;C:\Program Files (x86)\Skype\Phone\;C:\Program Files\Intel\WiFi\bin\;C:\Program Files\Common Files\Intel\WirelessCommon\;C:\Users\ezzjfr\AppData\Roaming\npm;c:\jbpm-installer;
USERNAME=ezzjfr
OS=Windows_NT
PROCESSOR_IDENTIFIER=Intel64 Family 6 Model 60 Stepping 3, GenuineIntel



---------------  S Y S T E M  ---------------

OS: Windows 7 , 64 bit Build 7601 Service Pack 1

CPU:total 4 (2 cores per cpu, 2 threads per core) family 6 model 60 stepping 3, cmov, cx8, fxsr, mmx, sse, sse2, sse3, ssse3, sse4.1, sse4.2, popcnt, avx, avx2, clmul, erms, lzcnt, ht, tsc, tscinvbit, bmi1, bmi2

Memory: 4k page, physical 8102820k(895864k free), swap 9388940k(4936k free)

vm_info: Java HotSpot(TM) 64-Bit Server VM (25.25-b02) for windows-amd64 JRE (1.8.0_25-b18), built on Oct  7 2014 14:25:37 by "java_re" with MS VC++ 10.0 (VS2010)

time: Mon Aug 15 16:11:38 2016
elapsed time: 4 seconds (0d 0h 0m 4s)

