#
# There is insufficient memory for the Java Runtime Environment to continue.
# Native memory allocation (malloc) failed to allocate 32744 bytes for ChunkPool::allocate
# Possible reasons:
#   The system is out of physical RAM or swap space
#   In 32 bit mode, the process size limit was hit
# Possible solutions:
#   Reduce memory load on the system
#   Increase physical memory or swap space
#   Check if swap backing store is full
#   Use 64 bit Java on a 64 bit OS
#   Decrease Java heap size (-Xmx/-Xms)
#   Decrease number of Java threads
#   Decrease Java thread stack sizes (-Xss)
#   Set larger code cache with -XX:ReservedCodeCacheSize=
# This output file may be truncated or incomplete.
#
#  Out of Memory Error (allocation.cpp:273), pid=8328, tid=5436
#
# JRE version: Java(TM) SE Runtime Environment (8.0_51-b16) (build 1.8.0_51-b16)
# Java VM: Java HotSpot(TM) 64-Bit Server VM (25.51-b03 mixed mode windows-amd64 compressed oops)
# Failed to write core dump. Minidumps are not enabled by default on client versions of Windows
#

---------------  T H R E A D  ---------------

Current thread (0x00000000577dc000):  JavaThread "C1 CompilerThread2" daemon [_thread_in_native, id=5436, stack(0x00000000593d0000,0x00000000594d0000)]

Stack: [0x00000000593d0000,0x00000000594d0000]
Native frames: (J=compiled Java code, j=interpreted, Vv=VM code, C=native code)
V  [jvm.dll+0x32b4ca]


Current CompileTask:
C1:   8631 4500       2      
[error occurred during error reporting (printing current compile task), id 0xe0000001]


---------------  P R O C E S S  ---------------

Java Threads: ( => current thread )
  0x00000000589ee800 JavaThread "Service Thread" daemon [_thread_blocked, id=11640, stack(0x0000000059660000,0x0000000059760000)]
=>0x00000000577dc000 JavaThread "C1 CompilerThread2" daemon [_thread_in_native, id=5436, stack(0x00000000593d0000,0x00000000594d0000)]
  0x000000005898b800 JavaThread "C2 CompilerThread1" daemon [_thread_in_native, id=5760, stack(0x00000000592a0000,0x00000000593a0000)]
  0x0000000058989800 JavaThread "C2 CompilerThread0" daemon [_thread_in_native, id=11476, stack(0x0000000059170000,0x0000000059270000)]
  0x0000000058987000 JavaThread "Attach Listener" daemon [_thread_blocked, id=11436, stack(0x0000000058f20000,0x0000000059020000)]
  0x0000000058984800 JavaThread "Signal Dispatcher" daemon [_thread_blocked, id=8756, stack(0x0000000058d90000,0x0000000058e90000)]
  0x0000000057782000 JavaThread "Finalizer" daemon [_thread_blocked, id=8020, stack(0x0000000058510000,0x0000000058610000)]
  0x000000005777b000 JavaThread "Reference Handler" daemon [_thread_blocked, id=3112, stack(0x0000000058880000,0x0000000058980000)]
  0x0000000002282000 JavaThread "main" [_thread_in_vm, id=11312, stack(0x0000000002610000,0x0000000002710000)]

Other Threads:
  0x0000000057775800 VMThread [stack: 0x0000000058690000,0x0000000058790000] [id=11868]
  0x0000000058a0c800 WatcherThread [stack: 0x0000000059520000,0x0000000059620000] [id=3640]

VM state:not at safepoint (normal execution)

VM Mutex/Monitor currently owned by a thread: None

Heap:
 PSYoungGen      total 135680K, used 79115K [0x00000000d6c00000, 0x00000000dfb00000, 0x0000000100000000)
  eden space 125952K, 62% used [0x00000000d6c00000,0x00000000db942d40,0x00000000de700000)
  from space 9728K, 0% used [0x00000000de700000,0x00000000de700000,0x00000000df080000)
  to   space 8704K, 0% used [0x00000000df080000,0x00000000df080000,0x00000000df900000)
 ParOldGen       total 69120K, used 20486K [0x0000000084400000, 0x0000000088780000, 0x00000000d6c00000)
  object space 69120K, 29% used [0x0000000084400000,0x0000000085801ad8,0x0000000088780000)
 Metaspace       used 29839K, capacity 30440K, committed 30848K, reserved 1075200K
  class space    used 3845K, capacity 4151K, committed 4224K, reserved 1048576K

Card table byte_map: [0x0000000011da0000,0x0000000012180000] byte_map_base: 0x000000001197e000

Marking Bits: (ParMarkBitMap*) 0x00000000703e4040
 Begin Bits: [0x0000000012c20000, 0x0000000014b10000)
 End Bits:   [0x0000000014b10000, 0x0000000016a00000)

Polling page: 0x0000000000150000

CodeCache: size=245760Kb used=14944Kb max_used=14944Kb free=230815Kb
 bounds [0x00000000029e0000, 0x0000000003880000, 0x00000000119e0000]
 total_blobs=4840 nmethods=4423 adapters=328
 compilation: enabled

Compilation events (10 events):
Event: 8.592 Thread 0x00000000577dc000 nmethod 4493 0x0000000003878a50 code [0x0000000003878ba0, 0x0000000003878d10]
Event: 8.621 Thread 0x00000000577dc000 4497       2       org.apache.xerces.impl.xs.traversers.XSDAbstractTraverser::traverseAttrsAndAttrGrps (625 bytes)
Event: 8.625 Thread 0x00000000577dc000 nmethod 4497 0x0000000003878d90 code [0x0000000003879140, 0x000000000387ab18]
Event: 8.625 Thread 0x00000000577dc000 4501       2       org.apache.xerces.impl.xs.XSAttributeGroupDecl::removeProhibitedAttrs (210 bytes)
Event: 8.625 Thread 0x00000000577dc000 nmethod 4501 0x000000000387c8d0 code [0x000000000387ca60, 0x000000000387cfb0]
Event: 8.625 Thread 0x00000000577dc000 4498       2       org.apache.xerces.impl.xs.XSComplexTypeDecl::<init> (65 bytes)
Event: 8.626 Thread 0x00000000577dc000 nmethod 4498 0x000000000387d490 code [0x000000000387d5e0, 0x000000000387d7f0]
Event: 8.626 Thread 0x00000000577dc000 4499       2       org.apache.xerces.impl.xs.XSComplexTypeDecl::setName (6 bytes)
Event: 8.626 Thread 0x00000000577dc000 nmethod 4499 0x000000000387d890 code [0x000000000387d9e0, 0x000000000387db50]
Event: 8.626 Thread 0x00000000577dc000 4500       2       org.apache.xerces.impl.xs.traversers.XSDComplexTypeTraverser::processComplexContent (530 bytes)

GC Heap History (10 events):
Event: 4.395 GC heap before
{Heap before GC invocations=6 (full 0):
 PSYoungGen      total 68608K, used 68603K [0x00000000d6c00000, 0x00000000df900000, 0x0000000100000000)
  eden space 63488K, 100% used [0x00000000d6c00000,0x00000000daa00000,0x00000000daa00000)
  from space 5120K, 99% used [0x00000000daa00000,0x00000000daefee38,0x00000000daf00000)
  to   space 8704K, 0% used [0x00000000df080000,0x00000000df080000,0x00000000df900000)
 ParOldGen       total 84992K, used 5315K [0x0000000084400000, 0x0000000089700000, 0x00000000d6c00000)
  object space 84992K, 6% used [0x0000000084400000,0x0000000084930f78,0x0000000089700000)
 Metaspace       used 16683K, capacity 16878K, committed 17152K, reserved 1064960K
  class space    used 2133K, capacity 2180K, committed 2304K, reserved 1048576K
Event: 4.410 GC heap after
Heap after GC invocations=6 (full 0):
 PSYoungGen      total 134656K, used 8331K [0x00000000d6c00000, 0x00000000dfb00000, 0x0000000100000000)
  eden space 125952K, 0% used [0x00000000d6c00000,0x00000000d6c00000,0x00000000de700000)
  from space 8704K, 95% used [0x00000000df080000,0x00000000df8a2e48,0x00000000df900000)
  to   space 9728K, 0% used [0x00000000de700000,0x00000000de700000,0x00000000df080000)
 ParOldGen       total 84992K, used 5323K [0x0000000084400000, 0x0000000089700000, 0x00000000d6c00000)
  object space 84992K, 6% used [0x0000000084400000,0x0000000084932f78,0x0000000089700000)
 Metaspace       used 16683K, capacity 16878K, committed 17152K, reserved 1064960K
  class space    used 2133K, capacity 2180K, committed 2304K, reserved 1048576K
}
Event: 5.309 GC heap before
{Heap before GC invocations=7 (full 0):
 PSYoungGen      total 134656K, used 134283K [0x00000000d6c00000, 0x00000000dfb00000, 0x0000000100000000)
  eden space 125952K, 100% used [0x00000000d6c00000,0x00000000de700000,0x00000000de700000)
  from space 8704K, 95% used [0x00000000df080000,0x00000000df8a2e48,0x00000000df900000)
  to   space 9728K, 0% used [0x00000000de700000,0x00000000de700000,0x00000000df080000)
 ParOldGen       total 84992K, used 5323K [0x0000000084400000, 0x0000000089700000, 0x00000000d6c00000)
  object space 84992K, 6% used [0x0000000084400000,0x0000000084932f78,0x0000000089700000)
 Metaspace       used 17092K, capacity 17286K, committed 17664K, reserved 1064960K
  class space    used 2136K, capacity 2184K, committed 2304K, reserved 1048576K
Event: 5.346 GC heap after
Heap after GC invocations=7 (full 0):
 PSYoungGen      total 135680K, used 9728K [0x00000000d6c00000, 0x00000000dfb00000, 0x0000000100000000)
  eden space 125952K, 0% used [0x00000000d6c00000,0x00000000d6c00000,0x00000000de700000)
  from space 9728K, 100% used [0x00000000de700000,0x00000000df080000,0x00000000df080000)
  to   space 8704K, 0% used [0x00000000df080000,0x00000000df080000,0x00000000df900000)
 ParOldGen       total 84992K, used 8609K [0x0000000084400000, 0x0000000089700000, 0x00000000d6c00000)
  object space 84992K, 10% used [0x0000000084400000,0x0000000084c685b8,0x0000000089700000)
 Metaspace       used 17092K, capacity 17286K, committed 17664K, reserved 1064960K
  class space    used 2136K, capacity 2184K, committed 2304K, reserved 1048576K
}
Event: 6.525 GC heap before
{Heap before GC invocations=8 (full 0):
 PSYoungGen      total 135680K, used 135680K [0x00000000d6c00000, 0x00000000dfb00000, 0x0000000100000000)
  eden space 125952K, 100% used [0x00000000d6c00000,0x00000000de700000,0x00000000de700000)
  from space 9728K, 100% used [0x00000000de700000,0x00000000df080000,0x00000000df080000)
  to   space 8704K, 0% used [0x00000000df080000,0x00000000df080000,0x00000000df900000)
 ParOldGen       total 84992K, used 8609K [0x0000000084400000, 0x0000000089700000, 0x00000000d6c00000)
  object space 84992K, 10% used [0x0000000084400000,0x0000000084c685b8,0x0000000089700000)
 Metaspace       used 19865K, capacity 20038K, committed 20352K, reserved 1067008K
  class space    used 2527K, capacity 2568K, committed 2688K, reserved 1048576K
Event: 6.548 GC heap after
Heap after GC invocations=8 (full 0):
 PSYoungGen      total 134656K, used 8673K [0x00000000d6c00000, 0x00000000dfb00000, 0x0000000100000000)
  eden space 125952K, 0% used [0x00000000d6c00000,0x00000000d6c00000,0x00000000de700000)
  from space 8704K, 99% used [0x00000000df080000,0x00000000df8f8698,0x00000000df900000)
  to   space 9728K, 0% used [0x00000000de700000,0x00000000de700000,0x00000000df080000)
 ParOldGen       total 84992K, used 16249K [0x0000000084400000, 0x0000000089700000, 0x00000000d6c00000)
  object space 84992K, 19% used [0x0000000084400000,0x00000000853de698,0x0000000089700000)
 Metaspace       used 19865K, capacity 20038K, committed 20352K, reserved 1067008K
  class space    used 2527K, capacity 2568K, committed 2688K, reserved 1048576K
}
Event: 6.694 GC heap before
{Heap before GC invocations=9 (full 0):
 PSYoungGen      total 134656K, used 22265K [0x00000000d6c00000, 0x00000000dfb00000, 0x0000000100000000)
  eden space 125952K, 10% used [0x00000000d6c00000,0x00000000d7945ee8,0x00000000de700000)
  from space 8704K, 99% used [0x00000000df080000,0x00000000df8f8698,0x00000000df900000)
  to   space 9728K, 0% used [0x00000000de700000,0x00000000de700000,0x00000000df080000)
 ParOldGen       total 84992K, used 16249K [0x0000000084400000, 0x0000000089700000, 0x00000000d6c00000)
  object space 84992K, 19% used [0x0000000084400000,0x00000000853de698,0x0000000089700000)
 Metaspace       used 20926K, capacity 21094K, committed 21248K, reserved 1067008K
  class space    used 2675K, capacity 2728K, committed 2816K, reserved 1048576K
Event: 6.705 GC heap after
Heap after GC invocations=9 (full 0):
 PSYoungGen      total 135680K, used 7862K [0x00000000d6c00000, 0x00000000dfb00000, 0x0000000100000000)
  eden space 125952K, 0% used [0x00000000d6c00000,0x00000000d6c00000,0x00000000de700000)
  from space 9728K, 80% used [0x00000000de700000,0x00000000deead880,0x00000000df080000)
  to   space 8704K, 0% used [0x00000000df080000,0x00000000df080000,0x00000000df900000)
 ParOldGen       total 84992K, used 18601K [0x0000000084400000, 0x0000000089700000, 0x00000000d6c00000)
  object space 84992K, 21% used [0x0000000084400000,0x000000008562a750,0x0000000089700000)
 Metaspace       used 20926K, capacity 21094K, committed 21248K, reserved 1067008K
  class space    used 2675K, capacity 2728K, committed 2816K, reserved 1048576K
}
Event: 6.705 GC heap before
{Heap before GC invocations=10 (full 1):
 PSYoungGen      total 135680K, used 7862K [0x00000000d6c00000, 0x00000000dfb00000, 0x0000000100000000)
  eden space 125952K, 0% used [0x00000000d6c00000,0x00000000d6c00000,0x00000000de700000)
  from space 9728K, 80% used [0x00000000de700000,0x00000000deead880,0x00000000df080000)
  to   space 8704K, 0% used [0x00000000df080000,0x00000000df080000,0x00000000df900000)
 ParOldGen       total 84992K, used 18601K [0x0000000084400000, 0x0000000089700000, 0x00000000d6c00000)
  object space 84992K, 21% used [0x0000000084400000,0x000000008562a750,0x0000000089700000)
 Metaspace       used 20926K, capacity 21094K, committed 21248K, reserved 1067008K
  class space    used 2675K, capacity 2728K, committed 2816K, reserved 1048576K
Event: 6.839 GC heap after
Heap after GC invocations=10 (full 1):
 PSYoungGen      total 135680K, used 0K [0x00000000d6c00000, 0x00000000dfb00000, 0x0000000100000000)
  eden space 125952K, 0% used [0x00000000d6c00000,0x00000000d6c00000,0x00000000de700000)
  from space 9728K, 0% used [0x00000000de700000,0x00000000de700000,0x00000000df080000)
  to   space 8704K, 0% used [0x00000000df080000,0x00000000df080000,0x00000000df900000)
 ParOldGen       total 69120K, used 20486K [0x0000000084400000, 0x0000000088780000, 0x00000000d6c00000)
  object space 69120K, 29% used [0x0000000084400000,0x0000000085801ad8,0x0000000088780000)
 Metaspace       used 20926K, capacity 21094K, committed 21248K, reserved 1067008K
  class space    used 2675K, capacity 2728K, committed 2816K, reserved 1048576K
}

Deoptimization events (10 events):
Event: 7.551 Thread 0x0000000002282000 Uncommon trap: reason=class_check action=maybe_recompile pc=0x00000000030b82dc method=java.util.Hashtable.put(Ljava/lang/Object;Ljava/lang/Object;)Ljava/lang/Object; @ 18
Event: 7.568 Thread 0x0000000002282000 Uncommon trap: reason=class_check action=maybe_recompile pc=0x00000000030b82dc method=java.util.Hashtable.put(Ljava/lang/Object;Ljava/lang/Object;)Ljava/lang/Object; @ 18
Event: 7.572 Thread 0x0000000002282000 Uncommon trap: reason=class_check action=maybe_recompile pc=0x00000000030b82dc method=java.util.Hashtable.put(Ljava/lang/Object;Ljava/lang/Object;)Ljava/lang/Object; @ 18
Event: 7.572 Thread 0x0000000002282000 Uncommon trap: reason=class_check action=maybe_recompile pc=0x00000000030b82dc method=java.util.Hashtable.put(Ljava/lang/Object;Ljava/lang/Object;)Ljava/lang/Object; @ 18
Event: 7.652 Thread 0x0000000002282000 Uncommon trap: reason=unstable_if action=reinterpret pc=0x0000000003122f70 method=java.util.Hashtable$Enumerator.nextElement()Ljava/lang/Object; @ 87
Event: 7.820 Thread 0x0000000002282000 Uncommon trap: reason=unstable_if action=reinterpret pc=0x00000000030f51ec method=java.util.regex.Pattern.range(Ljava/util/regex/Pattern$BitClass;)Ljava/util/regex/Pattern$CharProperty; @ 19
Event: 7.822 Thread 0x0000000002282000 Uncommon trap: reason=unstable_if action=reinterpret pc=0x000000000303feac method=java.util.regex.Pattern.range(Ljava/util/regex/Pattern$BitClass;)Ljava/util/regex/Pattern$CharProperty; @ 19
Event: 7.822 Thread 0x0000000002282000 Uncommon trap: reason=bimorphic action=maybe_recompile pc=0x00000000030ceb08 method=java.util.regex.Pattern$CharProperty.study(Ljava/util/regex/Pattern$TreeInfo;)Z @ 25
Event: 7.941 Thread 0x0000000002282000 Uncommon trap: reason=bimorphic action=maybe_recompile pc=0x00000000030ceb08 method=java.util.regex.Pattern$CharProperty.study(Ljava/util/regex/Pattern$TreeInfo;)Z @ 25
Event: 7.950 Thread 0x0000000002282000 Uncommon trap: reason=unstable_if action=reinterpret pc=0x00000000032cbe20 method=java.util.StringTokenizer.setMaxDelimCodePoint()V @ 71

Internal exceptions (10 events):
Event: 8.546 Thread 0x0000000002282000 Exception <a 'java/io/FileNotFoundException'> (0x00000000db487dc0) thrown at [C:\re\workspace\8-2-build-windows-amd64-cygwin\jdk8u51\3951\hotspot\src\share\vm\prims\jni.cpp, line 709]
Event: 8.547 Thread 0x0000000002282000 Exception <a 'java/io/FileNotFoundException'> (0x00000000db494228) thrown at [C:\re\workspace\8-2-build-windows-amd64-cygwin\jdk8u51\3951\hotspot\src\share\vm\prims\jni.cpp, line 709]
Event: 8.548 Thread 0x0000000002282000 Exception <a 'java/io/FileNotFoundException'> (0x00000000db4a3f58) thrown at [C:\re\workspace\8-2-build-windows-amd64-cygwin\jdk8u51\3951\hotspot\src\share\vm\prims\jni.cpp, line 709]
Event: 8.552 Thread 0x0000000002282000 Exception <a 'java/io/FileNotFoundException'> (0x00000000db4e1dd8) thrown at [C:\re\workspace\8-2-build-windows-amd64-cygwin\jdk8u51\3951\hotspot\src\share\vm\prims\jni.cpp, line 709]
Event: 8.579 Thread 0x0000000002282000 Exception <a 'java/io/FileNotFoundException'> (0x00000000db688050) thrown at [C:\re\workspace\8-2-build-windows-amd64-cygwin\jdk8u51\3951\hotspot\src\share\vm\prims\jni.cpp, line 709]
Event: 8.581 Thread 0x0000000002282000 Exception <a 'java/io/FileNotFoundException'> (0x00000000db69f040) thrown at [C:\re\workspace\8-2-build-windows-amd64-cygwin\jdk8u51\3951\hotspot\src\share\vm\prims\jni.cpp, line 709]
Event: 8.583 Thread 0x0000000002282000 Exception <a 'java/io/FileNotFoundException'> (0x00000000db6b00c8) thrown at [C:\re\workspace\8-2-build-windows-amd64-cygwin\jdk8u51\3951\hotspot\src\share\vm\prims\jni.cpp, line 709]
Event: 8.587 Thread 0x0000000002282000 Exception <a 'java/io/FileNotFoundException'> (0x00000000db6bc530) thrown at [C:\re\workspace\8-2-build-windows-amd64-cygwin\jdk8u51\3951\hotspot\src\share\vm\prims\jni.cpp, line 709]
Event: 8.589 Thread 0x0000000002282000 Exception <a 'java/io/FileNotFoundException'> (0x00000000db6cc260) thrown at [C:\re\workspace\8-2-build-windows-amd64-cygwin\jdk8u51\3951\hotspot\src\share\vm\prims\jni.cpp, line 709]
Event: 8.623 Thread 0x0000000002282000 Exception <a 'java/io/FileNotFoundException'> (0x00000000db70a840) thrown at [C:\re\workspace\8-2-build-windows-amd64-cygwin\jdk8u51\3951\hotspot\src\share\vm\prims\jni.cpp, line 709]

Events (10 events):
Event: 8.570 loading class org/drools/compiler/compiler/DuplicateProcess
Event: 8.570 loading class org/drools/compiler/compiler/DuplicateProcess done
Event: 8.571 loading class org/drools/compiler/compiler/ConfigurableSeverityResult
Event: 8.571 loading class org/drools/compiler/compiler/ConfigurableSeverityResult done
Event: 8.572 loading class org/kie/internal/builder/conf/AccumulateFunctionOption
Event: 8.572 loading class org/kie/internal/builder/conf/AccumulateFunctionOption done
Event: 8.573 loading class org/kie/internal/builder/conf/EvaluatorOption
Event: 8.573 loading class org/kie/internal/builder/conf/EvaluatorOption done
Event: 8.574 loading class org/kie/internal/builder/ResultSeverity
Event: 8.574 loading class org/kie/internal/builder/ResultSeverity done


Dynamic libraries:
0x000000013fe10000 - 0x000000013fe47000 	C:\Program Files\Java\jre1.8.0_51\bin\javaw.exe
0x0000000077080000 - 0x000000007722a000 	C:\WINDOWS\SYSTEM32\ntdll.dll
0x0000000076e60000 - 0x0000000076f7f000 	C:\WINDOWS\system32\kernel32.dll
0x000007fefcee0000 - 0x000007fefcf4b000 	C:\WINDOWS\system32\KERNELBASE.dll
0x000007feff2b0000 - 0x000007feff38b000 	C:\WINDOWS\system32\ADVAPI32.dll
0x000007fefe9f0000 - 0x000007fefea8f000 	C:\WINDOWS\system32\msvcrt.dll
0x000007fefd1c0000 - 0x000007fefd1df000 	C:\WINDOWS\SYSTEM32\sechost.dll
0x000007fefe8c0000 - 0x000007fefe9ed000 	C:\WINDOWS\system32\RPCRT4.dll
0x0000000076f80000 - 0x000000007707a000 	C:\WINDOWS\system32\USER32.dll
0x000007fefef10000 - 0x000007fefef77000 	C:\WINDOWS\system32\GDI32.dll
0x000007fefee30000 - 0x000007fefee3e000 	C:\WINDOWS\system32\LPK.dll
0x000007fefee40000 - 0x000007fefef0a000 	C:\WINDOWS\system32\USP10.dll
0x000007fefb250000 - 0x000007fefb444000 	C:\WINDOWS\WinSxS\amd64_microsoft.windows.common-controls_6595b64144ccf1df_6.0.7601.18837_none_fa3b1e3d17594757\COMCTL32.dll
0x000007fefebd0000 - 0x000007fefec41000 	C:\WINDOWS\system32\SHLWAPI.dll
0x000007fefeba0000 - 0x000007fefebce000 	C:\WINDOWS\system32\IMM32.DLL
0x000007fefd1e0000 - 0x000007fefd2e9000 	C:\WINDOWS\system32\MSCTF.dll
0x0000000074b60000 - 0x0000000074b99000 	C:\PROGRA~2\Sophos\SOPHOS~1\SOPHOS~2.DLL
0x0000000077250000 - 0x0000000077257000 	C:\WINDOWS\system32\PSAPI.DLL
0x0000000067410000 - 0x00000000674e2000 	C:\Program Files\Java\jre1.8.0_51\bin\msvcr100.dll
0x000000006fbe0000 - 0x0000000070463000 	C:\Program Files\Java\jre1.8.0_51\bin\server\jvm.dll
0x000007fef7ac0000 - 0x000007fef7ac9000 	C:\WINDOWS\system32\WSOCK32.dll
0x000007fefe660000 - 0x000007fefe6ad000 	C:\WINDOWS\system32\WS2_32.dll
0x000007fefeb30000 - 0x000007fefeb38000 	C:\WINDOWS\system32\NSI.dll
0x000007fefaa50000 - 0x000007fefaa8b000 	C:\WINDOWS\system32\WINMM.dll
0x000007fefbf30000 - 0x000007fefbf3c000 	C:\WINDOWS\system32\VERSION.dll
0x000000006df90000 - 0x000000006df9f000 	C:\Program Files\Java\jre1.8.0_51\bin\verify.dll
0x000000006df60000 - 0x000000006df89000 	C:\Program Files\Java\jre1.8.0_51\bin\java.dll
0x000000006df40000 - 0x000000006df56000 	C:\Program Files\Java\jre1.8.0_51\bin\zip.dll
0x000007fefd8d0000 - 0x000007fefe65a000 	C:\WINDOWS\system32\SHELL32.dll
0x000007fefe6b0000 - 0x000007fefe8b3000 	C:\WINDOWS\system32\ole32.dll
0x000007fefce10000 - 0x000007fefce1f000 	C:\WINDOWS\system32\profapi.dll
0x000007fefcc40000 - 0x000007fefcc97000 	C:\WINDOWS\system32\apphelp.dll
0x000000006df10000 - 0x000000006df2a000 	C:\Program Files\Java\jre1.8.0_51\bin\net.dll
0x000007fefbf40000 - 0x000007fefbf6f000 	C:\ProgramData\Sophos\Web Intelligence\swi_ifslsp_64.dll
0x000007fefc5e0000 - 0x000007fefc635000 	C:\WINDOWS\system32\mswsock.dll
0x000007fefc5d0000 - 0x000007fefc5d7000 	C:\WINDOWS\System32\wship6.dll
0x000000006dcc0000 - 0x000000006dcd1000 	C:\Program Files\Java\jre1.8.0_51\bin\nio.dll

VM Arguments:
jvm_args: -Dfile.encoding=UTF-8 
java_command: metaworkflows.test.Local_MetaworkflowsGeoServerProcessChainTest
java_class_path (initial): C:\jbpm-installer\workspace\workflow-at\jbpm-WPS-client\target\classes;C:\jbpm-installer\eclipse\plugins\org.junit_4.11.0.v201303080030\junit.jar;C:\jbpm-installer\eclipse\plugins\org.hamcrest.core_1.3.0.v201303031735.jar;C:\jbpm-installer\workspace\geonetwork-manager\target\classes;C:\jbpm-installer\workspace\geonetwork-manager\target\test-classes;C:\Users\ezzjfr\.m2\repository\commons-io\commons-io\2.4\commons-io-2.4.jar;C:\Users\ezzjfr\.m2\repository\commons-httpclient\commons-httpclient\3.1\commons-httpclient-3.1.jar;C:\Users\ezzjfr\.m2\repository\commons-logging\commons-logging\1.0.4\commons-logging-1.0.4.jar;C:\Users\ezzjfr\.m2\repository\commons-codec\commons-codec\1.2\commons-codec-1.2.jar;C:\Users\ezzjfr\.m2\repository\org\jdom\jdom\1.1.3\jdom-1.1.3.jar;C:\Users\ezzjfr\.m2\repository\log4j\log4j\1.2.17\log4j-1.2.17.jar;C:\Users\ezzjfr\.m2\repository\junit\junit\4.8.2\junit-4.8.2.jar;C:\Users\ezzjfr\.m2\repository\org\springframework\spring-core\2.5.6.SEC02\spring-core-2.5.6.SEC02.jar;C:\Users\ezzjfr\.m2\repository\org\jbpm\jbpm-flow\6.1.0.Final\jbpm-flow-6.1.0.Final.jar;C:\Users\ezzjfr\.m2\repository\org\kie\kie-api\6.1.0.Final\kie-api-6.1.0.Final.jar;C:\Users\ezzjfr\.m2\repository\org\drools\drools-core\6.1.0.Final\drools-core-6.1.0.Final.jar;C:\Users\ezzjfr\.m2\repository\org\kie\kie-internal\6.1.0.Final\kie-internal-6.1.0.Final.jar;C:\Users\ezzjfr\.m2\repository\com\google\protobuf\protobuf-java\2.5.0\protobuf-java-2.5.0.jar;C:\Users\ezzjfr\.m2\repository\joda-time\joda-time\1.6.2\joda-time-1.6.2.jar;C:\Users\ezzjfr\.m2\repository\org\jbpm\jbpm-test\6.1.0.Final\jbpm-test-6.1.0.Final.jar;C:\Users\ezzjfr\.m2\repository\org\jbpm\jbpm-audit\6.1.0.Final\jbpm-audit-6.1.0.Final.jar;C:\Users\ezzjfr\.m2\repository\org\jbpm\jbpm-human-task-workitems\6.1.0.Final\jbpm-human-task-workitems-6.1.0.Final.jar;C:\Users\ezzjfr\.m2\repository\org\jbpm\jbpm-shared-services\6.1.0.Final\jbpm-shared-services-6.1.0.Final.jar;C:\Users\ezzjfr\.m2\repos
Launcher Type: SUN_STANDARD

Environment Variables:
JAVA_HOME=C:\Program Files\Java\jdk1.8.0_25
JRE_HOME=C:\Program Files\Java\jre1.8.0_51
PATH=C:/Program Files/Java/jre1.8.0_51/bin/server;C:/Program Files/Java/jre1.8.0_51/bin;C:/Program Files/Java/jre1.8.0_51/lib/amd64;C:\gradle-2.10\bin;C:\Program Files\Common Files\Microsoft Shared\Windows Live;C:\Program Files (x86)\Common Files\Microsoft Shared\Windows Live;C:\Python27\;C:\Python27\Scripts;C:\ProgramData\Oracle\Java\javapath;C:\WINDOWS\system32;C:\WINDOWS;C:\WINDOWS\System32\Wbem;C:\WINDOWS\System32\WindowsPowerShell\v1.0\;C:\WINDOWS\System32\WindowsPowerShell\v1.0\;C:\Program Files (x86)\Enterprise Vault\EVClient\x64\;C:\Program Files\MATLAB\R2014a\bin;C:\osm2pgsql\x64;C:\apache-ant-1.9.4\bin;C:\Program Files\Java\jdk1.8.0_25\bin;C:\Python25;C:\Program Files (x86)\Windows Live\Shared;C:\Program Files\Microsoft\Web Platform Installer\;C:\Program Files (x86)\Git\bin;C:\Program Files\nodejs\;C:\Program Files (x86)\Skype\Phone\;C:\Program Files (x86)\MiKTeX 2.9\miktex\bin\;C:\Program Files (x86)\LyX 2.2\Perl\bin;C:\Program Files\Intel\WiFi\bin\;C:\Program Files\Common Files\Intel\WirelessCommon\;C:\Users\ezzjfr\AppData\Roaming\npm;C:\Program Files\Intel\WiFi\bin\;C:\Program Files\Common Files\Intel\WirelessCommon\;C:\jbpm-installer;
USERNAME=ezzjfr
OS=Windows_NT
PROCESSOR_IDENTIFIER=Intel64 Family 6 Model 60 Stepping 3, GenuineIntel



---------------  S Y S T E M  ---------------

OS: Windows 7 , 64 bit Build 7601 (6.1.7601.19160)

CPU:total 4 (2 cores per cpu, 2 threads per core) family 6 model 60 stepping 3, cmov, cx8, fxsr, mmx, sse, sse2, sse3, ssse3, sse4.1, sse4.2, popcnt, avx, avx2, clmul, erms, lzcnt, ht, tsc, tscinvbit, bmi1, bmi2

Memory: 4k page, physical 8102456k(722568k free), swap 10854224k(4996k free)

vm_info: Java HotSpot(TM) 64-Bit Server VM (25.51-b03) for windows-amd64 JRE (1.8.0_51-b16), built on Jun  8 2015 18:03:07 by "java_re" with MS VC++ 10.0 (VS2010)

time: Wed Sep 28 12:24:48 2016
elapsed time: 8 seconds (0d 0h 0m 8s)

